This is pdfTeX, Version 3.1415926-2.3-1.40.12 (MiKTeX 2.9) (preloaded format=pdftex 2016.12.13)  13 DEC 2016 08:33
entering extended mode
**G:/project/graduation/gecco2016.bib
(G:/project/graduation/gecco2016.bib [1{F:/Program Files/CTEX/UserData/pdftex/c
onfig/pdftex.map{Unicode.sfd}{UGBK.sfd}}] [2] [3]
Overfull \hbox (8.38492pt too wide) in paragraph at lines 604--612
\tenrm tin-u-ous pa-ram-e-ters, au-thor=Muhlenbein, Heinz and Bendisch, Jurge
n and Voigt, H-M, book-ti-tle=International|

\hbox(6.94444+1.94444)x469.75499, glue set - 1.0
.\tenrm t
.\tenrm i
.\discretionary replacing 2
..\tenrm n
..\tenrm -
.\tenrm n
.\kern-0.27779
.etc.

)
*
! Emergency stop.
<*> G:/project/graduation/gecco2016.bib
                                       
End of file on the terminal!

!  ==> Fatal error occurred, no output PDF file produced!
