This is pdfTeX, Version 3.1415926-2.3-1.40.12 (MiKTeX 2.9) (preloaded format=pdflatex 2015.8.26)  12 DEC 2016 11:00
entering extended mode
**E:/graduation/æ¯•ä¸šè®ºæ–‡.tex
(E:/graduation/æ¯•ä¸šè®ºæ–‡.tex
LaTeX2e <2011/06/27>
Babel <v3.8m> and hyphenation patterns for loaded.
(C:\CTEX\CTeX\tex\ty\tdw.tex
\microdimen=\dimen102
\lengthunit=\dimen103
) (C:\CTEX\MiKTeX\tex\latex\base\article.cls
Document Class: article 2007/10/19 v1.4h Standard LaTeX document class
(C:\CTEX\MiKTeX\tex\latex\base\size12.clo
File: size12.clo 2007/10/19 v1.4h Standard LaTeX file (size option)
)
\c@part=\count79
\c@section=\count80
\c@subsection=\count81
\c@subsubsection=\count82
\c@paragraph=\count83
\c@subparagraph=\count84
\c@figure=\count85
\c@table=\count86
\abovecaptionskip=\skip41
\belowcaptionskip=\skip42
\bibindent=\dimen104
)
(C:\CTEX\MiKTeX\tex\latex\cjk\CJK.sty
Package: CJK 2008/12/29 4.8.2

(C:\CTEX\MiKTeX\tex\latex\cjk\mule\MULEenc.sty
Package: MULEenc 2008/12/29 4.8.2
)
(C:\CTEX\MiKTeX\tex\latex\cjk\CJK.enc
File: CJK.enc 2008/12/29 4.8.2
)
LaTeX Info: Redefining \selectfont on input line 756.
\CJK@indent=\box26
)
(C:\CTEX\MiKTeX\tex\latex\cjk\CJKnumb.sty
Package: CJKnumb 2008/12/29 4.8.2
\CJK@q=\count87
\CJK@r=\count88
)
(C:\CTEX\MiKTeX\tex\latex\bbm\bbm.sty
Package: bbm 1999/03/15 V 1.2 provides fonts for set symbols - TH
LaTeX Font Info:    Overwriting math alphabet `\mathbbm' in version `bold'
(Font)                  U/bbm/m/n --> U/bbm/bx/n on input line 33.
LaTeX Font Info:    Overwriting math alphabet `\mathbbmss' in version `bold'
(Font)                  U/bbmss/m/n --> U/bbmss/bx/n on input line 35.
) (C:\CTEX\MiKTeX\tex\latex\tipa\tipa.sty
Package: tipa 2002/08/08 TIPA version 1.1

(C:\CTEX\MiKTeX\tex\latex\base\fontenc.sty
Package: fontenc 2005/09/27 v1.99g Standard LaTeX package

(C:\CTEX\MiKTeX\tex\latex\tipa\t3enc.def
File: t3enc.def 2001/12/31 T3 encoding
)
(C:\CTEX\MiKTeX\tex\latex\base\ot1enc.def
File: ot1enc.def 2005/09/27 v1.99g Standard LaTeX file
LaTeX Font Info:    Redeclaring font encoding OT1 on input line 43.
)))
(C:\CTEX\MiKTeX\tex\latex\stmaryrd\stmaryrd.sty
Package: stmaryrd 1994/03/03 St Mary's Road symbol package
\symstmry=\mathgroup4
LaTeX Font Info:    Overwriting symbol font `stmry' in version `bold'
(Font)                  U/stmry/m/n --> U/stmry/b/n on input line 89.
)
(C:\CTEX\MiKTeX\tex\latex\base\latexsym.sty
Package: latexsym 1998/08/17 v2.2e Standard LaTeX package (lasy symbols)
\symlasy=\mathgroup5
LaTeX Font Info:    Overwriting symbol font `lasy' in version `bold'
(Font)                  U/lasy/m/n --> U/lasy/b/n on input line 47.
)
(C:\CTEX\MiKTeX\tex\latex\tools\bm.sty
Package: bm 2004/02/26 v1.1c Bold Symbol Support (DPC/FMi)
\symboldoperators=\mathgroup6
\symboldletters=\mathgroup7
\symboldsymbols=\mathgroup8
\symboldstmry=\mathgroup9
LaTeX Font Info:    Redeclaring math alphabet \mathbf on input line 138.
LaTeX Info: Redefining \bm on input line 204.
)
(C:\CTEX\MiKTeX\tex\latex\amsfonts\amsfonts.sty
Package: amsfonts 2009/06/22 v3.00 Basic AMSFonts support
\@emptytoks=\toks14
\symAMSa=\mathgroup10
\symAMSb=\mathgroup11
LaTeX Font Info:    Overwriting math alphabet `\mathfrak' in version `bold'
(Font)                  U/euf/m/n --> U/euf/b/n on input line 96.
)
(C:\CTEX\MiKTeX\tex\latex\amsfonts\amssymb.sty
Package: amssymb 2009/06/22 v3.00
LaTeX Font Info:    Redeclaring math symbol \boxdot on input line 39.
)
(C:\CTEX\MiKTeX\tex\latex\graphics\graphics.sty
Package: graphics 2009/02/05 v1.0o Standard LaTeX Graphics (DPC,SPQR)

(C:\CTEX\MiKTeX\tex\latex\graphics\trig.sty
Package: trig 1999/03/16 v1.09 sin cos tan (DPC)
)
(C:\CTEX\MiKTeX\tex\latex\00miktex\graphics.cfg
File: graphics.cfg 2007/01/18 v1.5 graphics configuration of teTeX/TeXLive
)
Package graphics Info: Driver file: dvips.def on input line 91.

(C:\CTEX\MiKTeX\tex\latex\graphics\dvips.def
File: dvips.def 1999/02/16 v3.0i Driver-dependant file (DPC,SPQR)
))
(C:\CTEX\MiKTeX\tex\latex\jknappen\mathrsfs.sty
Package: mathrsfs 1996/01/01 Math RSFS package v1.0 (jk)
\symrsfs=\mathgroup12
)
(C:\CTEX\MiKTeX\tex\latex\pgf\frontendlayer\tikz.sty
(C:\CTEX\MiKTeX\tex\latex\pgf\basiclayer\pgf.sty
(C:\CTEX\MiKTeX\tex\latex\pgf\utilities\pgfrcs.sty
(C:\CTEX\MiKTeX\tex\generic\pgf\utilities\pgfutil-common.tex
\pgfutil@everybye=\toks15
)
(C:\CTEX\MiKTeX\tex\generic\pgf\utilities\pgfutil-latex.def
\pgfutil@abb=\box27

(C:\CTEX\MiKTeX\tex\latex\ms\everyshi.sty
Package: everyshi 2001/05/15 v3.00 EveryShipout Package (MS)
))
(C:\CTEX\MiKTeX\tex\generic\pgf\utilities\pgfrcs.code.tex
Package: pgfrcs 2010/10/25 v2.10 (rcs-revision 1.24)
))
Package: pgf 2008/01/15 v2.10 (rcs-revision 1.12)

(C:\CTEX\MiKTeX\tex\latex\pgf\basiclayer\pgfcore.sty
(C:\CTEX\MiKTeX\tex\latex\graphics\graphicx.sty
Package: graphicx 1999/02/16 v1.0f Enhanced LaTeX Graphics (DPC,SPQR)

(C:\CTEX\MiKTeX\tex\latex\graphics\keyval.sty
Package: keyval 1999/03/16 v1.13 key=value parser (DPC)
\KV@toks@=\toks16
)
\Gin@req@height=\dimen105
\Gin@req@width=\dimen106
)
(C:\CTEX\MiKTeX\tex\latex\pgf\systemlayer\pgfsys.sty
(C:\CTEX\MiKTeX\tex\generic\pgf\systemlayer\pgfsys.code.tex
Package: pgfsys 2010/06/30 v2.10 (rcs-revision 1.37)

(C:\CTEX\MiKTeX\tex\generic\pgf\utilities\pgfkeys.code.tex
\pgfkeys@pathtoks=\toks17
\pgfkeys@temptoks=\toks18

(C:\CTEX\MiKTeX\tex\generic\pgf\utilities\pgfkeysfiltered.code.tex
\pgfkeys@tmptoks=\toks19
))
\pgf@x=\dimen107
\pgf@y=\dimen108
\pgf@xa=\dimen109
\pgf@ya=\dimen110
\pgf@xb=\dimen111
\pgf@yb=\dimen112
\pgf@xc=\dimen113
\pgf@yc=\dimen114
\w@pgf@writea=\write3
\r@pgf@reada=\read1
\c@pgf@counta=\count89
\c@pgf@countb=\count90
\c@pgf@countc=\count91
\c@pgf@countd=\count92

(C:\CTEX\MiKTeX\tex\generic\pgf\systemlayer\pgf.cfg
File: pgf.cfg 2008/05/14  (rcs-revision 1.7)
)
Package pgfsys Info: Driver file for pgf: pgfsys-dvips.def on input line 900.

(C:\CTEX\MiKTeX\tex\generic\pgf\systemlayer\pgfsys-dvips.def
File: pgfsys-dvips.def 2008/04/03  (rcs-revision 1.20)

(C:\CTEX\MiKTeX\tex\generic\pgf\systemlayer\pgfsys-common-postscript.def
File: pgfsys-common-postscript.def 2008/10/01  (rcs-revision 1.22)
\pgf@objectcount=\count93
)))
(C:\CTEX\MiKTeX\tex\generic\pgf\systemlayer\pgfsyssoftpath.code.tex
File: pgfsyssoftpath.code.tex 2008/07/18  (rcs-revision 1.7)
\pgfsyssoftpath@smallbuffer@items=\count94
\pgfsyssoftpath@bigbuffer@items=\count95
)
(C:\CTEX\MiKTeX\tex\generic\pgf\systemlayer\pgfsysprotocol.code.tex
File: pgfsysprotocol.code.tex 2006/10/16  (rcs-revision 1.4)
))
(C:\CTEX\MiKTeX\tex\latex\xcolor\xcolor.sty
Package: xcolor 2007/01/21 v2.11 LaTeX color extensions (UK)

(C:\CTEX\MiKTeX\tex\latex\00miktex\color.cfg
File: color.cfg 2007/01/18 v1.5 color configuration of teTeX/TeXLive
)
Package xcolor Info: Driver file: pdftex.def on input line 225.

(C:\CTEX\MiKTeX\tex\latex\pdftex-def\pdftex.def
File: pdftex.def 2011/05/27 v0.06d Graphics/color for pdfTeX

(C:\CTEX\MiKTeX\tex\generic\oberdiek\infwarerr.sty
Package: infwarerr 2010/04/08 v1.3 Providing info/warning/message (HO)
)
(C:\CTEX\MiKTeX\tex\generic\oberdiek\ltxcmds.sty
Package: ltxcmds 2011/04/18 v1.20 LaTeX kernel commands for general use (HO)
)
\Gread@gobject=\count96
)
Package xcolor Info: Model `cmy' substituted by `cmy0' on input line 1337.
Package xcolor Info: Model `RGB' extended on input line 1353.
Package xcolor Info: Model `HTML' substituted by `rgb' on input line 1355.
Package xcolor Info: Model `Hsb' substituted by `hsb' on input line 1356.
Package xcolor Info: Model `tHsb' substituted by `hsb' on input line 1357.
Package xcolor Info: Model `HSB' substituted by `hsb' on input line 1358.
Package xcolor Info: Model `Gray' substituted by `gray' on input line 1359.
Package xcolor Info: Model `wave' substituted by `hsb' on input line 1360.
)
(C:\CTEX\MiKTeX\tex\generic\pgf\basiclayer\pgfcore.code.tex
Package: pgfcore 2010/04/11 v2.10 (rcs-revision 1.7)

(C:\CTEX\MiKTeX\tex\generic\pgf\math\pgfmath.code.tex
(C:\CTEX\MiKTeX\tex\generic\pgf\math\pgfmathcalc.code.tex
(C:\CTEX\MiKTeX\tex\generic\pgf\math\pgfmathutil.code.tex)
(C:\CTEX\MiKTeX\tex\generic\pgf\math\pgfmathparser.code.tex
\pgfmath@dimen=\dimen115
\pgfmath@count=\count97
\pgfmath@box=\box28
\pgfmath@toks=\toks20
\pgfmath@stack@operand=\toks21
\pgfmath@stack@operation=\toks22
)
(C:\CTEX\MiKTeX\tex\generic\pgf\math\pgfmathfunctions.code.tex
(C:\CTEX\MiKTeX\tex\generic\pgf\math\pgfmathfunctions.basic.code.tex)
(C:\CTEX\MiKTeX\tex\generic\pgf\math\pgfmathfunctions.trigonometric.code.tex)
(C:\CTEX\MiKTeX\tex\generic\pgf\math\pgfmathfunctions.random.code.tex)
(C:\CTEX\MiKTeX\tex\generic\pgf\math\pgfmathfunctions.comparison.code.tex)
(C:\CTEX\MiKTeX\tex\generic\pgf\math\pgfmathfunctions.base.code.tex)
(C:\CTEX\MiKTeX\tex\generic\pgf\math\pgfmathfunctions.round.code.tex)
(C:\CTEX\MiKTeX\tex\generic\pgf\math\pgfmathfunctions.misc.code.tex)))
(C:\CTEX\MiKTeX\tex\generic\pgf\math\pgfmathfloat.code.tex
\c@pgfmathroundto@lastzeros=\count98
))
(C:\CTEX\MiKTeX\tex\generic\pgf\basiclayer\pgfcorepoints.code.tex
File: pgfcorepoints.code.tex 2010/04/09  (rcs-revision 1.20)
\pgf@picminx=\dimen116
\pgf@picmaxx=\dimen117
\pgf@picminy=\dimen118
\pgf@picmaxy=\dimen119
\pgf@pathminx=\dimen120
\pgf@pathmaxx=\dimen121
\pgf@pathminy=\dimen122
\pgf@pathmaxy=\dimen123
\pgf@xx=\dimen124
\pgf@xy=\dimen125
\pgf@yx=\dimen126
\pgf@yy=\dimen127
\pgf@zx=\dimen128
\pgf@zy=\dimen129
)
(C:\CTEX\MiKTeX\tex\generic\pgf\basiclayer\pgfcorepathconstruct.code.tex
File: pgfcorepathconstruct.code.tex 2010/08/03  (rcs-revision 1.24)
\pgf@path@lastx=\dimen130
\pgf@path@lasty=\dimen131
)
(C:\CTEX\MiKTeX\tex\generic\pgf\basiclayer\pgfcorepathusage.code.tex
File: pgfcorepathusage.code.tex 2008/04/22  (rcs-revision 1.12)
\pgf@shorten@end@additional=\dimen132
\pgf@shorten@start@additional=\dimen133
)
(C:\CTEX\MiKTeX\tex\generic\pgf\basiclayer\pgfcorescopes.code.tex
File: pgfcorescopes.code.tex 2010/09/08  (rcs-revision 1.34)
\pgfpic=\box29
\pgf@hbox=\box30
\pgf@layerbox@main=\box31
\pgf@picture@serial@count=\count99
)
(C:\CTEX\MiKTeX\tex\generic\pgf\basiclayer\pgfcoregraphicstate.code.tex
File: pgfcoregraphicstate.code.tex 2008/04/22  (rcs-revision 1.9)
\pgflinewidth=\dimen134
)
(C:\CTEX\MiKTeX\tex\generic\pgf\basiclayer\pgfcoretransformations.code.tex
File: pgfcoretransformations.code.tex 2009/06/10  (rcs-revision 1.11)
\pgf@pt@x=\dimen135
\pgf@pt@y=\dimen136
\pgf@pt@temp=\dimen137
)
(C:\CTEX\MiKTeX\tex\generic\pgf\basiclayer\pgfcorequick.code.tex
File: pgfcorequick.code.tex 2008/10/09  (rcs-revision 1.3)
)
(C:\CTEX\MiKTeX\tex\generic\pgf\basiclayer\pgfcoreobjects.code.tex
File: pgfcoreobjects.code.tex 2006/10/11  (rcs-revision 1.2)
)
(C:\CTEX\MiKTeX\tex\generic\pgf\basiclayer\pgfcorepathprocessing.code.tex
File: pgfcorepathprocessing.code.tex 2008/10/09  (rcs-revision 1.8)
)
(C:\CTEX\MiKTeX\tex\generic\pgf\basiclayer\pgfcorearrows.code.tex
File: pgfcorearrows.code.tex 2008/04/23  (rcs-revision 1.11)
)
(C:\CTEX\MiKTeX\tex\generic\pgf\basiclayer\pgfcoreshade.code.tex
File: pgfcoreshade.code.tex 2008/11/23  (rcs-revision 1.13)
\pgf@max=\dimen138
\pgf@sys@shading@range@num=\count100
)
(C:\CTEX\MiKTeX\tex\generic\pgf\basiclayer\pgfcoreimage.code.tex
File: pgfcoreimage.code.tex 2010/03/25  (rcs-revision 1.16)

(C:\CTEX\MiKTeX\tex\generic\pgf\basiclayer\pgfcoreexternal.code.tex
File: pgfcoreexternal.code.tex 2010/09/01  (rcs-revision 1.17)
\pgfexternal@startupbox=\box32
))
(C:\CTEX\MiKTeX\tex\generic\pgf\basiclayer\pgfcorelayers.code.tex
File: pgfcorelayers.code.tex 2010/08/27  (rcs-revision 1.2)
)
(C:\CTEX\MiKTeX\tex\generic\pgf\basiclayer\pgfcoretransparency.code.tex
File: pgfcoretransparency.code.tex 2008/01/17  (rcs-revision 1.2)
)
(C:\CTEX\MiKTeX\tex\generic\pgf\basiclayer\pgfcorepatterns.code.tex
File: pgfcorepatterns.code.tex 2009/07/02  (rcs-revision 1.3)
)))
(C:\CTEX\MiKTeX\tex\generic\pgf\modules\pgfmoduleshapes.code.tex
File: pgfmoduleshapes.code.tex 2010/09/09  (rcs-revision 1.13)
\pgfnodeparttextbox=\box33
)
(C:\CTEX\MiKTeX\tex\generic\pgf\modules\pgfmoduleplot.code.tex
File: pgfmoduleplot.code.tex 2010/10/22  (rcs-revision 1.8)
)
(C:\CTEX\MiKTeX\tex\latex\pgf\compatibility\pgfcomp-version-0-65.sty
Package: pgfcomp-version-0-65 2007/07/03 v2.10 (rcs-revision 1.7)
\pgf@nodesepstart=\dimen139
\pgf@nodesepend=\dimen140
)
(C:\CTEX\MiKTeX\tex\latex\pgf\compatibility\pgfcomp-version-1-18.sty
Package: pgfcomp-version-1-18 2007/07/23 v2.10 (rcs-revision 1.1)
))
(C:\CTEX\MiKTeX\tex\latex\pgf\utilities\pgffor.sty
(C:\CTEX\MiKTeX\tex\latex\pgf\utilities\pgfkeys.sty
(C:\CTEX\MiKTeX\tex\generic\pgf\utilities\pgfkeys.code.tex))
(C:\CTEX\MiKTeX\tex\generic\pgf\utilities\pgffor.code.tex
Package: pgffor 2010/03/23 v2.10 (rcs-revision 1.18)
\pgffor@iter=\dimen141
\pgffor@skip=\dimen142
\pgffor@stack=\toks23
\pgffor@toks=\toks24
))
(C:\CTEX\MiKTeX\tex\generic\pgf\frontendlayer\tikz\tikz.code.tex
Package: tikz 2010/10/13 v2.10 (rcs-revision 1.76)

(C:\CTEX\MiKTeX\tex\generic\pgf\libraries\pgflibraryplothandlers.code.tex
File: pgflibraryplothandlers.code.tex 2010/05/31 v2.10 (rcs-revision 1.15)
\pgf@plot@mark@count=\count101
\pgfplotmarksize=\dimen143
)
\tikz@lastx=\dimen144
\tikz@lasty=\dimen145
\tikz@lastxsaved=\dimen146
\tikz@lastysaved=\dimen147
\tikzleveldistance=\dimen148
\tikzsiblingdistance=\dimen149
\tikz@figbox=\box34
\tikz@tempbox=\box35
\tikztreelevel=\count102
\tikznumberofchildren=\count103
\tikznumberofcurrentchild=\count104
\tikz@fig@count=\count105

(C:\CTEX\MiKTeX\tex\generic\pgf\modules\pgfmodulematrix.code.tex
File: pgfmodulematrix.code.tex 2010/08/24  (rcs-revision 1.4)
\pgfmatrixcurrentrow=\count106
\pgfmatrixcurrentcolumn=\count107
\pgf@matrix@numberofcolumns=\count108
)
\tikz@expandcount=\count109

(C:\CTEX\MiKTeX\tex\generic\pgf\frontendlayer\tikz\libraries\tikzlibrarytopaths
.code.tex
File: tikzlibrarytopaths.code.tex 2008/06/17 v2.10 (rcs-revision 1.2)
))) (C:\CTEX\MiKTeX\tex\latex\oberdiek\epstopdf.sty
Package: epstopdf 2010/02/09 v2.5 Conversion with epstopdf on the fly (HO)

(C:\CTEX\MiKTeX\tex\latex\oberdiek\epstopdf-base.sty
Package: epstopdf-base 2010/02/09 v2.5 Base part for package epstopdf

(C:\CTEX\MiKTeX\tex\latex\oberdiek\grfext.sty
Package: grfext 2010/08/19 v1.1 Managing graphics extensions (HO)

(C:\CTEX\MiKTeX\tex\generic\oberdiek\kvdefinekeys.sty
Package: kvdefinekeys 2011/04/07 v1.3 Defining keys (HO)
))
(C:\CTEX\MiKTeX\tex\latex\oberdiek\kvoptions.sty
Package: kvoptions 2010/12/23 v3.10 Keyval support for LaTeX options (HO)

(C:\CTEX\MiKTeX\tex\generic\oberdiek\kvsetkeys.sty
Package: kvsetkeys 2011/04/07 v1.13 Key value parser (HO)

(C:\CTEX\MiKTeX\tex\generic\oberdiek\etexcmds.sty
Package: etexcmds 2011/02/16 v1.5 Prefix for e-TeX command names (HO)

(C:\CTEX\MiKTeX\tex\generic\oberdiek\ifluatex.sty
Package: ifluatex 2010/03/01 v1.3 Provides the ifluatex switch (HO)
Package ifluatex Info: LuaTeX not detected.
)
Package etexcmds Info: Could not find \expanded.
(etexcmds)             That can mean that you are not using pdfTeX 1.50 or
(etexcmds)             that some package has redefined \expanded.
(etexcmds)             In the latter case, load this package earlier.
)))
(C:\CTEX\MiKTeX\tex\generic\oberdiek\pdftexcmds.sty
Package: pdftexcmds 2011/04/22 v0.16 Utilities of pdfTeX for LuaTeX (HO)

(C:\CTEX\MiKTeX\tex\generic\oberdiek\ifpdf.sty
Package: ifpdf 2011/01/30 v2.3 Provides the ifpdf switch (HO)
Package ifpdf Info: pdfTeX in PDF mode is detected.
)
Package pdftexcmds Info: LuaTeX not detected.
Package pdftexcmds Info: \pdf@primitive is available.
Package pdftexcmds Info: \pdf@ifprimitive is available.
Package pdftexcmds Info: \pdfdraftmode found.
)
Package epstopdf-base Info: Redefining graphics rule for `.eps' on input line 4
34.
Package grfext Info: Graphics extension search list:
(grfext)             [.png,.pdf,.jpg,.mps,.jpeg,.jbig2,.jb2,.PNG,.PDF,.JPG,.JPE
G,.JBIG2,.JB2,.eps]
(grfext)             \AppendGraphicsExtensions on input line 452.
))
(C:\CTEX\MiKTeX\tex\latex\tools\indentfirst.sty
Package: indentfirst 1995/11/23 v1.03 Indent first paragraph (DPC)
)
(C:\CTEX\MiKTeX\tex\latex\ams\math\amsmath.sty
Package: amsmath 2000/07/18 v2.13 AMS math features
\@mathmargin=\skip43

For additional information on amsmath, use the `?' option.
(C:\CTEX\MiKTeX\tex\latex\ams\math\amstext.sty
Package: amstext 2000/06/29 v2.01

(C:\CTEX\MiKTeX\tex\latex\ams\math\amsgen.sty
File: amsgen.sty 1999/11/30 v2.0
\@emptytoks=\toks25
\ex@=\dimen150
))
(C:\CTEX\MiKTeX\tex\latex\ams\math\amsbsy.sty
Package: amsbsy 1999/11/29 v1.2d
LaTeX Info: Redefining \boldsymbol on input line 54.
\pmbraise@=\dimen151
)
(C:\CTEX\MiKTeX\tex\latex\ams\math\amsopn.sty
Package: amsopn 1999/12/14 v2.01 operator names
)
\inf@bad=\count110
LaTeX Info: Redefining \frac on input line 211.
\uproot@=\count111
\leftroot@=\count112
LaTeX Info: Redefining \overline on input line 307.
\classnum@=\count113
\DOTSCASE@=\count114
LaTeX Info: Redefining \ldots on input line 379.
LaTeX Info: Redefining \dots on input line 382.
LaTeX Info: Redefining \cdots on input line 467.
\Mathstrutbox@=\box36
\strutbox@=\box37
\big@size=\dimen152
LaTeX Font Info:    Redeclaring font encoding OML on input line 567.
LaTeX Font Info:    Redeclaring font encoding OMS on input line 568.
\macc@depth=\count115
\c@MaxMatrixCols=\count116
\dotsspace@=\muskip10
\c@parentequation=\count117
\dspbrk@lvl=\count118
\tag@help=\toks26
\row@=\count119
\column@=\count120
\maxfields@=\count121
\andhelp@=\toks27
\eqnshift@=\dimen153
\alignsep@=\dimen154
\tagshift@=\dimen155
\tagwidth@=\dimen156
\totwidth@=\dimen157
\lineht@=\dimen158
\@envbody=\toks28
\multlinegap=\skip44
\multlinetaggap=\skip45
\mathdisplay@stack=\toks29
LaTeX Info: Redefining \[ on input line 2666.
LaTeX Info: Redefining \] on input line 2667.
)
(C:\CTEX\MiKTeX\tex\latex\ams\classes\amsthm.sty
Package: amsthm 2004/08/06 v2.20
\thm@style=\toks30
\thm@bodyfont=\toks31
\thm@headfont=\toks32
\thm@notefont=\toks33
\thm@headpunct=\toks34
\thm@preskip=\skip46
\thm@postskip=\skip47
\thm@headsep=\skip48
\dth@everypar=\toks35
)
(C:\CTEX\MiKTeX\tex\latex\cases\cases.sty
Package: cases 2002/05/02 ver 2.5 
)
(C:\CTEX\MiKTeX\tex\latex\fancyhdr\fancyhdr.sty
\fancy@headwidth=\skip49
\f@ncyO@elh=\skip50
\f@ncyO@erh=\skip51
\f@ncyO@olh=\skip52
\f@ncyO@orh=\skip53
\f@ncyO@elf=\skip54
\f@ncyO@erf=\skip55
\f@ncyO@olf=\skip56
\f@ncyO@orf=\skip57
)
(C:\CTEX\MiKTeX\tex\latex\titlesec\titlesec.sty
Package: titlesec 2011/12/15 v2.10.0 Sectioning titles
\ttl@box=\box38
\beforetitleunit=\skip58
\aftertitleunit=\skip59
\ttl@plus=\dimen159
\ttl@minus=\dimen160
\ttl@toksa=\toks36
\titlewidth=\dimen161
\titlewidthlast=\dimen162
\titlewidthfirst=\dimen163
)
(C:\CTEX\MiKTeX\tex\latex\float\float.sty
Package: float 2001/11/08 v1.3d Float enhancements (AL)
\c@float@type=\count122
\float@exts=\toks37
\float@box=\box39
\@float@everytoks=\toks38
\@floatcapt=\box40
)
(C:\CTEX\MiKTeX\tex\latex\subfigure\subfigure.sty
Package: subfigure 2002/07/30 v2.1.4 subfigure package
\subfigtopskip=\skip60
\subfigcapskip=\skip61
\subfigcaptopadj=\dimen164
\subfigbottomskip=\skip62
\subfigcapmargin=\dimen165
\subfiglabelskip=\skip63
\c@subfigure=\count123
\c@lofdepth=\count124
\c@subtable=\count125
\c@lotdepth=\count126

****************************************
* Local config file subfigure.cfg used *
****************************************
(C:\CTEX\MiKTeX\tex\latex\subfigure\subfigure.cfg)
\subfig@top=\skip64
\subfig@bottom=\skip65
)
(C:\CTEX\MiKTeX\tex\latex\multirow\multirow.sty
\bigstrutjot=\dimen166
)
(C:\CTEX\MiKTeX\tex\latex\lineno\lineno.sty
Package: lineno 2005/11/02 line numbers on paragraphs v4.41
\linenopenalty=\count127
\output=\toks39
\linenoprevgraf=\count128
\linenumbersep=\dimen167
\linenumberwidth=\dimen168
\c@linenumber=\count129
\c@pagewiselinenumber=\count130
\c@LN@truepage=\count131
\c@internallinenumber=\count132
\c@internallinenumbers=\count133
\quotelinenumbersep=\dimen169
\bframerule=\dimen170
\bframesep=\dimen171
\bframebox=\box41
LaTeX Info: Redefining \\ on input line 3056.
)
(C:\CTEX\MiKTeX\tex\latex\graphics\epsfig.sty
Package: epsfig 1999/02/16 v1.7a (e)psfig emulation (SPQR)
\epsfxsize=\dimen172
\epsfysize=\dimen173
)
(C:\CTEX\MiKTeX\tex\latex\caption\caption.sty
Package: caption 2011/11/10 v3.2e Customizing captions (AR)

(C:\CTEX\MiKTeX\tex\latex\caption\caption3.sty
Package: caption3 2011/11/01 v1.4a caption3 kernel (AR)
\captionmargin=\dimen174
\captionmargin@=\dimen175
\captionwidth=\dimen176
\caption@indent=\dimen177
\caption@parindent=\dimen178
\caption@hangindent=\dimen179
)
\c@ContinuedFloat=\count134
Package caption Info: float package is loaded.
Package caption Info: subfigure package is loaded.
)
(C:\CTEX\MiKTeX\tex\latex\base\fontenc.sty
Package: fontenc 2005/09/27 v1.99g Standard LaTeX package

(C:\CTEX\MiKTeX\tex\latex\base\t1enc.def
File: t1enc.def 2005/09/27 v1.99g Standard LaTeX file
LaTeX Font Info:    Redeclaring font encoding T1 on input line 43.
))
(C:\CTEX\MiKTeX\tex\latex\tools\xspace.sty
Package: xspace 2009/10/20 v1.13 Space after command names (DPC,MH)
)
(C:\CTEX\MiKTeX\tex\latex\setspace\setspace.sty
Package: setspace 2011/12/19 v6.7a set line spacing
)
(C:\CTEX\MiKTeX\tex\latex\subeqnarray\subeqnarray.sty
Package: subeqnarray 2004/04/15 v2.1c subeqnarray package
\c@subequation=\count135
)
(C:\CTEX\MiKTeX\tex\latex\extarrows\extarrows.sty
Package: extarrows 2008/05/15 v1.0b Some extensible arrows
)
(C:\CTEX\MiKTeX\tex\latex\dstroke\dsfont.sty
Package: dsfont 1995/08/01 v0.1 Double stroke roman fonts
)
(C:\CTEX\MiKTeX\tex\latex\listings\listings.sty
\lst@mode=\count136
\lst@gtempboxa=\box42
\lst@token=\toks40
\lst@length=\count137
\lst@currlwidth=\dimen180
\lst@column=\count138
\lst@pos=\count139
\lst@lostspace=\dimen181
\lst@width=\dimen182
\lst@newlines=\count140
\lst@lineno=\count141
\lst@maxwidth=\dimen183

(C:\CTEX\MiKTeX\tex\latex\listings\lstmisc.sty
File: lstmisc.sty 2007/02/22 1.4 (Carsten Heinz)
\c@lstnumber=\count142
\lst@skipnumbers=\count143
\lst@framebox=\box43
)
(C:\CTEX\MiKTeX\tex\latex\listings\listings.cfg
File: listings.cfg 2007/02/22 1.4 listings configuration
))
Package: listings 2007/02/22 1.4 (Carsten Heinz)

(C:\CTEX\MiKTeX\tex\latex\threeparttable\threeparttable.sty
Package: threeparttable 2003/06/13  v 3.0
\@tempboxb=\box44
)
(C:\CTEX\MiKTeX\tex\latex\cite\cite.sty
LaTeX Info: Redefining \cite on input line 302.
LaTeX Info: Redefining \nocite on input line 373.
Package: cite 2010/09/10  v 5.3
)
(C:\CTEX\MiKTeX\tex\latex\algorithm2e\algorithm2e.sty
Package: algorithm2e 2008/00/00 v3.10 algorithms environments
\c@AlgoLine=\count144

(C:\CTEX\MiKTeX\tex\latex\base\ifthen.sty
Package: ifthen 2001/05/26 v1.1c Standard LaTeX ifthen package (DPC)
)
(C:\CTEX\MiKTeX\tex\latex\ltxmisc\relsize.sty
Package: relsize 2003/07/04 ver 3.1
)
********************************************************
Package `algorithm2e' Release 4.01 -- december 14 2009 --
- algorithm2e-announce@lirmm.fr mailing list for announcement about releases
- algorithm2e-discussion@lirmm.fr mailing list for discussion about package
subscribe by emailing sympa@lirmm.fr with 'subscribe <list> <firstname name>'
- Author: Christophe Fiorio (fiorio@lirmm.fr)
********************************************************
\skiptotal=\skip66
\skiplinenumber=\skip67
\skiprule=\skip68
\skiphlne=\skip69
\skiptext=\skip70
\skiplength=\skip71
\algomargin=\skip72
\skipalgocfslide=\skip73
\algowidth=\dimen184
\inoutsize=\dimen185
\inoutline=\dimen186
\interspacetitleruled=\dimen187
\interspacealgoruled=\dimen188
\interspacetitleboxruled=\dimen189
\algocf@inoutbox=\box45
\algocf@inputbox=\box46
\AlCapSkip=\skip74
\AlCapHSkip=\skip75
\algocf@nlbox=\box47
\algocf@hangingbox=\box48
\algocf@capbox=\box49
\algoheightruledefault=\skip76
\algoheightrule=\skip77
\algotitleheightruledefault=\skip78
\algotitleheightrule=\skip79
\c@algocfline=\count145
\c@algocfproc=\count146
\c@algocf=\count147
\algocf@algoframe=\box50
\algocf@algobox=\box51
)

LaTeX Warning: Unused global option(s):
    [CJK].

(E:\graduation\æ¯•ä¸šè®ºæ–‡.aux)
LaTeX Font Info:    Checking defaults for OML/cmm/m/it on input line 120.
LaTeX Font Info:    ... okay on input line 120.
LaTeX Font Info:    Checking defaults for T1/cmr/m/n on input line 120.
LaTeX Font Info:    ... okay on input line 120.
LaTeX Font Info:    Checking defaults for OT1/cmr/m/n on input line 120.
LaTeX Font Info:    ... okay on input line 120.
LaTeX Font Info:    Checking defaults for OMS/cmsy/m/n on input line 120.
LaTeX Font Info:    ... okay on input line 120.
LaTeX Font Info:    Checking defaults for OMX/cmex/m/n on input line 120.
LaTeX Font Info:    ... okay on input line 120.
LaTeX Font Info:    Checking defaults for U/cmr/m/n on input line 120.
LaTeX Font Info:    ... okay on input line 120.
LaTeX Font Info:    Checking defaults for C00/song/m/n on input line 120.
LaTeX Font Info:    ... okay on input line 120.
LaTeX Font Info:    Checking defaults for C05/song/m/n on input line 120.
LaTeX Font Info:    ... okay on input line 120.
LaTeX Font Info:    Checking defaults for C09/song/m/n on input line 120.
LaTeX Font Info:    ... okay on input line 120.
LaTeX Font Info:    Checking defaults for C10/song/m/n on input line 120.
LaTeX Font Info:    ... okay on input line 120.
LaTeX Font Info:    Checking defaults for C20/song/m/n on input line 120.
LaTeX Font Info:    ... okay on input line 120.
LaTeX Font Info:    Checking defaults for C19/song/m/n on input line 120.
LaTeX Font Info:    ... okay on input line 120.
LaTeX Font Info:    Checking defaults for C40/song/m/n on input line 120.
LaTeX Font Info:    ... okay on input line 120.
LaTeX Font Info:    Checking defaults for C42/song/m/n on input line 120.
LaTeX Font Info:    ... okay on input line 120.
LaTeX Font Info:    Checking defaults for C43/song/m/n on input line 120.
LaTeX Font Info:    ... okay on input line 120.
LaTeX Font Info:    Checking defaults for C50/song/m/n on input line 120.
LaTeX Font Info:    ... okay on input line 120.
LaTeX Font Info:    Checking defaults for C52/song/m/n on input line 120.
LaTeX Font Info:    ... okay on input line 120.
LaTeX Font Info:    Checking defaults for C49/song/m/n on input line 120.
LaTeX Font Info:    ... okay on input line 120.
LaTeX Font Info:    Checking defaults for C60/mj/m/n on input line 120.
LaTeX Font Info:    ... okay on input line 120.
LaTeX Font Info:    Checking defaults for C61/mj/m/n on input line 120.
LaTeX Font Info:    ... okay on input line 120.
LaTeX Font Info:    Checking defaults for C63/mj/m/n on input line 120.
LaTeX Font Info:    ... okay on input line 120.
LaTeX Font Info:    Checking defaults for C64/mj/m/n on input line 120.
LaTeX Font Info:    ... okay on input line 120.
LaTeX Font Info:    Checking defaults for C65/mj/m/n on input line 120.
LaTeX Font Info:    ... okay on input line 120.
LaTeX Font Info:    Checking defaults for C70/song/m/n on input line 120.
LaTeX Font Info:    ... okay on input line 120.
LaTeX Font Info:    Checking defaults for C31/song/m/n on input line 120.
LaTeX Font Info:    ... okay on input line 120.
LaTeX Font Info:    Checking defaults for C32/song/m/n on input line 120.
LaTeX Font Info:    ... okay on input line 120.
LaTeX Font Info:    Checking defaults for C33/song/m/n on input line 120.
LaTeX Font Info:    ... okay on input line 120.
LaTeX Font Info:    Checking defaults for C34/song/m/n on input line 120.
LaTeX Font Info:    ... okay on input line 120.
LaTeX Font Info:    Checking defaults for C35/song/m/n on input line 120.
LaTeX Font Info:    ... okay on input line 120.
LaTeX Font Info:    Checking defaults for C36/song/m/n on input line 120.
LaTeX Font Info:    ... okay on input line 120.
LaTeX Font Info:    Checking defaults for C37/song/m/n on input line 120.
LaTeX Font Info:    ... okay on input line 120.
LaTeX Font Info:    Checking defaults for C80/song/m/n on input line 120.
LaTeX Font Info:    ... okay on input line 120.
LaTeX Font Info:    Checking defaults for C81/song/m/n on input line 120.
LaTeX Font Info:    ... okay on input line 120.
LaTeX Font Info:    Checking defaults for C01/song/m/n on input line 120.
LaTeX Font Info:    ... okay on input line 120.
LaTeX Font Info:    Checking defaults for C11/song/m/n on input line 120.
LaTeX Font Info:    ... okay on input line 120.
LaTeX Font Info:    Checking defaults for C21/song/m/n on input line 120.
LaTeX Font Info:    ... okay on input line 120.
LaTeX Font Info:    Checking defaults for C41/song/m/n on input line 120.
LaTeX Font Info:    ... okay on input line 120.
LaTeX Font Info:    Checking defaults for C62/song/m/n on input line 120.
LaTeX Font Info:    ... okay on input line 120.
LaTeX Font Info:    Checking defaults for T3/cmr/m/n on input line 120.
LaTeX Font Info:    Try loading font information for T3+cmr on input line 120.
 (C:\CTEX\MiKTeX\tex\latex\tipa\t3cmr.fd
File: t3cmr.fd 2001/12/31 TIPA font definitions
)
LaTeX Font Info:    ... okay on input line 120.

ABD: EveryShipout initializing macros
(C:\CTEX\MiKTeX\tex\context\base\supp-pdf.mkii
[Loading MPS to PDF converter (version 2006.09.02).]
\scratchcounter=\count148
\scratchdimen=\dimen190
\scratchbox=\box52
\nofMPsegments=\count149
\nofMParguments=\count150
\everyMPshowfont=\toks41
\MPscratchCnt=\count151
\MPscratchDim=\dimen191
\MPnumerator=\count152
\makeMPintoPDFobject=\count153
\everyMPtoPDFconversion=\toks42
)
Package caption Info: Begin \AtBeginDocument code.
Package caption Info: listings package is loaded.
Package caption Info: threeparttable package is loaded.
Package caption Info: End \AtBeginDocument code.
\c@lstlisting=\count154
 (C:\CTEX\MiKTeX\tex\latex\cjk\standard.bdg
File: standard.bdg 2008/12/29 4.8.2
)
(C:\CTEX\MiKTeX\tex\latex\cjk\extended.enc
File: extended.enc 2008/12/29 4.8.2
)
(C:\CTEX\MiKTeX\tex\latex\cjk\extended.chr
File: extended.chr 2008/12/29 4.8.2
)
LaTeX Font Info:    Try loading font information for C19+song on input line 122
.

(C:\CTEX\CTeX\tex\latex\CJK\GB\c19song.fd
File: c19song.fd 2009/09/23 4.8.2
)
\c@dingyi=\count155
\c@dingli=\count156
\c@yinli=\count157
\c@zhu=\count158
LaTeX Font Info:    Try loading font information for U+stmry on input line 141.


(C:\CTEX\MiKTeX\tex\latex\stmaryrd\ustmry.fd)
LaTeX Font Info:    Try loading font information for U+lasy on input line 141.

(C:\CTEX\MiKTeX\tex\latex\base\ulasy.fd
File: ulasy.fd 1998/08/17 v2.2e LaTeX symbol font definitions
)

LaTeX Font Warning: Font shape `U/stmry/b/n' undefined
(Font)              using `U/stmry/m/n' instead on input line 141.

LaTeX Font Info:    Try loading font information for U+msa on input line 141.
(C:\CTEX\MiKTeX\tex\latex\amsfonts\umsa.fd
File: umsa.fd 2009/06/22 v3.00 AMS symbols A
)
LaTeX Font Info:    Try loading font information for U+msb on input line 141.

(C:\CTEX\MiKTeX\tex\latex\amsfonts\umsb.fd
File: umsb.fd 2009/06/22 v3.00 AMS symbols B
)
LaTeX Font Info:    Try loading font information for U+rsfs on input line 141.

(C:\CTEX\MiKTeX\tex\latex\jknappen\ursfs.fd
File: ursfs.fd 1998/03/24 rsfs font definition file (jk)
)
<ecnu.png, id=1, 78.2925pt x 70.76437pt>
File: ecnu.png Graphic file (type png)
 <use ecnu.png>
Package pdftex.def Info: ecnu.png used on input line 149.
(pdftex.def)             Requested size: 70.4177pt x 63.64845pt.

<ECNU_Name_black.png, id=2, 1528.71124pt x 266.9975pt>
File: ECNU_Name_black.png Graphic file (type png)

<use ECNU_Name_black.png>
Package pdftex.def Info: ECNU_Name_black.png used on input line 149.
(pdftex.def)             Requested size: 352.10284pt x 61.49368pt.
LaTeX Font Info:    Try loading font information for C19+hei on input line 154.

 (C:\CTEX\CTeX\tex\latex\CJK\GB\c19hei.fd
File: c19hei.fd 2009/09/23 4.8.2
) [1
Non-PDF special ignored!
Non-PDF special ignored!
Non-PDF special ignored!
Non-PDF special ignored!
Non-PDF special ignored!
Non-PDF special ignored!
Non-PDF special ignored!


Non-PDF special ignored!
Non-PDF special ignored!
Non-PDF special ignored!
Non-PDF special ignored!
Non-PDF special ignored!
Non-PDF special ignored!
Non-PDF special ignored!
Non-PDF special ignored!{C:/CTEX/UserData/pdftex/config/pdftex.map{Unicode.sfd}
{UGBK.sfd}} <E:/graduation/ecnu.png> <E:/graduation/ECNU_Name_black.png>]

LaTeX Font Warning: Font shape `T1/cmr/m/n' in size <15.75> not available
(Font)              size <14.4> substituted on input line 197.


LaTeX Font Warning: Font shape `T1/cmr/bx/n' in size <15.75> not available
(Font)              size <14.4> substituted on input line 197.

LaTeX Font Info:    Calculating math sizes for size <15.75> on input line 197.

LaTeX Font Warning: Font shape `OT1/cmr/m/n' in size <15.75> not available
(Font)              size <14.4> substituted on input line 197.


LaTeX Font Warning: Font shape `OML/cmm/m/it' in size <15.75> not available
(Font)              size <14.4> substituted on input line 197.


LaTeX Font Warning: Font shape `OMS/cmsy/m/n' in size <15.75> not available
(Font)              size <14.4> substituted on input line 197.


LaTeX Font Warning: Font shape `U/stmry/m/n' in size <15.75> not available
(Font)              size <14.4> substituted on input line 197.


LaTeX Font Warning: Font shape `U/lasy/m/n' in size <15.75> not available
(Font)              size <14.4> substituted on input line 197.


LaTeX Font Warning: Font shape `OT1/cmr/bx/n' in size <15.75> not available
(Font)              size <14.4> substituted on input line 197.


LaTeX Font Warning: Font shape `OML/cmm/b/it' in size <15.75> not available
(Font)              size <14.4> substituted on input line 197.


LaTeX Font Warning: Font shape `OMS/cmsy/b/n' in size <15.75> not available
(Font)              size <14.4> substituted on input line 197.


LaTeX Font Warning: Font shape `U/stmry/b/n' in size <15.75> not available
(Font)              size <14.4> substituted on input line 197.


LaTeX Font Warning: Font shape `U/rsfs/m/n' in size <15.75> not available
(Font)              size <14.4> substituted on input line 197.

[1] [2]
Underfull \hbox (badness 10000) in alignment at lines 272--293
[][][][]
 []

[3]
Underfull \hbox (badness 10000) in paragraph at lines 313--315

 []

[1] [2]
Underfull \hbox (badness 10000) in paragraph at lines 344--346

 []


Underfull \hbox (badness 10000) in paragraph at lines 349--350

 []


Underfull \hbox (badness 10000) in paragraph at lines 355--357

 []


Underfull \hbox (badness 10000) in paragraph at lines 363--364

 []

[3]
Underfull \hbox (badness 10000) in paragraph at lines 369--370

 []


Underfull \hbox (badness 10000) in paragraph at lines 373--374

 []

[4]

Package Fancyhdr Warning: \headheight is too small (12.0pt): 
 Make it at least 14.49998pt.
 We now make it that large for the rest of the document.
 This may cause the page layout to be inconsistent, however.

[1] [2] [3]

Package caption Warning: \label without proper \caption on input line 447.
See the caption package documentation for explanation.


LaTeX Warning: Reference `eda' on page 4 undefined on input line 445.

LaTeX Font Info:    Try loading font information for OMS+cmr on input line 468.

(C:\CTEX\MiKTeX\tex\latex\base\omscmr.fd
File: omscmr.fd 1999/05/25 v2.5h Standard LaTeX font definitions
)
LaTeX Font Info:    Font shape `OMS/cmr/m/n' in size <12> not available
(Font)              Font shape `OMS/cmsy/m/n' tried instead on input line 468.
 [4] [5]
Overfull \hbox (19.90898pt too wide) in paragraph at lines 540--541
[]\T1/cmr/m/n/12 JADE [24]\C19/song/bx/n/12/55 ´ \C19/song/bx/n/12/61 ˜ \C19/so
ng/bx/n/12/64 « \C19/song/bx/n/12/60 # . \C19/song/bx/n/12/40  \C19/song/bx/n/
12/38  \C19/song/bx/n/12/41 © \C19/song/bx/n/12/46 ? \C19/song/bx/n/12/44 z \C
19/song/bx/n/12/56 Ž \C19/song/bx/n/12/41 { \C19/song/m/n/12/26 § \C19/song/bx/
n/12/63 3\T1/cmr/m/n/12 JADE\C19/song/bx/n/12/64 ¥ \C19/song/m/n/12/57 J \C19/s
ong/bx/n/12/38 Ñ \C19/song/bx/n/12/49 
 \C19/song/bx/n/12/61 ˜ \C19/song/bx/n/12/64 « \C19/song/bx/n/12/60 # \C19/song
/bx/n/12/40  \C19/song/bx/n/12/37 C \C19/song/bx/n/12/61 É \C19/song/bx/n/12/3
7 ü \C19/song/bx/n/12/49 Ñ\T1/cmr/m/n/12 "DE/current-
 []

[6] [7] <figs/figure/ps.png, id=132, 236.38312pt x 129.48375pt>
File: figs/figure/ps.png Graphic file (type png)

<use figs/figure/ps.png>
Package pdftex.def Info: figs/figure/ps.png used on input line 555.
(pdftex.def)             Requested size: 234.73523pt x 128.58444pt.
 [8 <E:/graduation/figs/figure/ps.png>]
<figs/figure/pareto.png, id=137, 688.5725pt x 377.41pt>
File: figs/figure/pareto.png Graphic file (type png)

<use figs/figure/pareto.png>
Package pdftex.def Info: figs/figure/pareto.png used on input line 597.
(pdftex.def)             Requested size: 234.73523pt x 128.65747pt.
 [9]
<figs/figure/mutation.png, id=148, 309.40594pt x 225.84375pt>
File: figs/figure/mutation.png Graphic file (type png)

<use figs/figure/mutation.png>
Package pdftex.def Info: figs/figure/mutation.png used on input line 615.
(pdftex.def)             Requested size: 234.73523pt x 171.34665pt.
 [10 <E:/graduation/figs/figure/pareto.png> <E:/graduation/figs/figure/mutation
.png>] [11]
Package epstopdf Info: Source file: <figs/box/box_f1.eps>
(epstopdf)                    date: 2016-03-30 14:54:10
(epstopdf)                    size: 12117 bytes
(epstopdf)             Output file: <figs/box/box_f1-eps-converted-to.pdf>
(epstopdf)                    date: 2016-03-30 14:54:30
(epstopdf)                    size: 4421 bytes
(epstopdf)             Command: <epstopdf --outfile=figs/box/box_f1-eps-convert
ed-to.pdf figs/box/box_f1.eps>
(epstopdf)             \includegraphics on input line 707.
Package epstopdf Info: Output file is already uptodate.

<figs/box/box_f1-eps-converted-to.pdf, id=160, 490.83376pt x 387.4475pt>
File: figs/box/box_f1-eps-converted-to.pdf Graphic file (type pdf)

<use figs/box/box_f1-eps-converted-to.pdf>
Package pdftex.def Info: figs/box/box_f1-eps-converted-to.pdf used on input lin
e 707.
(pdftex.def)             Requested size: 122.05974pt x 96.34729pt.
Package epstopdf Info: Source file: <figs/box/box_f2.eps>
(epstopdf)                    date: 2016-03-30 14:54:10
(epstopdf)                    size: 12322 bytes
(epstopdf)             Output file: <figs/box/box_f2-eps-converted-to.pdf>
(epstopdf)                    date: 2016-03-30 14:54:30
(epstopdf)                    size: 4482 bytes
(epstopdf)             Command: <epstopdf --outfile=figs/box/box_f2-eps-convert
ed-to.pdf figs/box/box_f2.eps>
(epstopdf)             \includegraphics on input line 708.
Package epstopdf Info: Output file is already uptodate.

<figs/box/box_f2-eps-converted-to.pdf, id=161, 490.83376pt x 387.4475pt>
File: figs/box/box_f2-eps-converted-to.pdf Graphic file (type pdf)

<use figs/box/box_f2-eps-converted-to.pdf>
Package pdftex.def Info: figs/box/box_f2-eps-converted-to.pdf used on input lin
e 708.
(pdftex.def)             Requested size: 122.05974pt x 96.34729pt.
Package epstopdf Info: Source file: <figs/box/box_f3.eps>
(epstopdf)                    date: 2016-03-30 14:54:10
(epstopdf)                    size: 12563 bytes
(epstopdf)             Output file: <figs/box/box_f3-eps-converted-to.pdf>
(epstopdf)                    date: 2016-03-30 14:54:30
(epstopdf)                    size: 4620 bytes
(epstopdf)             Command: <epstopdf --outfile=figs/box/box_f3-eps-convert
ed-to.pdf figs/box/box_f3.eps>
(epstopdf)             \includegraphics on input line 709.
Package epstopdf Info: Output file is already uptodate.

<figs/box/box_f3-eps-converted-to.pdf, id=162, 490.83376pt x 387.4475pt>
File: figs/box/box_f3-eps-converted-to.pdf Graphic file (type pdf)

<use figs/box/box_f3-eps-converted-to.pdf>
Package pdftex.def Info: figs/box/box_f3-eps-converted-to.pdf used on input lin
e 709.
(pdftex.def)             Requested size: 122.05974pt x 96.34729pt.
Package epstopdf Info: Source file: <figs/box/box_f4.eps>
(epstopdf)                    date: 2016-03-30 14:54:12
(epstopdf)                    size: 12137 bytes
(epstopdf)             Output file: <figs/box/box_f4-eps-converted-to.pdf>
(epstopdf)                    date: 2016-03-30 14:54:30
(epstopdf)                    size: 4472 bytes
(epstopdf)             Command: <epstopdf --outfile=figs/box/box_f4-eps-convert
ed-to.pdf figs/box/box_f4.eps>
(epstopdf)             \includegraphics on input line 710.
Package epstopdf Info: Output file is already uptodate.

<figs/box/box_f4-eps-converted-to.pdf, id=163, 490.83376pt x 387.4475pt>
File: figs/box/box_f4-eps-converted-to.pdf Graphic file (type pdf)

<use figs/box/box_f4-eps-converted-to.pdf>
Package pdftex.def Info: figs/box/box_f4-eps-converted-to.pdf used on input lin
e 710.
(pdftex.def)             Requested size: 122.05974pt x 96.34729pt.
Package epstopdf Info: Source file: <figs/box/box_f5.eps>
(epstopdf)                    date: 2016-03-30 14:54:12
(epstopdf)                    size: 12511 bytes
(epstopdf)             Output file: <figs/box/box_f5-eps-converted-to.pdf>
(epstopdf)                    date: 2016-03-30 14:54:30
(epstopdf)                    size: 4550 bytes
(epstopdf)             Command: <epstopdf --outfile=figs/box/box_f5-eps-convert
ed-to.pdf figs/box/box_f5.eps>
(epstopdf)             \includegraphics on input line 711.
Package epstopdf Info: Output file is already uptodate.

<figs/box/box_f5-eps-converted-to.pdf, id=164, 490.83376pt x 387.4475pt>
File: figs/box/box_f5-eps-converted-to.pdf Graphic file (type pdf)

<use figs/box/box_f5-eps-converted-to.pdf>
Package pdftex.def Info: figs/box/box_f5-eps-converted-to.pdf used on input lin
e 711.
(pdftex.def)             Requested size: 122.05974pt x 96.34729pt.
Package epstopdf Info: Source file: <figs/box/box_f6.eps>
(epstopdf)                    date: 2016-03-30 14:54:12
(epstopdf)                    size: 12651 bytes
(epstopdf)             Output file: <figs/box/box_f6-eps-converted-to.pdf>
(epstopdf)                    date: 2016-03-30 14:54:32
(epstopdf)                    size: 4665 bytes
(epstopdf)             Command: <epstopdf --outfile=figs/box/box_f6-eps-convert
ed-to.pdf figs/box/box_f6.eps>
(epstopdf)             \includegraphics on input line 712.
Package epstopdf Info: Output file is already uptodate.

<figs/box/box_f6-eps-converted-to.pdf, id=165, 484.81125pt x 387.4475pt>
File: figs/box/box_f6-eps-converted-to.pdf Graphic file (type pdf)

<use figs/box/box_f6-eps-converted-to.pdf>
Package pdftex.def Info: figs/box/box_f6-eps-converted-to.pdf used on input lin
e 712.
(pdftex.def)             Requested size: 122.05974pt x 97.54742pt.
Package epstopdf Info: Source file: <figs/box/box_f7.eps>
(epstopdf)                    date: 2016-03-30 14:54:12
(epstopdf)                    size: 14146 bytes
(epstopdf)             Output file: <figs/box/box_f7-eps-converted-to.pdf>
(epstopdf)                    date: 2016-03-30 14:54:32
(epstopdf)                    size: 5210 bytes
(epstopdf)             Command: <epstopdf --outfile=figs/box/box_f7-eps-convert
ed-to.pdf figs/box/box_f7.eps>
(epstopdf)             \includegraphics on input line 713.
Package epstopdf Info: Output file is already uptodate.

<figs/box/box_f7-eps-converted-to.pdf, id=166, 484.81125pt x 387.4475pt>
File: figs/box/box_f7-eps-converted-to.pdf Graphic file (type pdf)

<use figs/box/box_f7-eps-converted-to.pdf>
Package pdftex.def Info: figs/box/box_f7-eps-converted-to.pdf used on input lin
e 713.
(pdftex.def)             Requested size: 122.05974pt x 97.54742pt.
Package epstopdf Info: Source file: <figs/box/box_f8.eps>
(epstopdf)                    date: 2016-03-30 14:54:12
(epstopdf)                    size: 12515 bytes
(epstopdf)             Output file: <figs/box/box_f8-eps-converted-to.pdf>
(epstopdf)                    date: 2016-03-30 14:54:32
(epstopdf)                    size: 4588 bytes
(epstopdf)             Command: <epstopdf --outfile=figs/box/box_f8-eps-convert
ed-to.pdf figs/box/box_f8.eps>
(epstopdf)             \includegraphics on input line 714.
Package epstopdf Info: Output file is already uptodate.

<figs/box/box_f8-eps-converted-to.pdf, id=167, 495.8525pt x 387.4475pt>
File: figs/box/box_f8-eps-converted-to.pdf Graphic file (type pdf)

<use figs/box/box_f8-eps-converted-to.pdf>
Package pdftex.def Info: figs/box/box_f8-eps-converted-to.pdf used on input lin
e 714.
(pdftex.def)             Requested size: 122.05974pt x 95.37181pt.
Package epstopdf Info: Source file: <figs/box/box_f9.eps>
(epstopdf)                    date: 2016-03-30 14:54:14
(epstopdf)                    size: 14251 bytes
(epstopdf)             Output file: <figs/box/box_f9-eps-converted-to.pdf>
(epstopdf)                    date: 2016-03-30 14:54:32
(epstopdf)                    size: 5174 bytes
(epstopdf)             Command: <epstopdf --outfile=figs/box/box_f9-eps-convert
ed-to.pdf figs/box/box_f9.eps>
(epstopdf)             \includegraphics on input line 715.
Package epstopdf Info: Output file is already uptodate.

<figs/box/box_f9-eps-converted-to.pdf, id=168, 490.83376pt x 387.4475pt>
File: figs/box/box_f9-eps-converted-to.pdf Graphic file (type pdf)

<use figs/box/box_f9-eps-converted-to.pdf>
Package pdftex.def Info: figs/box/box_f9-eps-converted-to.pdf used on input lin
e 715.
(pdftex.def)             Requested size: 122.05974pt x 96.34729pt.
Package epstopdf Info: Source file: <figs/box/box_f10.eps>
(epstopdf)                    date: 2016-03-30 14:54:14
(epstopdf)                    size: 13724 bytes
(epstopdf)             Output file: <figs/box/box_f10-eps-converted-to.pdf>
(epstopdf)                    date: 2016-03-30 14:54:34
(epstopdf)                    size: 5101 bytes
(epstopdf)             Command: <epstopdf --outfile=figs/box/box_f10-eps-conver
ted-to.pdf figs/box/box_f10.eps>
(epstopdf)             \includegraphics on input line 716.
Package epstopdf Info: Output file is already uptodate.

<figs/box/box_f10-eps-converted-to.pdf, id=169, 487.8225pt x 387.4475pt>
File: figs/box/box_f10-eps-converted-to.pdf Graphic file (type pdf)

<use figs/box/box_f10-eps-converted-to.pdf>
Package pdftex.def Info: figs/box/box_f10-eps-converted-to.pdf used on input li
ne 716.
(pdftex.def)             Requested size: 122.05974pt x 96.9444pt.
 [12] [13 <E:/graduation/figs/box/box_f1-eps-converted-to.pdf> <E:/graduation/f
igs/box/box_f2-eps-converted-to.pdf> <E:/graduation/figs/box/box_f3-eps-convert
ed-to.pdf> <E:/graduation/figs/box/box_f4-eps-converted-to.pdf> <E:/graduation/
figs/box/box_f5-eps-converted-to.pdf> <E:/graduation/figs/box/box_f6-eps-conver
ted-to.pdf> <E:/graduation/figs/box/box_f7-eps-converted-to.pdf> <E:/graduation
/figs/box/box_f8-eps-converted-to.pdf> <E:/graduation/figs/box/box_f9-eps-conve
rted-to.pdf> <E:/graduation/figs/box/box_f10-eps-converted-to.pdf>]
Package epstopdf Info: Source file: <figs/figure/f1_f5.eps>
(epstopdf)                    date: 2015-12-19 13:21:46
(epstopdf)                    size: 18068 bytes
(epstopdf)             Output file: <figs/figure/f1_f5-eps-converted-to.pdf>
(epstopdf)                    date: 2015-12-19 13:24:22
(epstopdf)                    size: 5847 bytes
(epstopdf)             Command: <epstopdf --outfile=figs/figure/f1_f5-eps-conve
rted-to.pdf figs/figure/f1_f5.eps>
(epstopdf)             \includegraphics on input line 729.
Package epstopdf Info: Output file is already uptodate.

<figs/figure/f1_f5-eps-converted-to.pdf, id=219, 517.935pt x 393.47pt>
File: figs/figure/f1_f5-eps-converted-to.pdf Graphic file (type pdf)

<use figs/figure/f1_f5-eps-converted-to.pdf>
Package pdftex.def Info: figs/figure/f1_f5-eps-converted-to.pdf used on input l
ine 729.
(pdftex.def)             Requested size: 150.23398pt x 114.13339pt.
Package epstopdf Info: Source file: <figs/figure/f6_f9.eps>
(epstopdf)                    date: 2015-12-19 10:06:54
(epstopdf)                    size: 13313 bytes
(epstopdf)             Output file: <figs/figure/f6_f9-eps-converted-to.pdf>
(epstopdf)                    date: 2015-12-19 13:24:22
(epstopdf)                    size: 5561 bytes
(epstopdf)             Command: <epstopdf --outfile=figs/figure/f6_f9-eps-conve
rted-to.pdf figs/figure/f6_f9.eps>
(epstopdf)             \includegraphics on input line 730.
Package epstopdf Info: Output file is already uptodate.

<figs/figure/f6_f9-eps-converted-to.pdf, id=220, 517.935pt x 393.47pt>
File: figs/figure/f6_f9-eps-converted-to.pdf Graphic file (type pdf)

<use figs/figure/f6_f9-eps-converted-to.pdf>
Package pdftex.def Info: figs/figure/f6_f9-eps-converted-to.pdf used on input l
ine 730.
(pdftex.def)             Requested size: 150.23398pt x 114.13339pt.
Package epstopdf Info: Source file: <figs/figure/f10.eps>
(epstopdf)                    date: 2015-12-19 10:06:54
(epstopdf)                    size: 10312 bytes
(epstopdf)             Output file: <figs/figure/f10-eps-converted-to.pdf>
(epstopdf)                    date: 2016-11-30 10:08:20
(epstopdf)                    size: 4510 bytes
(epstopdf)             Command: <epstopdf --outfile=figs/figure/f10-eps-convert
ed-to.pdf figs/figure/f10.eps>
(epstopdf)             \includegraphics on input line 731.
Package epstopdf Info: Output file is already uptodate.

<figs/figure/f10-eps-converted-to.pdf, id=221, 514.92375pt x 393.47pt>
File: figs/figure/f10-eps-converted-to.pdf Graphic file (type pdf)

<use figs/figure/f10-eps-converted-to.pdf>
Package pdftex.def Info: figs/figure/f10-eps-converted-to.pdf used on input lin
e 731.
(pdftex.def)             Requested size: 150.23398pt x 114.79381pt.
 [14 <E:/graduation/figs/figure/f1_f5-eps-converted-to.pdf> <E:/graduation/figs
/figure/f6_f9-eps-converted-to.pdf> <E:/graduation/figs/figure/f10-eps-converte
d-to.pdf>]
Package epstopdf Info: Source file: <figs/figure/f_performance.eps>
(epstopdf)                    date: 2015-12-19 16:41:08
(epstopdf)                    size: 13603 bytes
(epstopdf)             Output file: <figs/figure/f_performance-eps-converted-to
.pdf>
(epstopdf)                    date: 2016-11-30 13:51:29
(epstopdf)                    size: 4796 bytes
(epstopdf)             Command: <epstopdf --outfile=figs/figure/f_performance-e
ps-converted-to.pdf figs/figure/f_performance.eps>
(epstopdf)             \includegraphics on input line 747.
Package epstopdf Info: Output file is already uptodate.

<figs/figure/f_performance-eps-converted-to.pdf, id=237, 488.82625pt x 393.47pt
>
File: figs/figure/f_performance-eps-converted-to.pdf Graphic file (type pdf)
 <use figs/figure/f_performance-eps-converted-to.pdf>
Package pdftex.def Info: figs/figure/f_performance-eps-converted-to.pdf used on
 input line 747.
(pdftex.def)             Requested size: 187.78531pt x 151.1532pt.

Overfull \hbox (49.71175pt too wide) in paragraph at lines 765--795
 [] 
 []

Package epstopdf Info: Source file: <figs/igd/f1_igd.eps>
(epstopdf)                    date: 2015-12-18 13:10:30
(epstopdf)                    size: 12591 bytes
(epstopdf)             Output file: <figs/igd/f1_igd-eps-converted-to.pdf>
(epstopdf)                    date: 2016-11-30 14:03:03
(epstopdf)                    size: 4931 bytes
(epstopdf)             Command: <epstopdf --outfile=figs/igd/f1_igd-eps-convert
ed-to.pdf figs/igd/f1_igd.eps>
(epstopdf)             \includegraphics on input line 800.
Package epstopdf Info: Output file is already uptodate.
<figs/igd/f1_igd-eps-converted-to.pdf, id=238, 498.86375pt x 402.50375pt>
File: figs/igd/f1_igd-eps-converted-to.pdf Graphic file (type pdf)

<use figs/igd/f1_igd-eps-converted-to.pdf>
Package pdftex.def Info: figs/igd/f1_igd-eps-converted-to.pdf used on input lin
e 800.
(pdftex.def)             Requested size: 122.05974pt x 98.48222pt.
Package epstopdf Info: Source file: <figs/igd/f2_igd.eps>
(epstopdf)                    date: 2015-12-18 13:10:30
(epstopdf)                    size: 12584 bytes
(epstopdf)             Output file: <figs/igd/f2_igd-eps-converted-to.pdf>
(epstopdf)                    date: 2016-11-30 14:03:04
(epstopdf)                    size: 4960 bytes
(epstopdf)             Command: <epstopdf --outfile=figs/igd/f2_igd-eps-convert
ed-to.pdf figs/igd/f2_igd.eps>
(epstopdf)             \includegraphics on input line 801.
Package epstopdf Info: Output file is already uptodate.

<figs/igd/f2_igd-eps-converted-to.pdf, id=239, 498.86375pt x 402.50375pt>
File: figs/igd/f2_igd-eps-converted-to.pdf Graphic file (type pdf)

<use figs/igd/f2_igd-eps-converted-to.pdf>
Package pdftex.def Info: figs/igd/f2_igd-eps-converted-to.pdf used on input lin
e 801.
(pdftex.def)             Requested size: 122.05974pt x 98.48222pt.
Package epstopdf Info: Source file: <figs/igd/f3_igd.eps>
(epstopdf)                    date: 2015-12-18 13:10:32
(epstopdf)                    size: 20887 bytes
(epstopdf)             Output file: <figs/igd/f3_igd-eps-converted-to.pdf>
(epstopdf)                    date: 2016-11-30 14:03:05
(epstopdf)                    size: 14157 bytes
(epstopdf)             Command: <epstopdf --outfile=figs/igd/f3_igd-eps-convert
ed-to.pdf figs/igd/f3_igd.eps>
(epstopdf)             \includegraphics on input line 802.
Package epstopdf Info: Output file is already uptodate.

<figs/igd/f3_igd-eps-converted-to.pdf, id=240, 500.87125pt x 402.50375pt>
File: figs/igd/f3_igd-eps-converted-to.pdf Graphic file (type pdf)

<use figs/igd/f3_igd-eps-converted-to.pdf>
Package pdftex.def Info: figs/igd/f3_igd-eps-converted-to.pdf used on input lin
e 802.
(pdftex.def)             Requested size: 122.05974pt x 98.08302pt.
Package epstopdf Info: Source file: <figs/igd/f4_igd.eps>
(epstopdf)                    date: 2015-12-18 13:10:32
(epstopdf)                    size: 13706 bytes
(epstopdf)             Output file: <figs/igd/f4_igd-eps-converted-to.pdf>
(epstopdf)                    date: 2016-11-30 14:03:06
(epstopdf)                    size: 5856 bytes
(epstopdf)             Command: <epstopdf --outfile=figs/igd/f4_igd-eps-convert
ed-to.pdf figs/igd/f4_igd.eps>
(epstopdf)             \includegraphics on input line 803.
Package epstopdf Info: Output file is already uptodate.

<figs/igd/f4_igd-eps-converted-to.pdf, id=241, 498.86375pt x 402.50375pt>
File: figs/igd/f4_igd-eps-converted-to.pdf Graphic file (type pdf)

<use figs/igd/f4_igd-eps-converted-to.pdf>
Package pdftex.def Info: figs/igd/f4_igd-eps-converted-to.pdf used on input lin
e 803.
(pdftex.def)             Requested size: 122.05974pt x 98.48222pt.
Package epstopdf Info: Source file: <figs/igd/f5_igd.eps>
(epstopdf)                    date: 2015-12-18 13:10:32
(epstopdf)                    size: 12583 bytes
(epstopdf)             Output file: <figs/igd/f5_igd-eps-converted-to.pdf>
(epstopdf)                    date: 2016-11-30 14:03:07
(epstopdf)                    size: 4969 bytes
(epstopdf)             Command: <epstopdf --outfile=figs/igd/f5_igd-eps-convert
ed-to.pdf figs/igd/f5_igd.eps>
(epstopdf)             \includegraphics on input line 804.
Package epstopdf Info: Output file is already uptodate.

<figs/igd/f5_igd-eps-converted-to.pdf, id=242, 498.86375pt x 402.50375pt>
File: figs/igd/f5_igd-eps-converted-to.pdf Graphic file (type pdf)

<use figs/igd/f5_igd-eps-converted-to.pdf>
Package pdftex.def Info: figs/igd/f5_igd-eps-converted-to.pdf used on input lin
e 804.
(pdftex.def)             Requested size: 122.05974pt x 98.48222pt.
Package epstopdf Info: Source file: <figs/igd/f6_igd.eps>
(epstopdf)                    date: 2015-12-18 13:10:32
(epstopdf)                    size: 12603 bytes
(epstopdf)             Output file: <figs/igd/f6_igd-eps-converted-to.pdf>
(epstopdf)                    date: 2016-11-30 14:03:08
(epstopdf)                    size: 4957 bytes
(epstopdf)             Command: <epstopdf --outfile=figs/igd/f6_igd-eps-convert
ed-to.pdf figs/igd/f6_igd.eps>
(epstopdf)             \includegraphics on input line 805.
Package epstopdf Info: Output file is already uptodate.

<figs/igd/f6_igd-eps-converted-to.pdf, id=243, 498.86375pt x 402.50375pt>
File: figs/igd/f6_igd-eps-converted-to.pdf Graphic file (type pdf)

<use figs/igd/f6_igd-eps-converted-to.pdf>
Package pdftex.def Info: figs/igd/f6_igd-eps-converted-to.pdf used on input lin
e 805.
(pdftex.def)             Requested size: 122.05974pt x 98.48222pt.
Package epstopdf Info: Source file: <figs/igd/f7_igd.eps>
(epstopdf)                    date: 2015-12-18 13:10:32
(epstopdf)                    size: 18939 bytes
(epstopdf)             Output file: <figs/igd/f7_igd-eps-converted-to.pdf>
(epstopdf)                    date: 2016-11-30 14:03:09
(epstopdf)                    size: 11950 bytes
(epstopdf)             Command: <epstopdf --outfile=figs/igd/f7_igd-eps-convert
ed-to.pdf figs/igd/f7_igd.eps>
(epstopdf)             \includegraphics on input line 806.
Package epstopdf Info: Output file is already uptodate.

<figs/igd/f7_igd-eps-converted-to.pdf, id=244, 500.87125pt x 402.50375pt>
File: figs/igd/f7_igd-eps-converted-to.pdf Graphic file (type pdf)

<use figs/igd/f7_igd-eps-converted-to.pdf>
Package pdftex.def Info: figs/igd/f7_igd-eps-converted-to.pdf used on input lin
e 806.
(pdftex.def)             Requested size: 122.05974pt x 98.08302pt.
Package epstopdf Info: Source file: <figs/igd/f8_igd.eps>
(epstopdf)                    date: 2015-12-18 13:10:32
(epstopdf)                    size: 13669 bytes
(epstopdf)             Output file: <figs/igd/f8_igd-eps-converted-to.pdf>
(epstopdf)                    date: 2016-11-30 14:03:09
(epstopdf)                    size: 5921 bytes
(epstopdf)             Command: <epstopdf --outfile=figs/igd/f8_igd-eps-convert
ed-to.pdf figs/igd/f8_igd.eps>
(epstopdf)             \includegraphics on input line 807.
Package epstopdf Info: Output file is already uptodate.

<figs/igd/f8_igd-eps-converted-to.pdf, id=245, 498.86375pt x 402.50375pt>
File: figs/igd/f8_igd-eps-converted-to.pdf Graphic file (type pdf)

<use figs/igd/f8_igd-eps-converted-to.pdf>
Package pdftex.def Info: figs/igd/f8_igd-eps-converted-to.pdf used on input lin
e 807.
(pdftex.def)             Requested size: 122.05974pt x 98.48222pt.
Package epstopdf Info: Source file: <figs/igd/f9_igd.eps>
(epstopdf)                    date: 2015-12-18 13:10:32
(epstopdf)                    size: 21349 bytes
(epstopdf)             Output file: <figs/igd/f9_igd-eps-converted-to.pdf>
(epstopdf)                    date: 2016-11-30 14:03:10
(epstopdf)                    size: 11533 bytes
(epstopdf)             Command: <epstopdf --outfile=figs/igd/f9_igd-eps-convert
ed-to.pdf figs/igd/f9_igd.eps>
(epstopdf)             \includegraphics on input line 808.
Package epstopdf Info: Output file is already uptodate.

<figs/igd/f9_igd-eps-converted-to.pdf, id=246, 500.87125pt x 402.50375pt>
File: figs/igd/f9_igd-eps-converted-to.pdf Graphic file (type pdf)

<use figs/igd/f9_igd-eps-converted-to.pdf>
Package pdftex.def Info: figs/igd/f9_igd-eps-converted-to.pdf used on input lin
e 808.
(pdftex.def)             Requested size: 122.05974pt x 98.08302pt.
Package epstopdf Info: Source file: <figs/igd/f10_igd.eps>
(epstopdf)                    date: 2015-12-18 13:10:32
(epstopdf)                    size: 19356 bytes
(epstopdf)             Output file: <figs/igd/f10_igd-eps-converted-to.pdf>
(epstopdf)                    date: 2016-11-30 14:03:11
(epstopdf)                    size: 9010 bytes
(epstopdf)             Command: <epstopdf --outfile=figs/igd/f10_igd-eps-conver
ted-to.pdf figs/igd/f10_igd.eps>
(epstopdf)             \includegraphics on input line 809.
Package epstopdf Info: Output file is already uptodate.

<figs/igd/f10_igd-eps-converted-to.pdf, id=247, 496.85625pt x 402.50375pt>
File: figs/igd/f10_igd-eps-converted-to.pdf Graphic file (type pdf)

<use figs/igd/f10_igd-eps-converted-to.pdf>
Package pdftex.def Info: figs/igd/f10_igd-eps-converted-to.pdf used on input li
ne 809.
(pdftex.def)             Requested size: 122.05974pt x 98.87529pt.
 [15 <E:/graduation/figs/figure/f_performance-eps-converted-to.pdf>] [16 <E:/gr
aduation/figs/igd/f1_igd-eps-converted-to.pdf> <E:/graduation/figs/igd/f2_igd-e
ps-converted-to.pdf> <E:/graduation/figs/igd/f3_igd-eps-converted-to.pdf> <E:/g
raduation/figs/igd/f4_igd-eps-converted-to.pdf> <E:/graduation/figs/igd/f5_igd-
eps-converted-to.pdf> <E:/graduation/figs/igd/f6_igd-eps-converted-to.pdf> <E:/
graduation/figs/igd/f7_igd-eps-converted-to.pdf> <E:/graduation/figs/igd/f8_igd
-eps-converted-to.pdf> <E:/graduation/figs/igd/f9_igd-eps-converted-to.pdf> <E:
/graduation/figs/igd/f10_igd-eps-converted-to.pdf>] [17] [18] [19] [20] [21] [2
2] [23]
Overfull \hbox (25.08286pt too wide) in paragraph at lines 1012--1048
 [] 
 []

Package epstopdf Info: Source file: <figs/eda-de-eig/f1.eps>
(epstopdf)                    date: 2016-10-17 12:14:36
(epstopdf)                    size: 19149 bytes
(epstopdf)             Output file: <figs/eda-de-eig/f1-eps-converted-to.pdf>
(epstopdf)                    date: 2016-10-17 12:14:36
(epstopdf)                    size: 8389 bytes
(epstopdf)             Command: <epstopdf --outfile=figs/eda-de-eig/f1-eps-conv
erted-to.pdf figs/eda-de-eig/f1.eps>
(epstopdf)             \includegraphics on input line 1053.
Package epstopdf Info: Output file is already uptodate.
<figs/eda-de-eig/f1-eps-converted-to.pdf, id=324, 506.89375pt x 408.52625pt>
File: figs/eda-de-eig/f1-eps-converted-to.pdf Graphic file (type pdf)

<use figs/eda-de-eig/f1-eps-converted-to.pdf>
Package pdftex.def Info: figs/eda-de-eig/f1-eps-converted-to.pdf used on input 
line 1053.
(pdftex.def)             Requested size: 140.84256pt x 113.50763pt.
Package epstopdf Info: Source file: <figs/eda-de-eig/f2.eps>
(epstopdf)                    date: 2016-10-17 12:14:38
(epstopdf)                    size: 19134 bytes
(epstopdf)             Output file: <figs/eda-de-eig/f2-eps-converted-to.pdf>
(epstopdf)                    date: 2016-10-17 12:14:38
(epstopdf)                    size: 8333 bytes
(epstopdf)             Command: <epstopdf --outfile=figs/eda-de-eig/f2-eps-conv
erted-to.pdf figs/eda-de-eig/f2.eps>
(epstopdf)             \includegraphics on input line 1054.
Package epstopdf Info: Output file is already uptodate.

<figs/eda-de-eig/f2-eps-converted-to.pdf, id=325, 502.87875pt x 408.52625pt>
File: figs/eda-de-eig/f2-eps-converted-to.pdf Graphic file (type pdf)

<use figs/eda-de-eig/f2-eps-converted-to.pdf>
Package pdftex.def Info: figs/eda-de-eig/f2-eps-converted-to.pdf used on input 
line 1054.
(pdftex.def)             Requested size: 140.84256pt x 114.4115pt.
Package epstopdf Info: Source file: <figs/eda-de-eig/f3.eps>
(epstopdf)                    date: 2016-10-17 12:14:38
(epstopdf)                    size: 18385 bytes
(epstopdf)             Output file: <figs/eda-de-eig/f3-eps-converted-to.pdf>
(epstopdf)                    date: 2016-10-17 12:14:38
(epstopdf)                    size: 8093 bytes
(epstopdf)             Command: <epstopdf --outfile=figs/eda-de-eig/f3-eps-conv
erted-to.pdf figs/eda-de-eig/f3.eps>
(epstopdf)             \includegraphics on input line 1055.
Package epstopdf Info: Output file is already uptodate.

<figs/eda-de-eig/f3-eps-converted-to.pdf, id=326, 502.87875pt x 408.52625pt>
File: figs/eda-de-eig/f3-eps-converted-to.pdf Graphic file (type pdf)

<use figs/eda-de-eig/f3-eps-converted-to.pdf>
Package pdftex.def Info: figs/eda-de-eig/f3-eps-converted-to.pdf used on input 
line 1055.
(pdftex.def)             Requested size: 140.84256pt x 114.4115pt.
Package epstopdf Info: Source file: <figs/eda-de-eig/f4.eps>
(epstopdf)                    date: 2016-10-17 12:14:38
(epstopdf)                    size: 16304 bytes
(epstopdf)             Output file: <figs/eda-de-eig/f4-eps-converted-to.pdf>
(epstopdf)                    date: 2016-10-17 12:14:38
(epstopdf)                    size: 8027 bytes
(epstopdf)             Command: <epstopdf --outfile=figs/eda-de-eig/f4-eps-conv
erted-to.pdf figs/eda-de-eig/f4.eps>
(epstopdf)             \includegraphics on input line 1056.
Package epstopdf Info: Output file is already uptodate.

<figs/eda-de-eig/f4-eps-converted-to.pdf, id=327, 502.87875pt x 408.52625pt>
File: figs/eda-de-eig/f4-eps-converted-to.pdf Graphic file (type pdf)

<use figs/eda-de-eig/f4-eps-converted-to.pdf>
Package pdftex.def Info: figs/eda-de-eig/f4-eps-converted-to.pdf used on input 
line 1056.
(pdftex.def)             Requested size: 140.84256pt x 114.4115pt.
Package epstopdf Info: Source file: <figs/eda-de-eig/f5.eps>
(epstopdf)                    date: 2016-10-17 12:14:38
(epstopdf)                    size: 18403 bytes
(epstopdf)             Output file: <figs/eda-de-eig/f5-eps-converted-to.pdf>
(epstopdf)                    date: 2016-10-17 12:14:38
(epstopdf)                    size: 8072 bytes
(epstopdf)             Command: <epstopdf --outfile=figs/eda-de-eig/f5-eps-conv
erted-to.pdf figs/eda-de-eig/f5.eps>
(epstopdf)             \includegraphics on input line 1057.
Package epstopdf Info: Output file is already uptodate.

<figs/eda-de-eig/f5-eps-converted-to.pdf, id=328, 502.87875pt x 408.52625pt>
File: figs/eda-de-eig/f5-eps-converted-to.pdf Graphic file (type pdf)

<use figs/eda-de-eig/f5-eps-converted-to.pdf>
Package pdftex.def Info: figs/eda-de-eig/f5-eps-converted-to.pdf used on input 
line 1057.
(pdftex.def)             Requested size: 140.84256pt x 114.4115pt.
Package epstopdf Info: Source file: <figs/eda-de-eig/f7.eps>
(epstopdf)                    date: 2016-10-17 12:14:38
(epstopdf)                    size: 16090 bytes
(epstopdf)             Output file: <figs/eda-de-eig/f7-eps-converted-to.pdf>
(epstopdf)                    date: 2016-10-17 12:14:38
(epstopdf)                    size: 8630 bytes
(epstopdf)             Command: <epstopdf --outfile=figs/eda-de-eig/f7-eps-conv
erted-to.pdf figs/eda-de-eig/f7.eps>
(epstopdf)             \includegraphics on input line 1059.
Package epstopdf Info: Output file is already uptodate.

<figs/eda-de-eig/f7-eps-converted-to.pdf, id=329, 498.86375pt x 408.52625pt>
File: figs/eda-de-eig/f7-eps-converted-to.pdf Graphic file (type pdf)

<use figs/eda-de-eig/f7-eps-converted-to.pdf>
Package pdftex.def Info: figs/eda-de-eig/f7-eps-converted-to.pdf used on input 
line 1059.
(pdftex.def)             Requested size: 140.84256pt x 115.33408pt.
Package epstopdf Info: Source file: <figs/eda-de-eig/f8.eps>
(epstopdf)                    date: 2016-10-17 12:14:38
(epstopdf)                    size: 14643 bytes
(epstopdf)             Output file: <figs/eda-de-eig/f8-eps-converted-to.pdf>
(epstopdf)                    date: 2016-10-17 12:14:38
(epstopdf)                    size: 8341 bytes
(epstopdf)             Command: <epstopdf --outfile=figs/eda-de-eig/f8-eps-conv
erted-to.pdf figs/eda-de-eig/f8.eps>
(epstopdf)             \includegraphics on input line 1060.
Package epstopdf Info: Output file is already uptodate.

<figs/eda-de-eig/f8-eps-converted-to.pdf, id=330, 494.84875pt x 408.52625pt>
File: figs/eda-de-eig/f8-eps-converted-to.pdf Graphic file (type pdf)

<use figs/eda-de-eig/f8-eps-converted-to.pdf>
Package pdftex.def Info: figs/eda-de-eig/f8-eps-converted-to.pdf used on input 
line 1060.
(pdftex.def)             Requested size: 140.84256pt x 116.26912pt.
Package epstopdf Info: Source file: <figs/eda-de-eig/f9.eps>
(epstopdf)                    date: 2016-10-17 12:14:40
(epstopdf)                    size: 19405 bytes
(epstopdf)             Output file: <figs/eda-de-eig/f9-eps-converted-to.pdf>
(epstopdf)                    date: 2016-10-17 12:14:40
(epstopdf)                    size: 8284 bytes
(epstopdf)             Command: <epstopdf --outfile=figs/eda-de-eig/f9-eps-conv
erted-to.pdf figs/eda-de-eig/f9.eps>
(epstopdf)             \includegraphics on input line 1061.
Package epstopdf Info: Output file is already uptodate.

<figs/eda-de-eig/f9-eps-converted-to.pdf, id=331, 502.87875pt x 408.52625pt>
File: figs/eda-de-eig/f9-eps-converted-to.pdf Graphic file (type pdf)

<use figs/eda-de-eig/f9-eps-converted-to.pdf>
Package pdftex.def Info: figs/eda-de-eig/f9-eps-converted-to.pdf used on input 
line 1061.
(pdftex.def)             Requested size: 140.84256pt x 114.4115pt.
Package epstopdf Info: Source file: <figs/eda-de-eig/f10.eps>
(epstopdf)                    date: 2016-10-17 12:14:36
(epstopdf)                    size: 19087 bytes
(epstopdf)             Output file: <figs/eda-de-eig/f10-eps-converted-to.pdf>
(epstopdf)                    date: 2016-10-17 12:14:36
(epstopdf)                    size: 8085 bytes
(epstopdf)             Command: <epstopdf --outfile=figs/eda-de-eig/f10-eps-con
verted-to.pdf figs/eda-de-eig/f10.eps>
(epstopdf)             \includegraphics on input line 1062.
Package epstopdf Info: Output file is already uptodate.

<figs/eda-de-eig/f10-eps-converted-to.pdf, id=332, 502.87875pt x 408.52625pt>
File: figs/eda-de-eig/f10-eps-converted-to.pdf Graphic file (type pdf)

<use figs/eda-de-eig/f10-eps-converted-to.pdf>
Package pdftex.def Info: figs/eda-de-eig/f10-eps-converted-to.pdf used on input
 line 1062.
(pdftex.def)             Requested size: 140.84256pt x 114.4115pt.
Package epstopdf Info: Source file: <figs/eda-de-eig/f11.eps>
(epstopdf)                    date: 2016-10-17 12:14:36
(epstopdf)                    size: 17801 bytes
(epstopdf)             Output file: <figs/eda-de-eig/f11-eps-converted-to.pdf>
(epstopdf)                    date: 2016-10-17 12:14:36
(epstopdf)                    size: 6966 bytes
(epstopdf)             Command: <epstopdf --outfile=figs/eda-de-eig/f11-eps-con
verted-to.pdf figs/eda-de-eig/f11.eps>
(epstopdf)             \includegraphics on input line 1063.
Package epstopdf Info: Output file is already uptodate.

<figs/eda-de-eig/f11-eps-converted-to.pdf, id=333, 502.87875pt x 408.52625pt>
File: figs/eda-de-eig/f11-eps-converted-to.pdf Graphic file (type pdf)

<use figs/eda-de-eig/f11-eps-converted-to.pdf>
Package pdftex.def Info: figs/eda-de-eig/f11-eps-converted-to.pdf used on input
 line 1063.
(pdftex.def)             Requested size: 140.84256pt x 114.4115pt.
Package epstopdf Info: Source file: <figs/eda-de-eig/f12.eps>
(epstopdf)                    date: 2016-10-17 12:14:36
(epstopdf)                    size: 19092 bytes
(epstopdf)             Output file: <figs/eda-de-eig/f12-eps-converted-to.pdf>
(epstopdf)                    date: 2016-10-17 12:14:36
(epstopdf)                    size: 7772 bytes
(epstopdf)             Command: <epstopdf --outfile=figs/eda-de-eig/f12-eps-con
verted-to.pdf figs/eda-de-eig/f12.eps>
(epstopdf)             \includegraphics on input line 1064.
Package epstopdf Info: Output file is already uptodate.

<figs/eda-de-eig/f12-eps-converted-to.pdf, id=334, 502.87875pt x 408.52625pt>
File: figs/eda-de-eig/f12-eps-converted-to.pdf Graphic file (type pdf)

<use figs/eda-de-eig/f12-eps-converted-to.pdf>
Package pdftex.def Info: figs/eda-de-eig/f12-eps-converted-to.pdf used on input
 line 1064.
(pdftex.def)             Requested size: 140.84256pt x 114.4115pt.
Package epstopdf Info: Source file: <figs/eda-de-eig/f13.eps>
(epstopdf)                    date: 2016-10-17 12:14:36
(epstopdf)                    size: 19095 bytes
(epstopdf)             Output file: <figs/eda-de-eig/f13-eps-converted-to.pdf>
(epstopdf)                    date: 2016-10-17 12:14:36
(epstopdf)                    size: 7744 bytes
(epstopdf)             Command: <epstopdf --outfile=figs/eda-de-eig/f13-eps-con
verted-to.pdf figs/eda-de-eig/f13.eps>
(epstopdf)             \includegraphics on input line 1065.
Package epstopdf Info: Output file is already uptodate.

<figs/eda-de-eig/f13-eps-converted-to.pdf, id=335, 502.87875pt x 408.52625pt>
File: figs/eda-de-eig/f13-eps-converted-to.pdf Graphic file (type pdf)

<use figs/eda-de-eig/f13-eps-converted-to.pdf>
Package pdftex.def Info: figs/eda-de-eig/f13-eps-converted-to.pdf used on input
 line 1065.
(pdftex.def)             Requested size: 140.84256pt x 114.4115pt.
 [24] [25 <E:/graduation/figs/eda-de-eig/f1-eps-converted-to.pdf> <E:/graduatio
n/figs/eda-de-eig/f2-eps-converted-to.pdf> <E:/graduation/figs/eda-de-eig/f3-ep
s-converted-to.pdf> <E:/graduation/figs/eda-de-eig/f4-eps-converted-to.pdf> <E:
/graduation/figs/eda-de-eig/f5-eps-converted-to.pdf> <E:/graduation/figs/eda-de
-eig/f7-eps-converted-to.pdf> <E:/graduation/figs/eda-de-eig/f8-eps-converted-t
o.pdf> <E:/graduation/figs/eda-de-eig/f9-eps-converted-to.pdf> <E:/graduation/f
igs/eda-de-eig/f10-eps-converted-to.pdf> <E:/graduation/figs/eda-de-eig/f11-eps
-converted-to.pdf> <E:/graduation/figs/eda-de-eig/f12-eps-converted-to.pdf> <E:
/graduation/figs/eda-de-eig/f13-eps-converted-to.pdf>] [26] (E:\graduation\æ¯•ä
¸šè®ºæ–‡.bbl
LaTeX Font Info:    Try loading font information for C19+HEI on input line 82.

(C:\CTEX\CTeX\tex\latex\CJK\GB\c19hei.fd
File: c19hei.fd 2009/09/23 4.8.2
)

LaTeX Font Warning: Font shape `C19/HEI/m/n' undefined
(Font)              using `C19/song/m/n' instead on input line 82.

[27] [28]) [29] [30] [31] (E:\graduation\æ¯•ä¸šè®ºæ–‡.aux)

LaTeX Font Warning: Size substitutions with differences
(Font)              up to 1.35pt have occurred.


LaTeX Font Warning: Some font shapes were not available, defaults substituted.


LaTeX Warning: There were undefined references.

 ) 
Here is how much of TeX's memory you used:
 19504 strings out of 495354
 325066 string characters out of 3183859
 372562 words of memory out of 3000000
 22089 multiletter control sequences out of 15000+200000
 105279 words of font info for 350 fonts, out of 3000000 for 9000
 14 hyphenation exceptions out of 8191
 56i,18n,55p,885b,961s stack positions out of 5000i,500n,10000p,200000b,50000s
<C:/CTEX/CTeX/fonts/truetype/chinese/simsun.ttf><C:/CTEX/CTeX/fonts/truetype/
chinese/simsun.ttf><C:/CTEX/CTeX/fonts/truetype/chinese/simsun.ttf>{C:/CTEX/MiK
TeX/fonts/enc/dvips/cm-super/cm-super-t1.enc}<C:/CTEX/CTeX/fonts/truetype/chine
se/simsun.ttf><C:/CTEX/CTeX/fonts/truetype/chinese/simsun.ttf><C:/CTEX/CTeX/fon
ts/truetype/chinese/simsun.ttf><C:/CTEX/CTeX/fonts/truetype/chinese/simsun.ttf>
<C:/CTEX/CTeX/fonts/truetype/chinese/simsun.ttf><C:/CTEX/CTeX/fonts/truetype/ch
inese/simsun.ttf><C:/CTEX/CTeX/fonts/truetype/chinese/simsun.ttf><C:/CTEX/CTeX/
fonts/truetype/chinese/simsun.ttf><C:/CTEX/CTeX/fonts/truetype/chinese/simsun.t
tf><C:/CTEX/CTeX/fonts/truetype/chinese/simsun.ttf><C:/CTEX/CTeX/fonts/truetype
/chinese/simsun.ttf><C:/CTEX/CTeX/fonts/truetype/chinese/simsun.ttf><C:/CTEX/CT
eX/fonts/truetype/chinese/simsun.ttf><C:/CTEX/CTeX/fonts/truetype/chinese/simsu
n.ttf><C:/CTEX/CTeX/fonts/truetype/chinese/simsun.ttf><C:/CTEX/CTeX/fonts/truet
ype/chinese/simsun.ttf><C:/CTEX/CTeX/fonts/truetype/chinese/simsun.ttf><C:/CTEX
/CTeX/fonts/truetype/chinese/simsun.ttf><C:/CTEX/CTeX/fonts/truetype/chinese/si
msun.ttf><C:/CTEX/CTeX/fonts/truetype/chinese/simsun.ttf><C:/CTEX/CTeX/fonts/tr
uetype/chinese/simsun.ttf><C:/CTEX/CTeX/fonts/truetype/chinese/simsun.ttf><C:/C
TEX/CTeX/fonts/truetype/chinese/simsun.ttf><C:/CTEX/CTeX/fonts/truetype/chinese
/simsun.ttf><C:/CTEX/CTeX/fonts/truetype/chinese/simsun.ttf><C:/CTEX/CTeX/fonts
/truetype/chinese/simsun.ttf><C:/CTEX/CTeX/fonts/truetype/chinese/simsun.ttf><C
:/CTEX/CTeX/fonts/truetype/chinese/simsun.ttf><C:/CTEX/CTeX/fonts/truetype/chin
ese/simsun.ttf><C:/CTEX/CTeX/fonts/truetype/chinese/simsun.ttf><C:/CTEX/CTeX/fo
nts/truetype/chinese/simsun.ttf><C:/CTEX/CTeX/fonts/truetype/chinese/simsun.ttf
><C:/CTEX/CTeX/fonts/truetype/chinese/simsun.ttf><C:/CTEX/CTeX/fonts/truetype/c
hinese/simsun.ttf><C:/CTEX/CTeX/fonts/truetype/chinese/simsun.ttf><C:/CTEX/CTeX
/fonts/truetype/chinese/simsun.ttf><C:/CTEX/CTeX/fonts/truetype/chinese/simsun.
ttf><C:/CTEX/CTeX/fonts/truetype/chinese/simsun.ttf><C:/Windows/Fonts/simhei.tt
f><C:/CTEX/CTeX/fonts/truetype/chinese/simsun.ttf><C:/CTEX/CTeX/fonts/truetype/
chinese/simsun.ttf><C:/CTEX/CTeX/fonts/truetype/chinese/simsun.ttf><C:/CTEX/CTe
X/fonts/truetype/chinese/simsun.ttf><C:/Windows/Fonts/simhei.ttf><C:/Windows/Fo
nts/simhei.ttf><C:/Windows/Fonts/simhei.ttf><C:/Windows/Fonts/simhei.ttf><C:/Wi
ndows/Fonts/simhei.ttf><C:/Windows/Fonts/simhei.ttf><C:/Windows/Fonts/simhei.tt
f><C:/Windows/Fonts/simhei.ttf><C:/Windows/Fonts/simhei.ttf><C:/Windows/Fonts/s
imhei.ttf><C:/Windows/Fonts/simhei.ttf><C:/Windows/Fonts/simhei.ttf><C:/Windows
/Fonts/simhei.ttf><C:/Windows/Fonts/simhei.ttf><C:/Windows/Fonts/simhei.ttf><C:
/Windows/Fonts/simhei.ttf><C:/Windows/Fonts/simhei.ttf><C:/Windows/Fonts/simhei
.ttf><C:/Windows/Fonts/simhei.ttf><C:/Windows/Fonts/simhei.ttf><C:/Windows/Font
s/simhei.ttf><C:/Windows/Fonts/simhei.ttf><C:/Windows/Fonts/simhei.ttf><C:/Wind
ows/Fonts/simhei.ttf><C:/Windows/Fonts/simhei.ttf><C:/Windows/Fonts/simhei.ttf>
<C:/Windows/Fonts/simhei.ttf><C:/CTEX/CTeX/fonts/truetype/chinese/simsun.ttf><C
:/CTEX/CTeX/fonts/truetype/chinese/simsun.ttf><C:/CTEX/CTeX/fonts/truetype/chin
ese/simsun.ttf><C:/CTEX/CTeX/fonts/truetype/chinese/simsun.ttf><C:/CTEX/CTeX/fo
nts/truetype/chinese/simsun.ttf><C:/CTEX/CTeX/fonts/truetype/chinese/simsun.ttf
><C:/CTEX/CTeX/fonts/truetype/chinese/simsun.ttf><C:/CTEX/CTeX/fonts/truetype/c
hinese/simsun.ttf><C:/CTEX/CTeX/fonts/truetype/chinese/simsun.ttf><C:/CTEX/CTeX
/fonts/truetype/chinese/simsun.ttf><C:/CTEX/CTeX/fonts/truetype/chinese/simsun.
ttf><C:/CTEX/CTeX/fonts/truetype/chinese/simsun.ttf><C:/CTEX/MiKTeX/fonts/type1
/public/amsfonts/cm/cmex10.pfb><C:/CTEX/MiKTeX/fonts/type1/public/amsfonts/cm/c
mmi10.pfb><C:/CTEX/MiKTeX/fonts/type1/public/amsfonts/cm/cmmi12.pfb><C:/CTEX/Mi
KTeX/fonts/type1/public/amsfonts/cm/cmmi6.pfb><C:/CTEX/MiKTeX/fonts/type1/publi
c/amsfonts/cm/cmmi8.pfb><C:/CTEX/MiKTeX/fonts/type1/public/amsfonts/cm/cmr10.pf
b><C:/CTEX/MiKTeX/fonts/type1/public/amsfonts/cm/cmr12.pfb><C:/CTEX/MiKTeX/font
s/type1/public/amsfonts/cm/cmr6.pfb><C:/CTEX/MiKTeX/fonts/type1/public/amsfonts
/cm/cmr8.pfb><C:/CTEX/MiKTeX/fonts/type1/public/amsfonts/cm/cmsy10.pfb><C:/CTEX
/MiKTeX/fonts/type1/public/amsfonts/cm/cmsy6.pfb><C:/CTEX/MiKTeX/fonts/type1/pu
blic/amsfonts/cm/cmsy8.pfb><C:/CTEX/MiKTeX/fonts/type1/public/cm-super/sfbx0800
.pfb><C:/CTEX/MiKTeX/fonts/type1/public/cm-super/sfbx1200.pfb><C:/CTEX/MiKTeX/f
onts/type1/public/cm-super/sfbx1440.pfb><C:/CTEX/MiKTeX/fonts/type1/public/cm-s
uper/sfbx1728.pfb><C:/CTEX/MiKTeX/fonts/type1/public/cm-super/sfbx2074.pfb><C:/
CTEX/MiKTeX/fonts/type1/public/cm-super/sfbx2488.pfb><C:/CTEX/MiKTeX/fonts/type
1/public/cm-super/sfrm0800.pfb><C:/CTEX/MiKTeX/fonts/type1/public/cm-super/sfrm
1000.pfb><C:/CTEX/MiKTeX/fonts/type1/public/cm-super/sfrm1200.pfb><C:/CTEX/MiKT
eX/fonts/type1/public/cm-super/sfrm1440.pfb><C:/CTEX/MiKTeX/fonts/type1/public/
cm-super/sfrm2074.pfb><C:/CTEX/MiKTeX/fonts/type1/public/cm-super/sfti1200.pfb>

Output written on æ¯•ä¸šè®ºæ–‡.pdf (39 pages, 1075078 bytes).
PDF statistics:
 769 PDF objects out of 1000 (max. 8388607)
 0 named destinations out of 1000 (max. 500000)
 206 words of extra memory for PDF output out of 10000 (max. 10000000)

