This is pdfTeX, Version 3.1415926-2.3-1.40.12 (MiKTeX 2.9) (preloaded format=pdflatex 2016.12.26)  8 APR 2017 20:05
entering extended mode
**C:/Users/neal1/project/graduation/ç›²å®¡è®ºæ–‡.tex
(C:/Users/neal1/project/graduation/ç›²å®¡è®ºæ–‡.tex
LaTeX2e <2011/06/27>
Babel <v3.8m> and hyphenation patterns for loaded.
(C:\CTEX\MiKTeX\tex\latex\base\article.cls
Document Class: article 2007/10/19 v1.4h Standard LaTeX document class
(C:\CTEX\MiKTeX\tex\latex\base\size12.clo
File: size12.clo 2007/10/19 v1.4h Standard LaTeX file (size option)
)
\c@part=\count79
\c@section=\count80
\c@subsection=\count81
\c@subsubsection=\count82
\c@paragraph=\count83
\c@subparagraph=\count84
\c@figure=\count85
\c@table=\count86
\abovecaptionskip=\skip41
\belowcaptionskip=\skip42
\bibindent=\dimen102
)
(C:\CTEX\MiKTeX\tex\latex\cjk\CJK.sty
Package: CJK 2008/12/29 4.8.2

(C:\CTEX\MiKTeX\tex\latex\cjk\mule\MULEenc.sty
Package: MULEenc 2008/12/29 4.8.2
)
(C:\CTEX\MiKTeX\tex\latex\cjk\CJK.enc
File: CJK.enc 2008/12/29 4.8.2
)
LaTeX Info: Redefining \selectfont on input line 756.
\CJK@indent=\box26
)
(C:\CTEX\MiKTeX\tex\latex\cjk\CJKnumb.sty
Package: CJKnumb 2008/12/29 4.8.2
\CJK@q=\count87
\CJK@r=\count88
)
(C:\CTEX\CTeX\tex\latex\ccmap\ccmap.sty
Package: ccmap 2006/11/18

(C:\CTEX\MiKTeX\tex\generic\oberdiek\ifpdf.sty
Package: ifpdf 2011/01/30 v2.3 Provides the ifpdf switch (HO)
Package ifpdf Info: pdfTeX in PDF mode is detected.
)
\CCT@hooka@@=\toks14
)
(C:\CTEX\MiKTeX\tex\latex\bbm\bbm.sty
Package: bbm 1999/03/15 V 1.2 provides fonts for set symbols - TH
LaTeX Font Info:    Overwriting math alphabet `\mathbbm' in version `bold'
(Font)                  U/bbm/m/n --> U/bbm/bx/n on input line 33.
LaTeX Font Info:    Overwriting math alphabet `\mathbbmss' in version `bold'
(Font)                  U/bbmss/m/n --> U/bbmss/bx/n on input line 35.
) (C:\CTEX\MiKTeX\tex\latex\tipa\tipa.sty
Package: tipa 2002/08/08 TIPA version 1.1

(C:\CTEX\MiKTeX\tex\latex\base\fontenc.sty
Package: fontenc 2005/09/27 v1.99g Standard LaTeX package

(C:\CTEX\MiKTeX\tex\latex\tipa\t3enc.def
File: t3enc.def 2001/12/31 T3 encoding
<<ot1.cmap>>)
(C:\CTEX\MiKTeX\tex\latex\base\ot1enc.def
File: ot1enc.def 2005/09/27 v1.99g Standard LaTeX file
LaTeX Font Info:    Redeclaring font encoding OT1 on input line 43.
)))
(C:\CTEX\MiKTeX\tex\latex\stmaryrd\stmaryrd.sty
Package: stmaryrd 1994/03/03 St Mary's Road symbol package
\symstmry=\mathgroup4
LaTeX Font Info:    Overwriting symbol font `stmry' in version `bold'
(Font)                  U/stmry/m/n --> U/stmry/b/n on input line 89.
)
(C:\CTEX\MiKTeX\tex\latex\base\latexsym.sty
Package: latexsym 1998/08/17 v2.2e Standard LaTeX package (lasy symbols)
\symlasy=\mathgroup5
LaTeX Font Info:    Overwriting symbol font `lasy' in version `bold'
(Font)                  U/lasy/m/n --> U/lasy/b/n on input line 47.
)
(C:\CTEX\MiKTeX\tex\latex\tools\bm.sty
Package: bm 2004/02/26 v1.1c Bold Symbol Support (DPC/FMi)
\symboldoperators=\mathgroup6
\symboldletters=\mathgroup7
\symboldsymbols=\mathgroup8
\symboldstmry=\mathgroup9
LaTeX Font Info:    Redeclaring math alphabet \mathbf on input line 138.
LaTeX Info: Redefining \bm on input line 204.
)
(C:\CTEX\MiKTeX\tex\latex\amsfonts\amsfonts.sty
Package: amsfonts 2009/06/22 v3.00 Basic AMSFonts support
\@emptytoks=\toks15
\symAMSa=\mathgroup10
\symAMSb=\mathgroup11
LaTeX Font Info:    Overwriting math alphabet `\mathfrak' in version `bold'
(Font)                  U/euf/m/n --> U/euf/b/n on input line 96.
)
(C:\CTEX\MiKTeX\tex\latex\amsfonts\amssymb.sty
Package: amssymb 2009/06/22 v3.00
LaTeX Font Info:    Redeclaring math symbol \boxdot on input line 39.
)
(C:\CTEX\MiKTeX\tex\latex\graphics\graphics.sty
Package: graphics 2009/02/05 v1.0o Standard LaTeX Graphics (DPC,SPQR)

(C:\CTEX\MiKTeX\tex\latex\graphics\trig.sty
Package: trig 1999/03/16 v1.09 sin cos tan (DPC)
)
(C:\CTEX\MiKTeX\tex\latex\00miktex\graphics.cfg
File: graphics.cfg 2007/01/18 v1.5 graphics configuration of teTeX/TeXLive
)
Package graphics Info: Driver file: dvips.def on input line 91.

(C:\CTEX\MiKTeX\tex\latex\graphics\dvips.def
File: dvips.def 1999/02/16 v3.0i Driver-dependant file (DPC,SPQR)
))
(C:\CTEX\MiKTeX\tex\latex\jknappen\mathrsfs.sty
Package: mathrsfs 1996/01/01 Math RSFS package v1.0 (jk)
\symrsfs=\mathgroup12
)
(C:\CTEX\MiKTeX\tex\latex\pgf\frontendlayer\tikz.sty
(C:\CTEX\MiKTeX\tex\latex\pgf\basiclayer\pgf.sty
(C:\CTEX\MiKTeX\tex\latex\pgf\utilities\pgfrcs.sty
(C:\CTEX\MiKTeX\tex\generic\pgf\utilities\pgfutil-common.tex
\pgfutil@everybye=\toks16
)
(C:\CTEX\MiKTeX\tex\generic\pgf\utilities\pgfutil-latex.def
\pgfutil@abb=\box27

(C:\CTEX\MiKTeX\tex\latex\ms\everyshi.sty
Package: everyshi 2001/05/15 v3.00 EveryShipout Package (MS)
))
(C:\CTEX\MiKTeX\tex\generic\pgf\utilities\pgfrcs.code.tex
Package: pgfrcs 2010/10/25 v2.10 (rcs-revision 1.24)
))
Package: pgf 2008/01/15 v2.10 (rcs-revision 1.12)

(C:\CTEX\MiKTeX\tex\latex\pgf\basiclayer\pgfcore.sty
(C:\CTEX\MiKTeX\tex\latex\graphics\graphicx.sty
Package: graphicx 1999/02/16 v1.0f Enhanced LaTeX Graphics (DPC,SPQR)

(C:\CTEX\MiKTeX\tex\latex\graphics\keyval.sty
Package: keyval 1999/03/16 v1.13 key=value parser (DPC)
\KV@toks@=\toks17
)
\Gin@req@height=\dimen103
\Gin@req@width=\dimen104
)
(C:\CTEX\MiKTeX\tex\latex\pgf\systemlayer\pgfsys.sty
(C:\CTEX\MiKTeX\tex\generic\pgf\systemlayer\pgfsys.code.tex
Package: pgfsys 2010/06/30 v2.10 (rcs-revision 1.37)

(C:\CTEX\MiKTeX\tex\generic\pgf\utilities\pgfkeys.code.tex
\pgfkeys@pathtoks=\toks18
\pgfkeys@temptoks=\toks19

(C:\CTEX\MiKTeX\tex\generic\pgf\utilities\pgfkeysfiltered.code.tex
\pgfkeys@tmptoks=\toks20
))
\pgf@x=\dimen105
\pgf@y=\dimen106
\pgf@xa=\dimen107
\pgf@ya=\dimen108
\pgf@xb=\dimen109
\pgf@yb=\dimen110
\pgf@xc=\dimen111
\pgf@yc=\dimen112
\w@pgf@writea=\write3
\r@pgf@reada=\read1
\c@pgf@counta=\count89
\c@pgf@countb=\count90
\c@pgf@countc=\count91
\c@pgf@countd=\count92

(C:\CTEX\MiKTeX\tex\generic\pgf\systemlayer\pgf.cfg
File: pgf.cfg 2008/05/14  (rcs-revision 1.7)
)
Package pgfsys Info: Driver file for pgf: pgfsys-dvips.def on input line 900.

(C:\CTEX\MiKTeX\tex\generic\pgf\systemlayer\pgfsys-dvips.def
File: pgfsys-dvips.def 2008/04/03  (rcs-revision 1.20)

(C:\CTEX\MiKTeX\tex\generic\pgf\systemlayer\pgfsys-common-postscript.def
File: pgfsys-common-postscript.def 2008/10/01  (rcs-revision 1.22)
\pgf@objectcount=\count93
)))
(C:\CTEX\MiKTeX\tex\generic\pgf\systemlayer\pgfsyssoftpath.code.tex
File: pgfsyssoftpath.code.tex 2008/07/18  (rcs-revision 1.7)
\pgfsyssoftpath@smallbuffer@items=\count94
\pgfsyssoftpath@bigbuffer@items=\count95
)
(C:\CTEX\MiKTeX\tex\generic\pgf\systemlayer\pgfsysprotocol.code.tex
File: pgfsysprotocol.code.tex 2006/10/16  (rcs-revision 1.4)
))
(C:\CTEX\MiKTeX\tex\latex\xcolor\xcolor.sty
Package: xcolor 2007/01/21 v2.11 LaTeX color extensions (UK)

(C:\CTEX\MiKTeX\tex\latex\00miktex\color.cfg
File: color.cfg 2007/01/18 v1.5 color configuration of teTeX/TeXLive
)
Package xcolor Info: Driver file: pdftex.def on input line 225.

(C:\CTEX\MiKTeX\tex\latex\pdftex-def\pdftex.def
File: pdftex.def 2011/05/27 v0.06d Graphics/color for pdfTeX

(C:\CTEX\MiKTeX\tex\generic\oberdiek\infwarerr.sty
Package: infwarerr 2010/04/08 v1.3 Providing info/warning/message (HO)
)
(C:\CTEX\MiKTeX\tex\generic\oberdiek\ltxcmds.sty
Package: ltxcmds 2011/04/18 v1.20 LaTeX kernel commands for general use (HO)
)
\Gread@gobject=\count96
)
Package xcolor Info: Model `cmy' substituted by `cmy0' on input line 1337.
Package xcolor Info: Model `RGB' extended on input line 1353.
Package xcolor Info: Model `HTML' substituted by `rgb' on input line 1355.
Package xcolor Info: Model `Hsb' substituted by `hsb' on input line 1356.
Package xcolor Info: Model `tHsb' substituted by `hsb' on input line 1357.
Package xcolor Info: Model `HSB' substituted by `hsb' on input line 1358.
Package xcolor Info: Model `Gray' substituted by `gray' on input line 1359.
Package xcolor Info: Model `wave' substituted by `hsb' on input line 1360.
)
(C:\CTEX\MiKTeX\tex\generic\pgf\basiclayer\pgfcore.code.tex
Package: pgfcore 2010/04/11 v2.10 (rcs-revision 1.7)

(C:\CTEX\MiKTeX\tex\generic\pgf\math\pgfmath.code.tex
(C:\CTEX\MiKTeX\tex\generic\pgf\math\pgfmathcalc.code.tex
(C:\CTEX\MiKTeX\tex\generic\pgf\math\pgfmathutil.code.tex)
(C:\CTEX\MiKTeX\tex\generic\pgf\math\pgfmathparser.code.tex
\pgfmath@dimen=\dimen113
\pgfmath@count=\count97
\pgfmath@box=\box28
\pgfmath@toks=\toks21
\pgfmath@stack@operand=\toks22
\pgfmath@stack@operation=\toks23
)
(C:\CTEX\MiKTeX\tex\generic\pgf\math\pgfmathfunctions.code.tex
(C:\CTEX\MiKTeX\tex\generic\pgf\math\pgfmathfunctions.basic.code.tex)
(C:\CTEX\MiKTeX\tex\generic\pgf\math\pgfmathfunctions.trigonometric.code.tex)
(C:\CTEX\MiKTeX\tex\generic\pgf\math\pgfmathfunctions.random.code.tex)
(C:\CTEX\MiKTeX\tex\generic\pgf\math\pgfmathfunctions.comparison.code.tex)
(C:\CTEX\MiKTeX\tex\generic\pgf\math\pgfmathfunctions.base.code.tex)
(C:\CTEX\MiKTeX\tex\generic\pgf\math\pgfmathfunctions.round.code.tex)
(C:\CTEX\MiKTeX\tex\generic\pgf\math\pgfmathfunctions.misc.code.tex)))
(C:\CTEX\MiKTeX\tex\generic\pgf\math\pgfmathfloat.code.tex
\c@pgfmathroundto@lastzeros=\count98
))
(C:\CTEX\MiKTeX\tex\generic\pgf\basiclayer\pgfcorepoints.code.tex
File: pgfcorepoints.code.tex 2010/04/09  (rcs-revision 1.20)
\pgf@picminx=\dimen114
\pgf@picmaxx=\dimen115
\pgf@picminy=\dimen116
\pgf@picmaxy=\dimen117
\pgf@pathminx=\dimen118
\pgf@pathmaxx=\dimen119
\pgf@pathminy=\dimen120
\pgf@pathmaxy=\dimen121
\pgf@xx=\dimen122
\pgf@xy=\dimen123
\pgf@yx=\dimen124
\pgf@yy=\dimen125
\pgf@zx=\dimen126
\pgf@zy=\dimen127
)
(C:\CTEX\MiKTeX\tex\generic\pgf\basiclayer\pgfcorepathconstruct.code.tex
File: pgfcorepathconstruct.code.tex 2010/08/03  (rcs-revision 1.24)
\pgf@path@lastx=\dimen128
\pgf@path@lasty=\dimen129
)
(C:\CTEX\MiKTeX\tex\generic\pgf\basiclayer\pgfcorepathusage.code.tex
File: pgfcorepathusage.code.tex 2008/04/22  (rcs-revision 1.12)
\pgf@shorten@end@additional=\dimen130
\pgf@shorten@start@additional=\dimen131
)
(C:\CTEX\MiKTeX\tex\generic\pgf\basiclayer\pgfcorescopes.code.tex
File: pgfcorescopes.code.tex 2010/09/08  (rcs-revision 1.34)
\pgfpic=\box29
\pgf@hbox=\box30
\pgf@layerbox@main=\box31
\pgf@picture@serial@count=\count99
)
(C:\CTEX\MiKTeX\tex\generic\pgf\basiclayer\pgfcoregraphicstate.code.tex
File: pgfcoregraphicstate.code.tex 2008/04/22  (rcs-revision 1.9)
\pgflinewidth=\dimen132
)
(C:\CTEX\MiKTeX\tex\generic\pgf\basiclayer\pgfcoretransformations.code.tex
File: pgfcoretransformations.code.tex 2009/06/10  (rcs-revision 1.11)
\pgf@pt@x=\dimen133
\pgf@pt@y=\dimen134
\pgf@pt@temp=\dimen135
)
(C:\CTEX\MiKTeX\tex\generic\pgf\basiclayer\pgfcorequick.code.tex
File: pgfcorequick.code.tex 2008/10/09  (rcs-revision 1.3)
)
(C:\CTEX\MiKTeX\tex\generic\pgf\basiclayer\pgfcoreobjects.code.tex
File: pgfcoreobjects.code.tex 2006/10/11  (rcs-revision 1.2)
)
(C:\CTEX\MiKTeX\tex\generic\pgf\basiclayer\pgfcorepathprocessing.code.tex
File: pgfcorepathprocessing.code.tex 2008/10/09  (rcs-revision 1.8)
)
(C:\CTEX\MiKTeX\tex\generic\pgf\basiclayer\pgfcorearrows.code.tex
File: pgfcorearrows.code.tex 2008/04/23  (rcs-revision 1.11)
)
(C:\CTEX\MiKTeX\tex\generic\pgf\basiclayer\pgfcoreshade.code.tex
File: pgfcoreshade.code.tex 2008/11/23  (rcs-revision 1.13)
\pgf@max=\dimen136
\pgf@sys@shading@range@num=\count100
)
(C:\CTEX\MiKTeX\tex\generic\pgf\basiclayer\pgfcoreimage.code.tex
File: pgfcoreimage.code.tex 2010/03/25  (rcs-revision 1.16)

(C:\CTEX\MiKTeX\tex\generic\pgf\basiclayer\pgfcoreexternal.code.tex
File: pgfcoreexternal.code.tex 2010/09/01  (rcs-revision 1.17)
\pgfexternal@startupbox=\box32
))
(C:\CTEX\MiKTeX\tex\generic\pgf\basiclayer\pgfcorelayers.code.tex
File: pgfcorelayers.code.tex 2010/08/27  (rcs-revision 1.2)
)
(C:\CTEX\MiKTeX\tex\generic\pgf\basiclayer\pgfcoretransparency.code.tex
File: pgfcoretransparency.code.tex 2008/01/17  (rcs-revision 1.2)
)
(C:\CTEX\MiKTeX\tex\generic\pgf\basiclayer\pgfcorepatterns.code.tex
File: pgfcorepatterns.code.tex 2009/07/02  (rcs-revision 1.3)
)))
(C:\CTEX\MiKTeX\tex\generic\pgf\modules\pgfmoduleshapes.code.tex
File: pgfmoduleshapes.code.tex 2010/09/09  (rcs-revision 1.13)
\pgfnodeparttextbox=\box33
)
(C:\CTEX\MiKTeX\tex\generic\pgf\modules\pgfmoduleplot.code.tex
File: pgfmoduleplot.code.tex 2010/10/22  (rcs-revision 1.8)
)
(C:\CTEX\MiKTeX\tex\latex\pgf\compatibility\pgfcomp-version-0-65.sty
Package: pgfcomp-version-0-65 2007/07/03 v2.10 (rcs-revision 1.7)
\pgf@nodesepstart=\dimen137
\pgf@nodesepend=\dimen138
)
(C:\CTEX\MiKTeX\tex\latex\pgf\compatibility\pgfcomp-version-1-18.sty
Package: pgfcomp-version-1-18 2007/07/23 v2.10 (rcs-revision 1.1)
))
(C:\CTEX\MiKTeX\tex\latex\pgf\utilities\pgffor.sty
(C:\CTEX\MiKTeX\tex\latex\pgf\utilities\pgfkeys.sty
(C:\CTEX\MiKTeX\tex\generic\pgf\utilities\pgfkeys.code.tex))
(C:\CTEX\MiKTeX\tex\generic\pgf\utilities\pgffor.code.tex
Package: pgffor 2010/03/23 v2.10 (rcs-revision 1.18)
\pgffor@iter=\dimen139
\pgffor@skip=\dimen140
\pgffor@stack=\toks24
\pgffor@toks=\toks25
))
(C:\CTEX\MiKTeX\tex\generic\pgf\frontendlayer\tikz\tikz.code.tex
Package: tikz 2010/10/13 v2.10 (rcs-revision 1.76)

(C:\CTEX\MiKTeX\tex\generic\pgf\libraries\pgflibraryplothandlers.code.tex
File: pgflibraryplothandlers.code.tex 2010/05/31 v2.10 (rcs-revision 1.15)
\pgf@plot@mark@count=\count101
\pgfplotmarksize=\dimen141
)
\tikz@lastx=\dimen142
\tikz@lasty=\dimen143
\tikz@lastxsaved=\dimen144
\tikz@lastysaved=\dimen145
\tikzleveldistance=\dimen146
\tikzsiblingdistance=\dimen147
\tikz@figbox=\box34
\tikz@tempbox=\box35
\tikztreelevel=\count102
\tikznumberofchildren=\count103
\tikznumberofcurrentchild=\count104
\tikz@fig@count=\count105

(C:\CTEX\MiKTeX\tex\generic\pgf\modules\pgfmodulematrix.code.tex
File: pgfmodulematrix.code.tex 2010/08/24  (rcs-revision 1.4)
\pgfmatrixcurrentrow=\count106
\pgfmatrixcurrentcolumn=\count107
\pgf@matrix@numberofcolumns=\count108
)
\tikz@expandcount=\count109

(C:\CTEX\MiKTeX\tex\generic\pgf\frontendlayer\tikz\libraries\tikzlibrarytopaths
.code.tex
File: tikzlibrarytopaths.code.tex 2008/06/17 v2.10 (rcs-revision 1.2)
))) (C:\CTEX\MiKTeX\tex\latex\oberdiek\epstopdf.sty
Package: epstopdf 2010/02/09 v2.5 Conversion with epstopdf on the fly (HO)

(C:\CTEX\MiKTeX\tex\latex\oberdiek\epstopdf-base.sty
Package: epstopdf-base 2010/02/09 v2.5 Base part for package epstopdf

(C:\CTEX\MiKTeX\tex\latex\oberdiek\grfext.sty
Package: grfext 2010/08/19 v1.1 Managing graphics extensions (HO)

(C:\CTEX\MiKTeX\tex\generic\oberdiek\kvdefinekeys.sty
Package: kvdefinekeys 2011/04/07 v1.3 Defining keys (HO)
))
(C:\CTEX\MiKTeX\tex\latex\oberdiek\kvoptions.sty
Package: kvoptions 2010/12/23 v3.10 Keyval support for LaTeX options (HO)

(C:\CTEX\MiKTeX\tex\generic\oberdiek\kvsetkeys.sty
Package: kvsetkeys 2011/04/07 v1.13 Key value parser (HO)

(C:\CTEX\MiKTeX\tex\generic\oberdiek\etexcmds.sty
Package: etexcmds 2011/02/16 v1.5 Prefix for e-TeX command names (HO)

(C:\CTEX\MiKTeX\tex\generic\oberdiek\ifluatex.sty
Package: ifluatex 2010/03/01 v1.3 Provides the ifluatex switch (HO)
Package ifluatex Info: LuaTeX not detected.
)
Package etexcmds Info: Could not find \expanded.
(etexcmds)             That can mean that you are not using pdfTeX 1.50 or
(etexcmds)             that some package has redefined \expanded.
(etexcmds)             In the latter case, load this package earlier.
)))
(C:\CTEX\MiKTeX\tex\generic\oberdiek\pdftexcmds.sty
Package: pdftexcmds 2011/04/22 v0.16 Utilities of pdfTeX for LuaTeX (HO)
Package pdftexcmds Info: LuaTeX not detected.
Package pdftexcmds Info: \pdf@primitive is available.
Package pdftexcmds Info: \pdf@ifprimitive is available.
Package pdftexcmds Info: \pdfdraftmode found.
)
Package epstopdf-base Info: Redefining graphics rule for `.eps' on input line 4
34.
Package grfext Info: Graphics extension search list:
(grfext)             [.png,.pdf,.jpg,.mps,.jpeg,.jbig2,.jb2,.PNG,.PDF,.JPG,.JPE
G,.JBIG2,.JB2,.eps]
(grfext)             \AppendGraphicsExtensions on input line 452.
))
(C:\CTEX\MiKTeX\tex\latex\tools\indentfirst.sty
Package: indentfirst 1995/11/23 v1.03 Indent first paragraph (DPC)
)
(C:\CTEX\MiKTeX\tex\latex\ams\math\amsmath.sty
Package: amsmath 2000/07/18 v2.13 AMS math features
\@mathmargin=\skip43

For additional information on amsmath, use the `?' option.
(C:\CTEX\MiKTeX\tex\latex\ams\math\amstext.sty
Package: amstext 2000/06/29 v2.01

(C:\CTEX\MiKTeX\tex\latex\ams\math\amsgen.sty
File: amsgen.sty 1999/11/30 v2.0
\@emptytoks=\toks26
\ex@=\dimen148
))
(C:\CTEX\MiKTeX\tex\latex\ams\math\amsbsy.sty
Package: amsbsy 1999/11/29 v1.2d
LaTeX Info: Redefining \boldsymbol on input line 54.
\pmbraise@=\dimen149
)
(C:\CTEX\MiKTeX\tex\latex\ams\math\amsopn.sty
Package: amsopn 1999/12/14 v2.01 operator names
)
\inf@bad=\count110
LaTeX Info: Redefining \frac on input line 211.
\uproot@=\count111
\leftroot@=\count112
LaTeX Info: Redefining \overline on input line 307.
\classnum@=\count113
\DOTSCASE@=\count114
LaTeX Info: Redefining \ldots on input line 379.
LaTeX Info: Redefining \dots on input line 382.
LaTeX Info: Redefining \cdots on input line 467.
\Mathstrutbox@=\box36
\strutbox@=\box37
\big@size=\dimen150
LaTeX Font Info:    Redeclaring font encoding OML on input line 567.
LaTeX Font Info:    Redeclaring font encoding OMS on input line 568.
\macc@depth=\count115
\c@MaxMatrixCols=\count116
\dotsspace@=\muskip10
\c@parentequation=\count117
\dspbrk@lvl=\count118
\tag@help=\toks27
\row@=\count119
\column@=\count120
\maxfields@=\count121
\andhelp@=\toks28
\eqnshift@=\dimen151
\alignsep@=\dimen152
\tagshift@=\dimen153
\tagwidth@=\dimen154
\totwidth@=\dimen155
\lineht@=\dimen156
\@envbody=\toks29
\multlinegap=\skip44
\multlinetaggap=\skip45
\mathdisplay@stack=\toks30
LaTeX Info: Redefining \[ on input line 2666.
LaTeX Info: Redefining \] on input line 2667.
)
(C:\CTEX\MiKTeX\tex\latex\ams\classes\amsthm.sty
Package: amsthm 2004/08/06 v2.20
\thm@style=\toks31
\thm@bodyfont=\toks32
\thm@headfont=\toks33
\thm@notefont=\toks34
\thm@headpunct=\toks35
\thm@preskip=\skip46
\thm@postskip=\skip47
\thm@headsep=\skip48
\dth@everypar=\toks36
)
(C:\CTEX\MiKTeX\tex\latex\cases\cases.sty
Package: cases 2002/05/02 ver 2.5 
)
(C:\CTEX\MiKTeX\tex\latex\fancyhdr\fancyhdr.sty
\fancy@headwidth=\skip49
\f@ncyO@elh=\skip50
\f@ncyO@erh=\skip51
\f@ncyO@olh=\skip52
\f@ncyO@orh=\skip53
\f@ncyO@elf=\skip54
\f@ncyO@erf=\skip55
\f@ncyO@olf=\skip56
\f@ncyO@orf=\skip57
)
(C:\CTEX\MiKTeX\tex\latex\titlesec\titlesec.sty
Package: titlesec 2011/12/15 v2.10.0 Sectioning titles
\ttl@box=\box38
\beforetitleunit=\skip58
\aftertitleunit=\skip59
\ttl@plus=\dimen157
\ttl@minus=\dimen158
\ttl@toksa=\toks37
\titlewidth=\dimen159
\titlewidthlast=\dimen160
\titlewidthfirst=\dimen161
)
(C:\CTEX\MiKTeX\tex\latex\float\float.sty
Package: float 2001/11/08 v1.3d Float enhancements (AL)
\c@float@type=\count122
\float@exts=\toks38
\float@box=\box39
\@float@everytoks=\toks39
\@floatcapt=\box40
)
(C:\CTEX\MiKTeX\tex\latex\subfigure\subfigure.sty
Package: subfigure 2002/07/30 v2.1.4 subfigure package
\subfigtopskip=\skip60
\subfigcapskip=\skip61
\subfigcaptopadj=\dimen162
\subfigbottomskip=\skip62
\subfigcapmargin=\dimen163
\subfiglabelskip=\skip63
\c@subfigure=\count123
\c@lofdepth=\count124
\c@subtable=\count125
\c@lotdepth=\count126

****************************************
* Local config file subfigure.cfg used *
****************************************
(C:\CTEX\MiKTeX\tex\latex\subfigure\subfigure.cfg)
\subfig@top=\skip64
\subfig@bottom=\skip65
)
(C:\CTEX\MiKTeX\tex\latex\multirow\multirow.sty
\bigstrutjot=\dimen164
)
(C:\CTEX\MiKTeX\tex\latex\lineno\lineno.sty
Package: lineno 2005/11/02 line numbers on paragraphs v4.41
\linenopenalty=\count127
\output=\toks40
\linenoprevgraf=\count128
\linenumbersep=\dimen165
\linenumberwidth=\dimen166
\c@linenumber=\count129
\c@pagewiselinenumber=\count130
\c@LN@truepage=\count131
\c@internallinenumber=\count132
\c@internallinenumbers=\count133
\quotelinenumbersep=\dimen167
\bframerule=\dimen168
\bframesep=\dimen169
\bframebox=\box41
LaTeX Info: Redefining \\ on input line 3056.
)
(C:\CTEX\MiKTeX\tex\latex\graphics\epsfig.sty
Package: epsfig 1999/02/16 v1.7a (e)psfig emulation (SPQR)
\epsfxsize=\dimen170
\epsfysize=\dimen171
)
(C:\CTEX\MiKTeX\tex\latex\caption\caption.sty
Package: caption 2011/11/10 v3.2e Customizing captions (AR)

(C:\CTEX\MiKTeX\tex\latex\caption\caption3.sty
Package: caption3 2011/11/01 v1.4a caption3 kernel (AR)
\captionmargin=\dimen172
\captionmargin@=\dimen173
\captionwidth=\dimen174
\caption@indent=\dimen175
\caption@parindent=\dimen176
\caption@hangindent=\dimen177
)
\c@ContinuedFloat=\count134
Package caption Info: float package is loaded.
Package caption Info: subfigure package is loaded.
)
(C:\CTEX\MiKTeX\tex\latex\base\fontenc.sty
Package: fontenc 2005/09/27 v1.99g Standard LaTeX package

(C:\CTEX\MiKTeX\tex\latex\base\t1enc.def
File: t1enc.def 2005/09/27 v1.99g Standard LaTeX file
LaTeX Font Info:    Redeclaring font encoding T1 on input line 43.
)<<t1.cmap>>)
(C:\CTEX\MiKTeX\tex\latex\tools\xspace.sty
Package: xspace 2009/10/20 v1.13 Space after command names (DPC,MH)
)
(C:\CTEX\MiKTeX\tex\latex\setspace\setspace.sty
Package: setspace 2011/12/19 v6.7a set line spacing
)
(C:\CTEX\MiKTeX\tex\latex\subeqnarray\subeqnarray.sty
Package: subeqnarray 2004/04/15 v2.1c subeqnarray package
\c@subequation=\count135
)
(C:\CTEX\MiKTeX\tex\latex\extarrows\extarrows.sty
Package: extarrows 2008/05/15 v1.0b Some extensible arrows
)
(C:\CTEX\MiKTeX\tex\latex\dstroke\dsfont.sty
Package: dsfont 1995/08/01 v0.1 Double stroke roman fonts
)
(C:\CTEX\MiKTeX\tex\latex\listings\listings.sty
\lst@mode=\count136
\lst@gtempboxa=\box42
\lst@token=\toks41
\lst@length=\count137
\lst@currlwidth=\dimen178
\lst@column=\count138
\lst@pos=\count139
\lst@lostspace=\dimen179
\lst@width=\dimen180
\lst@newlines=\count140
\lst@lineno=\count141
\lst@maxwidth=\dimen181

(C:\CTEX\MiKTeX\tex\latex\listings\lstmisc.sty
File: lstmisc.sty 2007/02/22 1.4 (Carsten Heinz)
\c@lstnumber=\count142
\lst@skipnumbers=\count143
\lst@framebox=\box43
)
(C:\CTEX\MiKTeX\tex\latex\listings\listings.cfg
File: listings.cfg 2007/02/22 1.4 listings configuration
))
Package: listings 2007/02/22 1.4 (Carsten Heinz)

(C:\CTEX\MiKTeX\tex\latex\threeparttable\threeparttable.sty
Package: threeparttable 2003/06/13  v 3.0
\@tempboxb=\box44
)
(C:\CTEX\MiKTeX\tex\latex\cite\cite.sty
LaTeX Info: Redefining \cite on input line 302.
LaTeX Info: Redefining \nocite on input line 373.
Package: cite 2010/09/10  v 5.3
)
(C:\CTEX\MiKTeX\tex\latex\algorithm2e\algorithm2e.sty
Package: algorithm2e 2008/00/00 v3.10 algorithms environments
\c@AlgoLine=\count144

(C:\CTEX\MiKTeX\tex\latex\base\ifthen.sty
Package: ifthen 2001/05/26 v1.1c Standard LaTeX ifthen package (DPC)
)
(C:\CTEX\MiKTeX\tex\latex\ltxmisc\relsize.sty
Package: relsize 2003/07/04 ver 3.1
)
********************************************************
Package `algorithm2e' Release 4.01 -- december 14 2009 --
- algorithm2e-announce@lirmm.fr mailing list for announcement about releases
- algorithm2e-discussion@lirmm.fr mailing list for discussion about package
subscribe by emailing sympa@lirmm.fr with 'subscribe <list> <firstname name>'
- Author: Christophe Fiorio (fiorio@lirmm.fr)
********************************************************
\skiptotal=\skip66
\skiplinenumber=\skip67
\skiprule=\skip68
\skiphlne=\skip69
\skiptext=\skip70
\skiplength=\skip71
\algomargin=\skip72
\skipalgocfslide=\skip73
\algowidth=\dimen182
\inoutsize=\dimen183
\inoutline=\dimen184
\interspacetitleruled=\dimen185
\interspacealgoruled=\dimen186
\interspacetitleboxruled=\dimen187
\algocf@inoutbox=\box45
\algocf@inputbox=\box46
\AlCapSkip=\skip74
\AlCapHSkip=\skip75
\algocf@nlbox=\box47
\algocf@hangingbox=\box48
\algocf@capbox=\box49
\algoheightruledefault=\skip76
\algoheightrule=\skip77
\algotitleheightruledefault=\skip78
\algotitleheightrule=\skip79
\c@algocfline=\count145
\c@algocfproc=\count146
\c@algocf=\count147
\algocf@algoframe=\box50
\algocf@algobox=\box51
) (C:\CTEX\MiKTeX\tex\latex\colortbl\colortbl.sty
Package: colortbl 2001/02/13 v0.1j Color table columns (DPC)

(C:\CTEX\MiKTeX\tex\latex\tools\array.sty
Package: array 2008/09/09 v2.4c Tabular extension package (FMi)
\col@sep=\dimen188
\extrarowheight=\dimen189
\NC@list=\toks42
\extratabsurround=\skip80
\backup@length=\skip81
)
\everycr=\toks43
\minrowclearance=\skip82
)
(C:\Users\neal1\project\graduation\ç›²å®¡è®ºæ–‡.aux)
LaTeX Font Info:    Checking defaults for OML/cmm/m/it on input line 120.
LaTeX Font Info:    ... okay on input line 120.
LaTeX Font Info:    Checking defaults for T1/cmr/m/n on input line 120.
LaTeX Font Info:    ... okay on input line 120.
LaTeX Font Info:    Checking defaults for OT1/cmr/m/n on input line 120.
LaTeX Font Info:    ... okay on input line 120.
LaTeX Font Info:    Checking defaults for OMS/cmsy/m/n on input line 120.
LaTeX Font Info:    ... okay on input line 120.
LaTeX Font Info:    Checking defaults for OMX/cmex/m/n on input line 120.
LaTeX Font Info:    ... okay on input line 120.
LaTeX Font Info:    Checking defaults for U/cmr/m/n on input line 120.
LaTeX Font Info:    ... okay on input line 120.
LaTeX Font Info:    Checking defaults for C00/song/m/n on input line 120.
LaTeX Font Info:    ... okay on input line 120.
LaTeX Font Info:    Checking defaults for C05/song/m/n on input line 120.
LaTeX Font Info:    ... okay on input line 120.
LaTeX Font Info:    Checking defaults for C09/song/m/n on input line 120.
LaTeX Font Info:    ... okay on input line 120.
LaTeX Font Info:    Checking defaults for C10/song/m/n on input line 120.
LaTeX Font Info:    ... okay on input line 120.
LaTeX Font Info:    Checking defaults for C20/song/m/n on input line 120.
LaTeX Font Info:    ... okay on input line 120.
LaTeX Font Info:    Checking defaults for C19/song/m/n on input line 120.
LaTeX Font Info:    ... okay on input line 120.
LaTeX Font Info:    Checking defaults for C40/song/m/n on input line 120.
LaTeX Font Info:    ... okay on input line 120.
LaTeX Font Info:    Checking defaults for C42/song/m/n on input line 120.
LaTeX Font Info:    ... okay on input line 120.
LaTeX Font Info:    Checking defaults for C43/song/m/n on input line 120.
LaTeX Font Info:    ... okay on input line 120.
LaTeX Font Info:    Checking defaults for C50/song/m/n on input line 120.
LaTeX Font Info:    ... okay on input line 120.
LaTeX Font Info:    Checking defaults for C52/song/m/n on input line 120.
LaTeX Font Info:    ... okay on input line 120.
LaTeX Font Info:    Checking defaults for C49/song/m/n on input line 120.
LaTeX Font Info:    ... okay on input line 120.
LaTeX Font Info:    Checking defaults for C60/mj/m/n on input line 120.
LaTeX Font Info:    ... okay on input line 120.
LaTeX Font Info:    Checking defaults for C61/mj/m/n on input line 120.
LaTeX Font Info:    ... okay on input line 120.
LaTeX Font Info:    Checking defaults for C63/mj/m/n on input line 120.
LaTeX Font Info:    ... okay on input line 120.
LaTeX Font Info:    Checking defaults for C64/mj/m/n on input line 120.
LaTeX Font Info:    ... okay on input line 120.
LaTeX Font Info:    Checking defaults for C65/mj/m/n on input line 120.
LaTeX Font Info:    ... okay on input line 120.
LaTeX Font Info:    Checking defaults for C70/song/m/n on input line 120.
LaTeX Font Info:    ... okay on input line 120.
LaTeX Font Info:    Checking defaults for C31/song/m/n on input line 120.
LaTeX Font Info:    ... okay on input line 120.
LaTeX Font Info:    Checking defaults for C32/song/m/n on input line 120.
LaTeX Font Info:    ... okay on input line 120.
LaTeX Font Info:    Checking defaults for C33/song/m/n on input line 120.
LaTeX Font Info:    ... okay on input line 120.
LaTeX Font Info:    Checking defaults for C34/song/m/n on input line 120.
LaTeX Font Info:    ... okay on input line 120.
LaTeX Font Info:    Checking defaults for C35/song/m/n on input line 120.
LaTeX Font Info:    ... okay on input line 120.
LaTeX Font Info:    Checking defaults for C36/song/m/n on input line 120.
LaTeX Font Info:    ... okay on input line 120.
LaTeX Font Info:    Checking defaults for C37/song/m/n on input line 120.
LaTeX Font Info:    ... okay on input line 120.
LaTeX Font Info:    Checking defaults for C80/song/m/n on input line 120.
LaTeX Font Info:    ... okay on input line 120.
LaTeX Font Info:    Checking defaults for C81/song/m/n on input line 120.
LaTeX Font Info:    ... okay on input line 120.
LaTeX Font Info:    Checking defaults for C01/song/m/n on input line 120.
LaTeX Font Info:    ... okay on input line 120.
LaTeX Font Info:    Checking defaults for C11/song/m/n on input line 120.
LaTeX Font Info:    ... okay on input line 120.
LaTeX Font Info:    Checking defaults for C21/song/m/n on input line 120.
LaTeX Font Info:    ... okay on input line 120.
LaTeX Font Info:    Checking defaults for C41/song/m/n on input line 120.
LaTeX Font Info:    ... okay on input line 120.
LaTeX Font Info:    Checking defaults for C62/song/m/n on input line 120.
LaTeX Font Info:    ... okay on input line 120.
LaTeX Font Info:    Checking defaults for T3/cmr/m/n on input line 120.
LaTeX Font Info:    Try loading font information for T3+cmr on input line 120.

(C:\CTEX\MiKTeX\tex\latex\tipa\t3cmr.fd
File: t3cmr.fd 2001/12/31 TIPA font definitions
)
LaTeX Font Info:    ... okay on input line 120.
 ABD: EveryShipout initializing macros
(C:\CTEX\MiKTeX\tex\context\base\supp-pdf.mkii
[Loading MPS to PDF converter (version 2006.09.02).]
\scratchcounter=\count148
\scratchdimen=\dimen190
\scratchbox=\box52
\nofMPsegments=\count149
\nofMParguments=\count150
\everyMPshowfont=\toks44
\MPscratchCnt=\count151
\MPscratchDim=\dimen191
\MPnumerator=\count152
\makeMPintoPDFobject=\count153
\everyMPtoPDFconversion=\toks45
)
Package caption Info: Begin \AtBeginDocument code.
Package caption Info: listings package is loaded.
Package caption Info: threeparttable package is loaded.
Package caption Info: End \AtBeginDocument code.
\c@lstlisting=\count154
 (C:\CTEX\MiKTeX\tex\latex\cjk\standard.bdg
File: standard.bdg 2008/12/29 4.8.2
)
(C:\CTEX\MiKTeX\tex\latex\cjk\extended.enc
File: extended.enc 2008/12/29 4.8.2
)
(C:\CTEX\MiKTeX\tex\latex\cjk\extended.chr
File: extended.chr 2008/12/29 4.8.2
)
LaTeX Font Info:    Try loading font information for C19+song on input line 122
.

(C:\CTEX\CTeX\tex\latex\CJK\GB\c19song.fd
File: c19song.fd 2009/09/23 4.8.2
)<<c1925.cmap>>
(C:\CTEX\MiKTeX\tex\latex\titlesec\block.tss
File: block.tss 2011/12/15
)
\c@dingyi=\count155
\c@dingli=\count156
\c@yinli=\count157
\c@zhu=\count158
<<c1946.cmap>><<c1960.cmap>><<c1955.cmap>><<c1956.cmap>><<c1958.cmap>><<c1949.c
map>><<c1941.cmap>><<c1948.cmap>><<c1943.cmap>><<oml.cmap>><<oms.cmap>><<omx.cm
ap>>
LaTeX Font Info:    Try loading font information for U+stmry on input line 144.


(C:\CTEX\MiKTeX\tex\latex\stmaryrd\ustmry.fd)

LaTeX Warning: File u.cmap not found on input line 144.

LaTeX Font Info:    Try loading font information for U+lasy on input line 144.
(C:\CTEX\MiKTeX\tex\latex\base\ulasy.fd
File: ulasy.fd 1998/08/17 v2.2e LaTeX symbol font definitions
)

LaTeX Font Warning: Font shape `U/stmry/b/n' undefined
(Font)              using `U/stmry/m/n' instead on input line 144.

LaTeX Font Info:    Try loading font information for U+msa on input line 144.
(C:\CTEX\MiKTeX\tex\latex\amsfonts\umsa.fd
File: umsa.fd 2009/06/22 v3.00 AMS symbols A
)
LaTeX Font Info:    Try loading font information for U+msb on input line 144.

(C:\CTEX\MiKTeX\tex\latex\amsfonts\umsb.fd
File: umsb.fd 2009/06/22 v3.00 AMS symbols B
)
LaTeX Font Info:    Try loading font information for U+rsfs on input line 144.

(C:\CTEX\MiKTeX\tex\latex\jknappen\ursfs.fd
File: ursfs.fd 1998/03/24 rsfs font definition file (jk)
)<<c1939.cmap>><<c1950.cmap>><<c1945.cmap>> <ecnu.png, id=19, 78.2925pt x 70.76
437pt>
File: ecnu.png Graphic file (type png)
 <use ecnu.png>
Package pdftex.def Info: ecnu.png used on input line 152.
(pdftex.def)             Requested size: 70.4177pt x 63.64845pt.

<ECNU_Name_black.png, id=20, 1528.71124pt x 266.9975pt>
File: ECNU_Name_black.png Graphic file (type png)

<use ECNU_Name_black.png>
Package pdftex.def Info: ECNU_Name_black.png used on input line 152.
(pdftex.def)             Requested size: 352.10284pt x 61.49368pt.
LaTeX Font Info:    Try loading font information for C19+hei on input line 157.

 (C:\CTEX\CTeX\tex\latex\CJK\GB\c19hei.fd
File: c19hei.fd 2009/09/23 4.8.2
)<<c1957.cmap>><<c1951.cmap>><<c1937.cmap>><<c1964.cmap>><<c1938.cmap>><<c1961.
cmap>><<c1940.cmap>><<c1963.cmap>><<c1959.cmap>><<c1926.cmap>><<c1944.cmap>><<c
1947.cmap>><<c1962.cmap>><<c1954.cmap>><<c1942.cmap>><<c1965.cmap>><<c1953.cmap
>> [1
Non-PDF special ignored!
Non-PDF special ignored!
Non-PDF special ignored!
Non-PDF special ignored!
Non-PDF special ignored!
Non-PDF special ignored!
Non-PDF special ignored!


Non-PDF special ignored!
Non-PDF special ignored!
Non-PDF special ignored!
Non-PDF special ignored!
Non-PDF special ignored!
Non-PDF special ignored!
Non-PDF special ignored!
Non-PDF special ignored!{C:/CTEX/UserData/pdftex/config/pdftex.map{Unicode.sfd}
{UGBK.sfd}} <C:/Users/neal1/project/graduation/ecnu.png> <C:/Users/neal1/projec
t/graduation/ECNU_Name_black.png>]

LaTeX Font Warning: Font shape `T1/cmr/m/n' in size <15.75> not available
(Font)              size <14.4> substituted on input line 200.


LaTeX Font Warning: Font shape `T1/cmr/bx/n' in size <15.75> not available
(Font)              size <14.4> substituted on input line 200.

LaTeX Font Info:    Calculating math sizes for size <15.75> on input line 200.

LaTeX Font Warning: Font shape `OT1/cmr/m/n' in size <15.75> not available
(Font)              size <14.4> substituted on input line 200.


LaTeX Font Warning: Font shape `OML/cmm/m/it' in size <15.75> not available
(Font)              size <14.4> substituted on input line 200.


LaTeX Font Warning: Font shape `OMS/cmsy/m/n' in size <15.75> not available
(Font)              size <14.4> substituted on input line 200.


LaTeX Font Warning: Font shape `U/stmry/m/n' in size <15.75> not available
(Font)              size <14.4> substituted on input line 200.


LaTeX Font Warning: Font shape `U/lasy/m/n' in size <15.75> not available
(Font)              size <14.4> substituted on input line 200.


LaTeX Font Warning: Font shape `OT1/cmr/bx/n' in size <15.75> not available
(Font)              size <14.4> substituted on input line 200.


LaTeX Font Warning: Font shape `OML/cmm/b/it' in size <15.75> not available
(Font)              size <14.4> substituted on input line 200.


LaTeX Font Warning: Font shape `OMS/cmsy/b/n' in size <15.75> not available
(Font)              size <14.4> substituted on input line 200.


LaTeX Font Warning: Font shape `U/stmry/b/n' in size <15.75> not available
(Font)              size <14.4> substituted on input line 200.


LaTeX Font Warning: Font shape `U/rsfs/m/n' in size <15.75> not available
(Font)              size <14.4> substituted on input line 200.

[1]<<c1952.cmap>><<c1936.cmap>> [2]
Overfull \hbox (0.39262pt too wide) in alignment at lines 275--297
[][][][] 
 []

[3]
Underfull \hbox (badness 10000) in paragraph at lines 313--315

 []

[1] [2] [3] [4] [5] <figs/ec.png, id=142, 586.19pt x 255.95625pt>
File: figs/ec.png Graphic file (type png)

<use figs/ec.png>
Package pdftex.def Info: figs/ec.png used on input line 434.
(pdftex.def)             Requested size: 375.57779pt x 163.99109pt.


Package Fancyhdr Warning: \headheight is too small (12.0pt): 
 Make it at least 14.49998pt.
 We now make it that large for the rest of the document.
 This may cause the page layout to be inconsistent, however.

[1 <C:/Users/neal1/project/graduation/figs/ec.png>] [2]

LaTeX Warning: File t140.cmap not found on input line 465.

[3] [4] <figs/car.png, id=157, 333.245pt x 288.07625pt>
File: figs/car.png Graphic file (type png)
 <use figs/car.png>
Package pdftex.def Info: figs/car.png used on input line 486.
(pdftex.def)             Requested size: 234.73523pt x 202.92233pt.


LaTeX Warning: File t163.cmap not found on input line 493.

[5 <C:/Users/neal1/project/graduation/figs/car.png>]<<c1978.cmap>>
LaTeX Font Info:    Try loading font information for OMS+cmr on input line 500.


(C:\CTEX\MiKTeX\tex\latex\base\omscmr.fd
File: omscmr.fd 1999/05/25 v2.5h Standard LaTeX font definitions
)
LaTeX Font Info:    Font shape `OMS/cmr/m/n' in size <12> not available
(Font)              Font shape `OMS/cmsy/m/n' tried instead on input line 500.

Overfull \hbox (11.69713pt too wide) in paragraph at lines 500--501
[]\C19/song/bx/n/12/44 Ä \C19/song/m/n/12/62 u \C19/song/bx/n/12/41 © \C19/song
/m/n/12/46 ) \C19/song/bx/n/12/40  õ \C19/song/bx/n/12/51 8 \C19/song/bx/n/12/
37 I \C19/song/bx/n/12/60 ü \C19/song/bx/n/12/44 z \C19/song/bx/n/12/56 Ž \C19/
song/bx/n/12/41 { \C19/song/m/n/12/26 µ \C19/song/bx/n/12/44 Ä \C19/song/m/n/12
/62 u \C19/song/bx/n/12/41 © \C19/song/m/n/12/46 ) \C19/song/bx/n/12/40  õ \C1
9/song/bx/n/12/51 8 \C19/song/bx/n/12/37 I \C19/song/bx/n/12/60 ü \C19/song/bx/
n/12/44 z \C19/song/bx/n/12/56 Ž \C19/song/bx/n/12/41 { \C19/song/m/n/12/26 £\T
1/cmr/m/n/12 MOEA/D\C19/song/m/n/12/26 ¤ \T1/cmr/m/n/12 [17]\C19/song/bx/n/12/5
5 ´\T1/cmr/m/n/12 Zhang\C19/song/bx/n/12/40 
 []

[6] <figs/independent.png, id=169, 350.30875pt x 301.125pt>
File: figs/independent.png Graphic file (type png)

<use figs/independent.png>
Package pdftex.def Info: figs/independent.png used on input line 537.
(pdftex.def)             Requested size: 187.78531pt x 161.42421pt.
 <figs/ecga.png, id=170, 342.27875pt x 310.15875pt>
File: figs/ecga.png Graphic file (type png)

<use figs/ecga.png>
Package pdftex.def Info: figs/ecga.png used on input line 538.
(pdftex.def)             Requested size: 187.78531pt x 170.16663pt.
 <figs/bayesian.png, id=171, 315.1775pt x 283.0575pt>
File: figs/bayesian.png Graphic file (type png)

<use figs/bayesian.png>
Package pdftex.def Info: figs/bayesian.png used on input line 539.
(pdftex.def)             Requested size: 187.78531pt x 168.64804pt.
 <figs/markov.png, id=172, 322.20375pt x 277.035pt>
File: figs/markov.png Graphic file (type png)

<use figs/markov.png>
Package pdftex.def Info: figs/markov.png used on input line 540.
(pdftex.def)             Requested size: 187.78531pt x 161.46666pt.
 [7] [8] [9 <C:/Users/neal1/project/graduation/figs/independent.png> <C:/Users/
neal1/project/graduation/figs/ecga.png> <C:/Users/neal1/project/graduation/figs
/bayesian.png> <C:/Users/neal1/project/graduation/figs/markov.png>]<<c1981.cmap
>> [10] [11] [12]

LaTeX Warning: File t156.cmap not found on input line 603.

[13] [14] [15] [16] [17] [18] [19] [20]

LaTeX Warning: File t138.cmap not found on input line 793.


LaTeX Warning: File t153.cmap not found on input line 833.


LaTeX Warning: File t143.cmap not found on input line 874.

[21] [22]<<c1974.cmap>> [23]

LaTeX Warning: File t142.cmap not found on input line 935.


LaTeX Warning: File t164.cmap not found on input line 935.

[24]
Package epstopdf Info: Source file: <figs/eda-de-eig/f1.eps>
(epstopdf)                    date: 2016-12-26 02:46:20
(epstopdf)                    size: 19149 bytes
(epstopdf)             Output file: <figs/eda-de-eig/f1-eps-converted-to.pdf>
(epstopdf)                    date: 2016-12-26 02:46:20
(epstopdf)                    size: 8389 bytes
(epstopdf)             Command: <epstopdf --outfile=figs/eda-de-eig/f1-eps-conv
erted-to.pdf figs/eda-de-eig/f1.eps>
(epstopdf)             \includegraphics on input line 1006.
Package epstopdf Info: Output file is already uptodate.

<figs/eda-de-eig/f1-eps-converted-to.pdf, id=252, 506.89375pt x 408.52625pt>
File: figs/eda-de-eig/f1-eps-converted-to.pdf Graphic file (type pdf)

<use figs/eda-de-eig/f1-eps-converted-to.pdf>
Package pdftex.def Info: figs/eda-de-eig/f1-eps-converted-to.pdf used on input 
line 1006.
(pdftex.def)             Requested size: 150.23398pt x 121.07521pt.
Package epstopdf Info: Source file: <figs/eda-de-eig/f2.eps>
(epstopdf)                    date: 2016-12-26 02:46:20
(epstopdf)                    size: 19134 bytes
(epstopdf)             Output file: <figs/eda-de-eig/f2-eps-converted-to.pdf>
(epstopdf)                    date: 2016-12-26 02:46:20
(epstopdf)                    size: 8333 bytes
(epstopdf)             Command: <epstopdf --outfile=figs/eda-de-eig/f2-eps-conv
erted-to.pdf figs/eda-de-eig/f2.eps>
(epstopdf)             \includegraphics on input line 1007.
Package epstopdf Info: Output file is already uptodate.

<figs/eda-de-eig/f2-eps-converted-to.pdf, id=253, 502.87875pt x 408.52625pt>
File: figs/eda-de-eig/f2-eps-converted-to.pdf Graphic file (type pdf)

<use figs/eda-de-eig/f2-eps-converted-to.pdf>
Package pdftex.def Info: figs/eda-de-eig/f2-eps-converted-to.pdf used on input 
line 1007.
(pdftex.def)             Requested size: 150.23398pt x 122.04143pt.
Package epstopdf Info: Source file: <figs/eda-de-eig/f3.eps>
(epstopdf)                    date: 2016-12-26 02:46:20
(epstopdf)                    size: 18385 bytes
(epstopdf)             Output file: <figs/eda-de-eig/f3-eps-converted-to.pdf>
(epstopdf)                    date: 2016-12-26 02:46:20
(epstopdf)                    size: 8093 bytes
(epstopdf)             Command: <epstopdf --outfile=figs/eda-de-eig/f3-eps-conv
erted-to.pdf figs/eda-de-eig/f3.eps>
(epstopdf)             \includegraphics on input line 1008.
Package epstopdf Info: Output file is already uptodate.

<figs/eda-de-eig/f3-eps-converted-to.pdf, id=254, 502.87875pt x 408.52625pt>
File: figs/eda-de-eig/f3-eps-converted-to.pdf Graphic file (type pdf)

<use figs/eda-de-eig/f3-eps-converted-to.pdf>
Package pdftex.def Info: figs/eda-de-eig/f3-eps-converted-to.pdf used on input 
line 1008.
(pdftex.def)             Requested size: 150.23398pt x 122.04143pt.
Package epstopdf Info: Source file: <figs/eda-de-eig/f4.eps>
(epstopdf)                    date: 2016-12-26 02:46:20
(epstopdf)                    size: 16304 bytes
(epstopdf)             Output file: <figs/eda-de-eig/f4-eps-converted-to.pdf>
(epstopdf)                    date: 2016-12-26 02:46:20
(epstopdf)                    size: 8027 bytes
(epstopdf)             Command: <epstopdf --outfile=figs/eda-de-eig/f4-eps-conv
erted-to.pdf figs/eda-de-eig/f4.eps>
(epstopdf)             \includegraphics on input line 1009.
Package epstopdf Info: Output file is already uptodate.

<figs/eda-de-eig/f4-eps-converted-to.pdf, id=255, 502.87875pt x 408.52625pt>
File: figs/eda-de-eig/f4-eps-converted-to.pdf Graphic file (type pdf)

<use figs/eda-de-eig/f4-eps-converted-to.pdf>
Package pdftex.def Info: figs/eda-de-eig/f4-eps-converted-to.pdf used on input 
line 1009.
(pdftex.def)             Requested size: 150.23398pt x 122.04143pt.
Package epstopdf Info: Source file: <figs/eda-de-eig/f5.eps>
(epstopdf)                    date: 2016-12-26 02:46:20
(epstopdf)                    size: 18403 bytes
(epstopdf)             Output file: <figs/eda-de-eig/f5-eps-converted-to.pdf>
(epstopdf)                    date: 2016-12-26 02:46:20
(epstopdf)                    size: 8072 bytes
(epstopdf)             Command: <epstopdf --outfile=figs/eda-de-eig/f5-eps-conv
erted-to.pdf figs/eda-de-eig/f5.eps>
(epstopdf)             \includegraphics on input line 1010.
Package epstopdf Info: Output file is already uptodate.

<figs/eda-de-eig/f5-eps-converted-to.pdf, id=256, 502.87875pt x 408.52625pt>
File: figs/eda-de-eig/f5-eps-converted-to.pdf Graphic file (type pdf)

<use figs/eda-de-eig/f5-eps-converted-to.pdf>
Package pdftex.def Info: figs/eda-de-eig/f5-eps-converted-to.pdf used on input 
line 1010.
(pdftex.def)             Requested size: 150.23398pt x 122.04143pt.
Package epstopdf Info: Source file: <figs/eda-de-eig/f7.eps>
(epstopdf)                    date: 2016-12-26 02:46:20
(epstopdf)                    size: 16090 bytes
(epstopdf)             Output file: <figs/eda-de-eig/f7-eps-converted-to.pdf>
(epstopdf)                    date: 2016-12-26 02:46:20
(epstopdf)                    size: 8630 bytes
(epstopdf)             Command: <epstopdf --outfile=figs/eda-de-eig/f7-eps-conv
erted-to.pdf figs/eda-de-eig/f7.eps>
(epstopdf)             \includegraphics on input line 1012.
Package epstopdf Info: Output file is already uptodate.

<figs/eda-de-eig/f7-eps-converted-to.pdf, id=257, 498.86375pt x 408.52625pt>
File: figs/eda-de-eig/f7-eps-converted-to.pdf Graphic file (type pdf)

<use figs/eda-de-eig/f7-eps-converted-to.pdf>
Package pdftex.def Info: figs/eda-de-eig/f7-eps-converted-to.pdf used on input 
line 1012.
(pdftex.def)             Requested size: 150.23398pt x 123.02634pt.
Package epstopdf Info: Source file: <figs/eda-de-eig/f8.eps>
(epstopdf)                    date: 2016-12-26 02:46:20
(epstopdf)                    size: 14643 bytes
(epstopdf)             Output file: <figs/eda-de-eig/f8-eps-converted-to.pdf>
(epstopdf)                    date: 2016-12-26 02:46:20
(epstopdf)                    size: 8341 bytes
(epstopdf)             Command: <epstopdf --outfile=figs/eda-de-eig/f8-eps-conv
erted-to.pdf figs/eda-de-eig/f8.eps>
(epstopdf)             \includegraphics on input line 1013.
Package epstopdf Info: Output file is already uptodate.

<figs/eda-de-eig/f8-eps-converted-to.pdf, id=258, 494.84875pt x 408.52625pt>
File: figs/eda-de-eig/f8-eps-converted-to.pdf Graphic file (type pdf)

<use figs/eda-de-eig/f8-eps-converted-to.pdf>
Package pdftex.def Info: figs/eda-de-eig/f8-eps-converted-to.pdf used on input 
line 1013.
(pdftex.def)             Requested size: 150.23398pt x 124.02371pt.
Package epstopdf Info: Source file: <figs/eda-de-eig/f9.eps>
(epstopdf)                    date: 2016-12-26 02:46:20
(epstopdf)                    size: 19405 bytes
(epstopdf)             Output file: <figs/eda-de-eig/f9-eps-converted-to.pdf>
(epstopdf)                    date: 2016-12-26 02:46:20
(epstopdf)                    size: 8284 bytes
(epstopdf)             Command: <epstopdf --outfile=figs/eda-de-eig/f9-eps-conv
erted-to.pdf figs/eda-de-eig/f9.eps>
(epstopdf)             \includegraphics on input line 1014.
Package epstopdf Info: Output file is already uptodate.

<figs/eda-de-eig/f9-eps-converted-to.pdf, id=259, 502.87875pt x 408.52625pt>
File: figs/eda-de-eig/f9-eps-converted-to.pdf Graphic file (type pdf)

<use figs/eda-de-eig/f9-eps-converted-to.pdf>
Package pdftex.def Info: figs/eda-de-eig/f9-eps-converted-to.pdf used on input 
line 1014.
(pdftex.def)             Requested size: 150.23398pt x 122.04143pt.
Package epstopdf Info: Source file: <figs/eda-de-eig/f10.eps>
(epstopdf)                    date: 2016-12-26 02:46:20
(epstopdf)                    size: 19087 bytes
(epstopdf)             Output file: <figs/eda-de-eig/f10-eps-converted-to.pdf>
(epstopdf)                    date: 2016-12-26 02:46:20
(epstopdf)                    size: 8085 bytes
(epstopdf)             Command: <epstopdf --outfile=figs/eda-de-eig/f10-eps-con
verted-to.pdf figs/eda-de-eig/f10.eps>
(epstopdf)             \includegraphics on input line 1015.
Package epstopdf Info: Output file is already uptodate.

<figs/eda-de-eig/f10-eps-converted-to.pdf, id=260, 502.87875pt x 408.52625pt>
File: figs/eda-de-eig/f10-eps-converted-to.pdf Graphic file (type pdf)

<use figs/eda-de-eig/f10-eps-converted-to.pdf>
Package pdftex.def Info: figs/eda-de-eig/f10-eps-converted-to.pdf used on input
 line 1015.
(pdftex.def)             Requested size: 150.23398pt x 122.04143pt.
Package epstopdf Info: Source file: <figs/eda-de-eig/f11.eps>
(epstopdf)                    date: 2016-12-26 02:46:20
(epstopdf)                    size: 17801 bytes
(epstopdf)             Output file: <figs/eda-de-eig/f11-eps-converted-to.pdf>
(epstopdf)                    date: 2016-12-26 02:46:20
(epstopdf)                    size: 6966 bytes
(epstopdf)             Command: <epstopdf --outfile=figs/eda-de-eig/f11-eps-con
verted-to.pdf figs/eda-de-eig/f11.eps>
(epstopdf)             \includegraphics on input line 1016.
Package epstopdf Info: Output file is already uptodate.

<figs/eda-de-eig/f11-eps-converted-to.pdf, id=261, 502.87875pt x 408.52625pt>
File: figs/eda-de-eig/f11-eps-converted-to.pdf Graphic file (type pdf)

<use figs/eda-de-eig/f11-eps-converted-to.pdf>
Package pdftex.def Info: figs/eda-de-eig/f11-eps-converted-to.pdf used on input
 line 1016.
(pdftex.def)             Requested size: 150.23398pt x 122.04143pt.
Package epstopdf Info: Source file: <figs/eda-de-eig/f12.eps>
(epstopdf)                    date: 2016-12-26 02:46:20
(epstopdf)                    size: 19092 bytes
(epstopdf)             Output file: <figs/eda-de-eig/f12-eps-converted-to.pdf>
(epstopdf)                    date: 2016-12-26 02:46:20
(epstopdf)                    size: 7772 bytes
(epstopdf)             Command: <epstopdf --outfile=figs/eda-de-eig/f12-eps-con
verted-to.pdf figs/eda-de-eig/f12.eps>
(epstopdf)             \includegraphics on input line 1017.
Package epstopdf Info: Output file is already uptodate.

<figs/eda-de-eig/f12-eps-converted-to.pdf, id=262, 502.87875pt x 408.52625pt>
File: figs/eda-de-eig/f12-eps-converted-to.pdf Graphic file (type pdf)

<use figs/eda-de-eig/f12-eps-converted-to.pdf>
Package pdftex.def Info: figs/eda-de-eig/f12-eps-converted-to.pdf used on input
 line 1017.
(pdftex.def)             Requested size: 150.23398pt x 122.04143pt.
Package epstopdf Info: Source file: <figs/eda-de-eig/f13.eps>
(epstopdf)                    date: 2016-12-26 02:46:20
(epstopdf)                    size: 19095 bytes
(epstopdf)             Output file: <figs/eda-de-eig/f13-eps-converted-to.pdf>
(epstopdf)                    date: 2016-12-26 02:46:20
(epstopdf)                    size: 7744 bytes
(epstopdf)             Command: <epstopdf --outfile=figs/eda-de-eig/f13-eps-con
verted-to.pdf figs/eda-de-eig/f13.eps>
(epstopdf)             \includegraphics on input line 1018.
Package epstopdf Info: Output file is already uptodate.

<figs/eda-de-eig/f13-eps-converted-to.pdf, id=263, 502.87875pt x 408.52625pt>
File: figs/eda-de-eig/f13-eps-converted-to.pdf Graphic file (type pdf)

<use figs/eda-de-eig/f13-eps-converted-to.pdf>
Package pdftex.def Info: figs/eda-de-eig/f13-eps-converted-to.pdf used on input
 line 1018.
(pdftex.def)             Requested size: 150.23398pt x 122.04143pt.
 [25] [26] [27 <C:/Users/neal1/project/graduation/figs/eda-de-eig/f1-eps-conver
ted-to.pdf> <C:/Users/neal1/project/graduation/figs/eda-de-eig/f2-eps-converted
-to.pdf> <C:/Users/neal1/project/graduation/figs/eda-de-eig/f3-eps-converted-to
.pdf> <C:/Users/neal1/project/graduation/figs/eda-de-eig/f4-eps-converted-to.pd
f> <C:/Users/neal1/project/graduation/figs/eda-de-eig/f5-eps-converted-to.pdf> 
<C:/Users/neal1/project/graduation/figs/eda-de-eig/f7-eps-converted-to.pdf> <C:
/Users/neal1/project/graduation/figs/eda-de-eig/f8-eps-converted-to.pdf> <C:/Us
ers/neal1/project/graduation/figs/eda-de-eig/f9-eps-converted-to.pdf> <C:/Users
/neal1/project/graduation/figs/eda-de-eig/f10-eps-converted-to.pdf> <C:/Users/n
eal1/project/graduation/figs/eda-de-eig/f11-eps-converted-to.pdf> <C:/Users/nea
l1/project/graduation/figs/eda-de-eig/f12-eps-converted-to.pdf> <C:/Users/neal1
/project/graduation/figs/eda-de-eig/f13-eps-converted-to.pdf>]<<c1967.cmap>> [2
8] [29]
<figs/figure/ps.png, id=359, 324.61275pt x 167.4255pt>
File: figs/figure/ps.png Graphic file (type png)

<use figs/figure/ps.png>
Package pdftex.def Info: figs/figure/ps.png used on input line 1061.
(pdftex.def)             Requested size: 234.73523pt x 121.06996pt.
 [30] [31 <C:/Users/neal1/project/graduation/figs/figure/ps.png>] [32] <figs/lp
ca.png, id=370, 647.41875pt x 212.795pt>
File: figs/lpca.png Graphic file (type png)

<use figs/lpca.png>
Package pdftex.def Info: figs/lpca.png used on input line 1134.
(pdftex.def)             Requested size: 375.57779pt x 123.44714pt.
 <figs/figure/pareto.png, id=371, 688.5725pt x 377.41pt>
File: figs/figure/pareto.png Graphic file (type png)

<use figs/figure/pareto.png>
Package pdftex.def Info: figs/figure/pareto.png used on input line 1145.
(pdftex.def)             Requested size: 234.73523pt x 128.65747pt.


LaTeX Warning: File t145.cmap not found on input line 1171.


LaTeX Warning: File t141.cmap not found on input line 1176.

[33 <C:/Users/neal1/project/graduation/figs/lpca.png> <C:/Users/neal1/project/g
raduation/figs/figure/pareto.png>]
<figs/figure/mutation.png, id=376, 418.56375pt x 293.898pt>
File: figs/figure/mutation.png Graphic file (type png)

<use figs/figure/mutation.png>
Package pdftex.def Info: figs/figure/mutation.png used on input line 1197.
(pdftex.def)             Requested size: 234.73523pt x 164.81943pt.
 [34]

LaTeX Warning: File t137.cmap not found on input line 1231.

[35 <C:/Users/neal1/project/graduation/figs/figure/mutation.png>]
Package epstopdf Info: Source file: <figs/box/box_f1.eps>
(epstopdf)                    date: 2016-12-26 02:46:20
(epstopdf)                    size: 12117 bytes
(epstopdf)             Output file: <figs/box/box_f1-eps-converted-to.pdf>
(epstopdf)                    date: 2016-12-26 02:46:20
(epstopdf)                    size: 4421 bytes
(epstopdf)             Command: <epstopdf --outfile=figs/box/box_f1-eps-convert
ed-to.pdf figs/box/box_f1.eps>
(epstopdf)             \includegraphics on input line 1255.
Package epstopdf Info: Output file is already uptodate.

<figs/box/box_f1-eps-converted-to.pdf, id=385, 490.83376pt x 387.4475pt>
File: figs/box/box_f1-eps-converted-to.pdf Graphic file (type pdf)

<use figs/box/box_f1-eps-converted-to.pdf>
Package pdftex.def Info: figs/box/box_f1-eps-converted-to.pdf used on input lin
e 1255.
(pdftex.def)             Requested size: 122.05974pt x 96.34729pt.
Package epstopdf Info: Source file: <figs/box/box_f2.eps>
(epstopdf)                    date: 2016-12-26 02:46:20
(epstopdf)                    size: 12322 bytes
(epstopdf)             Output file: <figs/box/box_f2-eps-converted-to.pdf>
(epstopdf)                    date: 2016-12-26 02:46:20
(epstopdf)                    size: 4482 bytes
(epstopdf)             Command: <epstopdf --outfile=figs/box/box_f2-eps-convert
ed-to.pdf figs/box/box_f2.eps>
(epstopdf)             \includegraphics on input line 1256.
Package epstopdf Info: Output file is already uptodate.

<figs/box/box_f2-eps-converted-to.pdf, id=386, 490.83376pt x 387.4475pt>
File: figs/box/box_f2-eps-converted-to.pdf Graphic file (type pdf)

<use figs/box/box_f2-eps-converted-to.pdf>
Package pdftex.def Info: figs/box/box_f2-eps-converted-to.pdf used on input lin
e 1256.
(pdftex.def)             Requested size: 122.05974pt x 96.34729pt.
Package epstopdf Info: Source file: <figs/box/box_f3.eps>
(epstopdf)                    date: 2016-12-26 02:46:20
(epstopdf)                    size: 12563 bytes
(epstopdf)             Output file: <figs/box/box_f3-eps-converted-to.pdf>
(epstopdf)                    date: 2016-12-26 02:46:20
(epstopdf)                    size: 4620 bytes
(epstopdf)             Command: <epstopdf --outfile=figs/box/box_f3-eps-convert
ed-to.pdf figs/box/box_f3.eps>
(epstopdf)             \includegraphics on input line 1257.
Package epstopdf Info: Output file is already uptodate.

<figs/box/box_f3-eps-converted-to.pdf, id=387, 490.83376pt x 387.4475pt>
File: figs/box/box_f3-eps-converted-to.pdf Graphic file (type pdf)

<use figs/box/box_f3-eps-converted-to.pdf>
Package pdftex.def Info: figs/box/box_f3-eps-converted-to.pdf used on input lin
e 1257.
(pdftex.def)             Requested size: 122.05974pt x 96.34729pt.
Package epstopdf Info: Source file: <figs/box/box_f4.eps>
(epstopdf)                    date: 2016-12-26 02:46:20
(epstopdf)                    size: 12137 bytes
(epstopdf)             Output file: <figs/box/box_f4-eps-converted-to.pdf>
(epstopdf)                    date: 2016-12-26 02:46:20
(epstopdf)                    size: 4472 bytes
(epstopdf)             Command: <epstopdf --outfile=figs/box/box_f4-eps-convert
ed-to.pdf figs/box/box_f4.eps>
(epstopdf)             \includegraphics on input line 1258.
Package epstopdf Info: Output file is already uptodate.

<figs/box/box_f4-eps-converted-to.pdf, id=388, 490.83376pt x 387.4475pt>
File: figs/box/box_f4-eps-converted-to.pdf Graphic file (type pdf)

<use figs/box/box_f4-eps-converted-to.pdf>
Package pdftex.def Info: figs/box/box_f4-eps-converted-to.pdf used on input lin
e 1258.
(pdftex.def)             Requested size: 122.05974pt x 96.34729pt.
Package epstopdf Info: Source file: <figs/box/box_f5.eps>
(epstopdf)                    date: 2016-12-26 02:46:20
(epstopdf)                    size: 12511 bytes
(epstopdf)             Output file: <figs/box/box_f5-eps-converted-to.pdf>
(epstopdf)                    date: 2016-12-26 02:46:20
(epstopdf)                    size: 4550 bytes
(epstopdf)             Command: <epstopdf --outfile=figs/box/box_f5-eps-convert
ed-to.pdf figs/box/box_f5.eps>
(epstopdf)             \includegraphics on input line 1259.
Package epstopdf Info: Output file is already uptodate.

<figs/box/box_f5-eps-converted-to.pdf, id=389, 490.83376pt x 387.4475pt>
File: figs/box/box_f5-eps-converted-to.pdf Graphic file (type pdf)

<use figs/box/box_f5-eps-converted-to.pdf>
Package pdftex.def Info: figs/box/box_f5-eps-converted-to.pdf used on input lin
e 1259.
(pdftex.def)             Requested size: 122.05974pt x 96.34729pt.
Package epstopdf Info: Source file: <figs/box/box_f6.eps>
(epstopdf)                    date: 2016-12-26 02:46:20
(epstopdf)                    size: 12651 bytes
(epstopdf)             Output file: <figs/box/box_f6-eps-converted-to.pdf>
(epstopdf)                    date: 2016-12-26 02:46:20
(epstopdf)                    size: 4665 bytes
(epstopdf)             Command: <epstopdf --outfile=figs/box/box_f6-eps-convert
ed-to.pdf figs/box/box_f6.eps>
(epstopdf)             \includegraphics on input line 1260.
Package epstopdf Info: Output file is already uptodate.

<figs/box/box_f6-eps-converted-to.pdf, id=390, 484.81125pt x 387.4475pt>
File: figs/box/box_f6-eps-converted-to.pdf Graphic file (type pdf)

<use figs/box/box_f6-eps-converted-to.pdf>
Package pdftex.def Info: figs/box/box_f6-eps-converted-to.pdf used on input lin
e 1260.
(pdftex.def)             Requested size: 122.05974pt x 97.54742pt.
Package epstopdf Info: Source file: <figs/box/box_f7.eps>
(epstopdf)                    date: 2016-12-26 02:46:20
(epstopdf)                    size: 14146 bytes
(epstopdf)             Output file: <figs/box/box_f7-eps-converted-to.pdf>
(epstopdf)                    date: 2016-12-26 02:46:20
(epstopdf)                    size: 5210 bytes
(epstopdf)             Command: <epstopdf --outfile=figs/box/box_f7-eps-convert
ed-to.pdf figs/box/box_f7.eps>
(epstopdf)             \includegraphics on input line 1261.
Package epstopdf Info: Output file is already uptodate.

<figs/box/box_f7-eps-converted-to.pdf, id=391, 484.81125pt x 387.4475pt>
File: figs/box/box_f7-eps-converted-to.pdf Graphic file (type pdf)

<use figs/box/box_f7-eps-converted-to.pdf>
Package pdftex.def Info: figs/box/box_f7-eps-converted-to.pdf used on input lin
e 1261.
(pdftex.def)             Requested size: 122.05974pt x 97.54742pt.
Package epstopdf Info: Source file: <figs/box/box_f8.eps>
(epstopdf)                    date: 2016-12-26 02:46:20
(epstopdf)                    size: 12515 bytes
(epstopdf)             Output file: <figs/box/box_f8-eps-converted-to.pdf>
(epstopdf)                    date: 2016-12-26 02:46:20
(epstopdf)                    size: 4588 bytes
(epstopdf)             Command: <epstopdf --outfile=figs/box/box_f8-eps-convert
ed-to.pdf figs/box/box_f8.eps>
(epstopdf)             \includegraphics on input line 1262.
Package epstopdf Info: Output file is already uptodate.

<figs/box/box_f8-eps-converted-to.pdf, id=392, 495.8525pt x 387.4475pt>
File: figs/box/box_f8-eps-converted-to.pdf Graphic file (type pdf)

<use figs/box/box_f8-eps-converted-to.pdf>
Package pdftex.def Info: figs/box/box_f8-eps-converted-to.pdf used on input lin
e 1262.
(pdftex.def)             Requested size: 122.05974pt x 95.37181pt.
Package epstopdf Info: Source file: <figs/box/box_f9.eps>
(epstopdf)                    date: 2016-12-26 02:46:20
(epstopdf)                    size: 14251 bytes
(epstopdf)             Output file: <figs/box/box_f9-eps-converted-to.pdf>
(epstopdf)                    date: 2016-12-26 02:46:20
(epstopdf)                    size: 5174 bytes
(epstopdf)             Command: <epstopdf --outfile=figs/box/box_f9-eps-convert
ed-to.pdf figs/box/box_f9.eps>
(epstopdf)             \includegraphics on input line 1263.
Package epstopdf Info: Output file is already uptodate.

<figs/box/box_f9-eps-converted-to.pdf, id=393, 490.83376pt x 387.4475pt>
File: figs/box/box_f9-eps-converted-to.pdf Graphic file (type pdf)

<use figs/box/box_f9-eps-converted-to.pdf>
Package pdftex.def Info: figs/box/box_f9-eps-converted-to.pdf used on input lin
e 1263.
(pdftex.def)             Requested size: 122.05974pt x 96.34729pt.
Package epstopdf Info: Source file: <figs/box/box_f10.eps>
(epstopdf)                    date: 2016-12-26 02:46:20
(epstopdf)                    size: 13724 bytes
(epstopdf)             Output file: <figs/box/box_f10-eps-converted-to.pdf>
(epstopdf)                    date: 2016-12-26 02:46:20
(epstopdf)                    size: 5101 bytes
(epstopdf)             Command: <epstopdf --outfile=figs/box/box_f10-eps-conver
ted-to.pdf figs/box/box_f10.eps>
(epstopdf)             \includegraphics on input line 1264.
Package epstopdf Info: Output file is already uptodate.

<figs/box/box_f10-eps-converted-to.pdf, id=394, 487.8225pt x 387.4475pt>
File: figs/box/box_f10-eps-converted-to.pdf Graphic file (type pdf)

<use figs/box/box_f10-eps-converted-to.pdf>
Package pdftex.def Info: figs/box/box_f10-eps-converted-to.pdf used on input li
ne 1264.
(pdftex.def)             Requested size: 122.05974pt x 96.9444pt.
 [36]
Package epstopdf Info: Source file: <figs/figure/f1_f5.eps>
(epstopdf)                    date: 2016-12-26 02:46:20
(epstopdf)                    size: 18068 bytes
(epstopdf)             Output file: <figs/figure/f1_f5-eps-converted-to.pdf>
(epstopdf)                    date: 2016-12-26 02:46:20
(epstopdf)                    size: 5847 bytes
(epstopdf)             Command: <epstopdf --outfile=figs/figure/f1_f5-eps-conve
rted-to.pdf figs/figure/f1_f5.eps>
(epstopdf)             \includegraphics on input line 1277.
Package epstopdf Info: Output file is already uptodate.

<figs/figure/f1_f5-eps-converted-to.pdf, id=398, 517.935pt x 393.47pt>
File: figs/figure/f1_f5-eps-converted-to.pdf Graphic file (type pdf)

<use figs/figure/f1_f5-eps-converted-to.pdf>
Package pdftex.def Info: figs/figure/f1_f5-eps-converted-to.pdf used on input l
ine 1277.
(pdftex.def)             Requested size: 150.23398pt x 114.13339pt.
Package epstopdf Info: Source file: <figs/figure/f6_f9.eps>
(epstopdf)                    date: 2016-12-26 02:46:20
(epstopdf)                    size: 13313 bytes
(epstopdf)             Output file: <figs/figure/f6_f9-eps-converted-to.pdf>
(epstopdf)                    date: 2016-12-26 02:46:20
(epstopdf)                    size: 5561 bytes
(epstopdf)             Command: <epstopdf --outfile=figs/figure/f6_f9-eps-conve
rted-to.pdf figs/figure/f6_f9.eps>
(epstopdf)             \includegraphics on input line 1278.
Package epstopdf Info: Output file is already uptodate.

<figs/figure/f6_f9-eps-converted-to.pdf, id=399, 517.935pt x 393.47pt>
File: figs/figure/f6_f9-eps-converted-to.pdf Graphic file (type pdf)

<use figs/figure/f6_f9-eps-converted-to.pdf>
Package pdftex.def Info: figs/figure/f6_f9-eps-converted-to.pdf used on input l
ine 1278.
(pdftex.def)             Requested size: 150.23398pt x 114.13339pt.
Package epstopdf Info: Source file: <figs/figure/f10.eps>
(epstopdf)                    date: 2016-12-26 02:46:20
(epstopdf)                    size: 10312 bytes
(epstopdf)             Output file: <figs/figure/f10-eps-converted-to.pdf>
(epstopdf)                    date: 2016-12-26 02:46:20
(epstopdf)                    size: 4510 bytes
(epstopdf)             Command: <epstopdf --outfile=figs/figure/f10-eps-convert
ed-to.pdf figs/figure/f10.eps>
(epstopdf)             \includegraphics on input line 1279.
Package epstopdf Info: Output file is already uptodate.

<figs/figure/f10-eps-converted-to.pdf, id=400, 514.92375pt x 393.47pt>
File: figs/figure/f10-eps-converted-to.pdf Graphic file (type pdf)

<use figs/figure/f10-eps-converted-to.pdf>
Package pdftex.def Info: figs/figure/f10-eps-converted-to.pdf used on input lin
e 1279.
(pdftex.def)             Requested size: 150.23398pt x 114.79381pt.
Package epstopdf Info: Source file: <figs/figure/f_performance.eps>
(epstopdf)                    date: 2016-12-26 02:46:20
(epstopdf)                    size: 13603 bytes
(epstopdf)             Output file: <figs/figure/f_performance-eps-converted-to
.pdf>
(epstopdf)                    date: 2016-12-26 02:46:20
(epstopdf)                    size: 4796 bytes
(epstopdf)             Command: <epstopdf --outfile=figs/figure/f_performance-e
ps-converted-to.pdf figs/figure/f_performance.eps>
(epstopdf)             \includegraphics on input line 1295.
Package epstopdf Info: Output file is already uptodate.

<figs/figure/f_performance-eps-converted-to.pdf, id=401, 488.82625pt x 393.47pt
>
File: figs/figure/f_performance-eps-converted-to.pdf Graphic file (type pdf)
 <use figs/figure/f_performance-eps-converted-to.pdf>
Package pdftex.def Info: figs/figure/f_performance-eps-converted-to.pdf used on
 input line 1295.
(pdftex.def)             Requested size: 187.78531pt x 151.1532pt.
 [37] [38 <C:/Users/neal1/project/graduation/figs/box/box_f1-eps-converted-to.p
df> <C:/Users/neal1/project/graduation/figs/box/box_f2-eps-converted-to.pdf> <C
:/Users/neal1/project/graduation/figs/box/box_f3-eps-converted-to.pdf> <C:/User
s/neal1/project/graduation/figs/box/box_f4-eps-converted-to.pdf> <C:/Users/neal
1/project/graduation/figs/box/box_f5-eps-converted-to.pdf> <C:/Users/neal1/proj
ect/graduation/figs/box/box_f6-eps-converted-to.pdf> <C:/Users/neal1/project/gr
aduation/figs/box/box_f7-eps-converted-to.pdf> <C:/Users/neal1/project/graduati
on/figs/box/box_f8-eps-converted-to.pdf> <C:/Users/neal1/project/graduation/fig
s/box/box_f9-eps-converted-to.pdf> <C:/Users/neal1/project/graduation/figs/box/
box_f10-eps-converted-to.pdf> <C:/Users/neal1/project/graduation/figs/figure/f1
_f5-eps-converted-to.pdf> <C:/Users/neal1/project/graduation/figs/figure/f6_f9-
eps-converted-to.pdf> <C:/Users/neal1/project/graduation/figs/figure/f10-eps-co
nverted-to.pdf>]
Package epstopdf Info: Source file: <figs/igd/f1_igd.eps>
(epstopdf)                    date: 2016-12-26 02:46:20
(epstopdf)                    size: 12591 bytes
(epstopdf)             Output file: <figs/igd/f1_igd-eps-converted-to.pdf>
(epstopdf)                    date: 2016-12-26 02:46:20
(epstopdf)                    size: 4931 bytes
(epstopdf)             Command: <epstopdf --outfile=figs/igd/f1_igd-eps-convert
ed-to.pdf figs/igd/f1_igd.eps>
(epstopdf)             \includegraphics on input line 1304.
Package epstopdf Info: Output file is already uptodate.

<figs/igd/f1_igd-eps-converted-to.pdf, id=450, 498.86375pt x 402.50375pt>
File: figs/igd/f1_igd-eps-converted-to.pdf Graphic file (type pdf)

<use figs/igd/f1_igd-eps-converted-to.pdf>
Package pdftex.def Info: figs/igd/f1_igd-eps-converted-to.pdf used on input lin
e 1304.
(pdftex.def)             Requested size: 150.23398pt x 121.21268pt.
Package epstopdf Info: Source file: <figs/igd/f2_igd.eps>
(epstopdf)                    date: 2016-12-26 02:46:20
(epstopdf)                    size: 12584 bytes
(epstopdf)             Output file: <figs/igd/f2_igd-eps-converted-to.pdf>
(epstopdf)                    date: 2016-12-26 02:46:20
(epstopdf)                    size: 4960 bytes
(epstopdf)             Command: <epstopdf --outfile=figs/igd/f2_igd-eps-convert
ed-to.pdf figs/igd/f2_igd.eps>
(epstopdf)             \includegraphics on input line 1305.
Package epstopdf Info: Output file is already uptodate.

<figs/igd/f2_igd-eps-converted-to.pdf, id=451, 498.86375pt x 402.50375pt>
File: figs/igd/f2_igd-eps-converted-to.pdf Graphic file (type pdf)

<use figs/igd/f2_igd-eps-converted-to.pdf>
Package pdftex.def Info: figs/igd/f2_igd-eps-converted-to.pdf used on input lin
e 1305.
(pdftex.def)             Requested size: 150.23398pt x 121.21268pt.
Package epstopdf Info: Source file: <figs/igd/f3_igd.eps>
(epstopdf)                    date: 2016-12-26 02:46:20
(epstopdf)                    size: 20887 bytes
(epstopdf)             Output file: <figs/igd/f3_igd-eps-converted-to.pdf>
(epstopdf)                    date: 2016-12-26 02:46:20
(epstopdf)                    size: 14157 bytes
(epstopdf)             Command: <epstopdf --outfile=figs/igd/f3_igd-eps-convert
ed-to.pdf figs/igd/f3_igd.eps>
(epstopdf)             \includegraphics on input line 1306.
Package epstopdf Info: Output file is already uptodate.

<figs/igd/f3_igd-eps-converted-to.pdf, id=452, 500.87125pt x 402.50375pt>
File: figs/igd/f3_igd-eps-converted-to.pdf Graphic file (type pdf)

<use figs/igd/f3_igd-eps-converted-to.pdf>
Package pdftex.def Info: figs/igd/f3_igd-eps-converted-to.pdf used on input lin
e 1306.
(pdftex.def)             Requested size: 150.23398pt x 120.72748pt.
Package epstopdf Info: Source file: <figs/igd/f4_igd.eps>
(epstopdf)                    date: 2016-12-26 02:46:20
(epstopdf)                    size: 13706 bytes
(epstopdf)             Output file: <figs/igd/f4_igd-eps-converted-to.pdf>
(epstopdf)                    date: 2016-12-26 02:46:20
(epstopdf)                    size: 5856 bytes
(epstopdf)             Command: <epstopdf --outfile=figs/igd/f4_igd-eps-convert
ed-to.pdf figs/igd/f4_igd.eps>
(epstopdf)             \includegraphics on input line 1307.
Package epstopdf Info: Output file is already uptodate.

<figs/igd/f4_igd-eps-converted-to.pdf, id=453, 498.86375pt x 402.50375pt>
File: figs/igd/f4_igd-eps-converted-to.pdf Graphic file (type pdf)

<use figs/igd/f4_igd-eps-converted-to.pdf>
Package pdftex.def Info: figs/igd/f4_igd-eps-converted-to.pdf used on input lin
e 1307.
(pdftex.def)             Requested size: 150.23398pt x 121.21268pt.
Package epstopdf Info: Source file: <figs/igd/f5_igd.eps>
(epstopdf)                    date: 2016-12-26 02:46:20
(epstopdf)                    size: 12583 bytes
(epstopdf)             Output file: <figs/igd/f5_igd-eps-converted-to.pdf>
(epstopdf)                    date: 2016-12-26 02:46:20
(epstopdf)                    size: 4969 bytes
(epstopdf)             Command: <epstopdf --outfile=figs/igd/f5_igd-eps-convert
ed-to.pdf figs/igd/f5_igd.eps>
(epstopdf)             \includegraphics on input line 1308.
Package epstopdf Info: Output file is already uptodate.

<figs/igd/f5_igd-eps-converted-to.pdf, id=454, 498.86375pt x 402.50375pt>
File: figs/igd/f5_igd-eps-converted-to.pdf Graphic file (type pdf)

<use figs/igd/f5_igd-eps-converted-to.pdf>
Package pdftex.def Info: figs/igd/f5_igd-eps-converted-to.pdf used on input lin
e 1308.
(pdftex.def)             Requested size: 150.23398pt x 121.21268pt.
Package epstopdf Info: Source file: <figs/igd/f6_igd.eps>
(epstopdf)                    date: 2016-12-26 02:46:20
(epstopdf)                    size: 12603 bytes
(epstopdf)             Output file: <figs/igd/f6_igd-eps-converted-to.pdf>
(epstopdf)                    date: 2016-12-26 02:46:20
(epstopdf)                    size: 4957 bytes
(epstopdf)             Command: <epstopdf --outfile=figs/igd/f6_igd-eps-convert
ed-to.pdf figs/igd/f6_igd.eps>
(epstopdf)             \includegraphics on input line 1309.
Package epstopdf Info: Output file is already uptodate.

<figs/igd/f6_igd-eps-converted-to.pdf, id=455, 498.86375pt x 402.50375pt>
File: figs/igd/f6_igd-eps-converted-to.pdf Graphic file (type pdf)

<use figs/igd/f6_igd-eps-converted-to.pdf>
Package pdftex.def Info: figs/igd/f6_igd-eps-converted-to.pdf used on input lin
e 1309.
(pdftex.def)             Requested size: 150.23398pt x 121.21268pt.
Package epstopdf Info: Source file: <figs/igd/f7_igd.eps>
(epstopdf)                    date: 2016-12-26 02:46:20
(epstopdf)                    size: 18939 bytes
(epstopdf)             Output file: <figs/igd/f7_igd-eps-converted-to.pdf>
(epstopdf)                    date: 2016-12-26 02:46:20
(epstopdf)                    size: 11950 bytes
(epstopdf)             Command: <epstopdf --outfile=figs/igd/f7_igd-eps-convert
ed-to.pdf figs/igd/f7_igd.eps>
(epstopdf)             \includegraphics on input line 1310.
Package epstopdf Info: Output file is already uptodate.

<figs/igd/f7_igd-eps-converted-to.pdf, id=456, 500.87125pt x 402.50375pt>
File: figs/igd/f7_igd-eps-converted-to.pdf Graphic file (type pdf)

<use figs/igd/f7_igd-eps-converted-to.pdf>
Package pdftex.def Info: figs/igd/f7_igd-eps-converted-to.pdf used on input lin
e 1310.
(pdftex.def)             Requested size: 150.23398pt x 120.72748pt.
Package epstopdf Info: Source file: <figs/igd/f8_igd.eps>
(epstopdf)                    date: 2016-12-26 02:46:20
(epstopdf)                    size: 13669 bytes
(epstopdf)             Output file: <figs/igd/f8_igd-eps-converted-to.pdf>
(epstopdf)                    date: 2016-12-26 02:46:20
(epstopdf)                    size: 5921 bytes
(epstopdf)             Command: <epstopdf --outfile=figs/igd/f8_igd-eps-convert
ed-to.pdf figs/igd/f8_igd.eps>
(epstopdf)             \includegraphics on input line 1311.
Package epstopdf Info: Output file is already uptodate.

<figs/igd/f8_igd-eps-converted-to.pdf, id=457, 498.86375pt x 402.50375pt>
File: figs/igd/f8_igd-eps-converted-to.pdf Graphic file (type pdf)

<use figs/igd/f8_igd-eps-converted-to.pdf>
Package pdftex.def Info: figs/igd/f8_igd-eps-converted-to.pdf used on input lin
e 1311.
(pdftex.def)             Requested size: 150.23398pt x 121.21268pt.
Package epstopdf Info: Source file: <figs/igd/f9_igd.eps>
(epstopdf)                    date: 2016-12-26 02:46:20
(epstopdf)                    size: 21349 bytes
(epstopdf)             Output file: <figs/igd/f9_igd-eps-converted-to.pdf>
(epstopdf)                    date: 2016-12-26 02:46:20
(epstopdf)                    size: 11533 bytes
(epstopdf)             Command: <epstopdf --outfile=figs/igd/f9_igd-eps-convert
ed-to.pdf figs/igd/f9_igd.eps>
(epstopdf)             \includegraphics on input line 1312.
Package epstopdf Info: Output file is already uptodate.

<figs/igd/f9_igd-eps-converted-to.pdf, id=458, 500.87125pt x 402.50375pt>
File: figs/igd/f9_igd-eps-converted-to.pdf Graphic file (type pdf)

<use figs/igd/f9_igd-eps-converted-to.pdf>
Package pdftex.def Info: figs/igd/f9_igd-eps-converted-to.pdf used on input lin
e 1312.
(pdftex.def)             Requested size: 150.23398pt x 120.72748pt.
Package epstopdf Info: Source file: <figs/igd/f10_igd.eps>
(epstopdf)                    date: 2016-12-26 02:46:20
(epstopdf)                    size: 19356 bytes
(epstopdf)             Output file: <figs/igd/f10_igd-eps-converted-to.pdf>
(epstopdf)                    date: 2016-12-26 02:46:20
(epstopdf)                    size: 9010 bytes
(epstopdf)             Command: <epstopdf --outfile=figs/igd/f10_igd-eps-conver
ted-to.pdf figs/igd/f10_igd.eps>
(epstopdf)             \includegraphics on input line 1313.
Package epstopdf Info: Output file is already uptodate.

<figs/igd/f10_igd-eps-converted-to.pdf, id=459, 496.85625pt x 402.50375pt>
File: figs/igd/f10_igd-eps-converted-to.pdf Graphic file (type pdf)

<use figs/igd/f10_igd-eps-converted-to.pdf>
Package pdftex.def Info: figs/igd/f10_igd-eps-converted-to.pdf used on input li
ne 1313.
(pdftex.def)             Requested size: 150.23398pt x 121.70401pt.
 [39 <C:/Users/neal1/project/graduation/figs/figure/f_performance-eps-converted
-to.pdf>] [40 <C:/Users/neal1/project/graduation/figs/igd/f1_igd-eps-converted-
to.pdf> <C:/Users/neal1/project/graduation/figs/igd/f2_igd-eps-converted-to.pdf
> <C:/Users/neal1/project/graduation/figs/igd/f3_igd-eps-converted-to.pdf> <C:/
Users/neal1/project/graduation/figs/igd/f4_igd-eps-converted-to.pdf> <C:/Users/
neal1/project/graduation/figs/igd/f5_igd-eps-converted-to.pdf> <C:/Users/neal1/
project/graduation/figs/igd/f6_igd-eps-converted-to.pdf> <C:/Users/neal1/projec
t/graduation/figs/igd/f7_igd-eps-converted-to.pdf> <C:/Users/neal1/project/grad
uation/figs/igd/f8_igd-eps-converted-to.pdf> <C:/Users/neal1/project/graduation
/figs/igd/f9_igd-eps-converted-to.pdf> <C:/Users/neal1/project/graduation/figs/
igd/f10_igd-eps-converted-to.pdf>]
[41] [42] [43] (C:\Users\neal1\project\graduation\ç›²å®¡è®ºæ–‡.bbl [44]
[45] [46]<<c1929.cmap>> [47] [48] [49] [50] [51] [52]) [53]<<c1984.cmap>>
[54] [55] (C:\Users\neal1\project\graduation\ç›²å®¡è®ºæ–‡.aux)

LaTeX Font Warning: Size substitutions with differences
(Font)              up to 1.35pt have occurred.


LaTeX Font Warning: Some font shapes were not available, defaults substituted.

 ) 
Here is how much of TeX's memory you used:
 20291 strings out of 495354
 337038 string characters out of 3183858
 382275 words of memory out of 3000000
 22455 multiletter control sequences out of 15000+200000
 106536 words of font info for 350 fonts, out of 3000000 for 9000
 14 hyphenation exceptions out of 8191
 56i,18n,55p,1520b,968s stack positions out of 5000i,500n,10000p,200000b,50000s
<C:/CTEX/CTeX/fonts/truetype/chinese/simsun.ttf><C:/CTEX/CTeX/fonts/truetype/
chinese/simsun.ttf><C:/CTEX/CTeX/fonts/truetype/chinese/simsun.ttf>{C:/CTEX/MiK
TeX/fonts/enc/dvips/cm-super/cm-super-t1.enc}<C:/CTEX/CTeX/fonts/truetype/chine
se/simsun.ttf><C:/CTEX/CTeX/fonts/truetype/chinese/simsun.ttf><C:/CTEX/CTeX/fon
ts/truetype/chinese/simsun.ttf><C:/CTEX/CTeX/fonts/truetype/chinese/simsun.ttf>
<C:/CTEX/CTeX/fonts/truetype/chinese/simsun.ttf><C:/CTEX/CTeX/fonts/truetype/ch
inese/simsun.ttf><C:/CTEX/CTeX/fonts/truetype/chinese/simsun.ttf><C:/CTEX/CTeX/
fonts/truetype/chinese/simsun.ttf><C:/CTEX/CTeX/fonts/truetype/chinese/simsun.t
tf><C:/CTEX/CTeX/fonts/truetype/chinese/simsun.ttf><C:/CTEX/CTeX/fonts/truetype
/chinese/simsun.ttf><C:/CTEX/CTeX/fonts/truetype/chinese/simsun.ttf><C:/CTEX/CT
eX/fonts/truetype/chinese/simsun.ttf><C:/CTEX/CTeX/fonts/truetype/chinese/simsu
n.ttf><C:/CTEX/CTeX/fonts/truetype/chinese/simsun.ttf><C:/CTEX/CTeX/fonts/truet
ype/chinese/simsun.ttf><C:/CTEX/CTeX/fonts/truetype/chinese/simsun.ttf><C:/CTEX
/CTeX/fonts/truetype/chinese/simsun.ttf><C:/CTEX/CTeX/fonts/truetype/chinese/si
msun.ttf><C:/CTEX/CTeX/fonts/truetype/chinese/simsun.ttf><C:/CTEX/CTeX/fonts/tr
uetype/chinese/simsun.ttf><C:/CTEX/CTeX/fonts/truetype/chinese/simsun.ttf><C:/C
TEX/CTeX/fonts/truetype/chinese/simsun.ttf><C:/CTEX/CTeX/fonts/truetype/chinese
/simsun.ttf><C:/CTEX/CTeX/fonts/truetype/chinese/simsun.ttf><C:/Windows/Fonts/s
imhei.ttf><C:/Windows/Fonts/simhei.ttf><C:/CTEX/CTeX/fonts/truetype/chinese/sim
sun.ttf><C:/CTEX/CTeX/fonts/truetype/chinese/simsun.ttf><C:/CTEX/CTeX/fonts/tru
etype/chinese/simsun.ttf><C:/CTEX/CTeX/fonts/truetype/chinese/simsun.ttf><C:/Wi
ndows/Fonts/simhei.ttf><C:/Windows/Fonts/simhei.ttf><C:/Windows/Fonts/simhei.tt
f><C:/Windows/Fonts/simhei.ttf><C:/Windows/Fonts/simhei.ttf><C:/Windows/Fonts/s
imhei.ttf><C:/Windows/Fonts/simhei.ttf><C:/Windows/Fonts/simhei.ttf><C:/Windows
/Fonts/simhei.ttf><C:/Windows/Fonts/simhei.ttf><C:/Windows/Fonts/simhei.ttf><C:
/Windows/Fonts/simhei.ttf><C:/Windows/Fonts/simhei.ttf><C:/Windows/Fonts/simhei
.ttf><C:/Windows/Fonts/simhei.ttf><C:/Windows/Fonts/simhei.ttf><C:/Windows/Font
s/simhei.ttf><C:/Windows/Fonts/simhei.ttf><C:/Windows/Fonts/simhei.ttf><C:/Wind
ows/Fonts/simhei.ttf><C:/Windows/Fonts/simhei.ttf><C:/Windows/Fonts/simhei.ttf>
<C:/Windows/Fonts/simhei.ttf><C:/Windows/Fonts/simhei.ttf><C:/Windows/Fonts/sim
hei.ttf><C:/Windows/Fonts/simhei.ttf><C:/CTEX/CTeX/fonts/truetype/chinese/simsu
n.ttf><C:/CTEX/CTeX/fonts/truetype/chinese/simsun.ttf><C:/CTEX/CTeX/fonts/truet
ype/chinese/simsun.ttf><C:/CTEX/CTeX/fonts/truetype/chinese/simsun.ttf><C:/CTEX
/CTeX/fonts/truetype/chinese/simsun.ttf><C:/CTEX/CTeX/fonts/truetype/chinese/si
msun.ttf><C:/CTEX/CTeX/fonts/truetype/chinese/simsun.ttf><C:/CTEX/CTeX/fonts/tr
uetype/chinese/simsun.ttf><C:/CTEX/CTeX/fonts/truetype/chinese/simsun.ttf><C:/C
TEX/CTeX/fonts/truetype/chinese/simsun.ttf><C:/CTEX/CTeX/fonts/truetype/chinese
/simsun.ttf><C:/CTEX/CTeX/fonts/truetype/chinese/simsun.ttf><C:/CTEX/MiKTeX/fon
ts/type1/public/amsfonts/cm/cmex10.pfb><C:/CTEX/MiKTeX/fonts/type1/public/amsfo
nts/cm/cmmi10.pfb><C:/CTEX/MiKTeX/fonts/type1/public/amsfonts/cm/cmmi12.pfb><C:
/CTEX/MiKTeX/fonts/type1/public/amsfonts/cm/cmmi6.pfb><C:/CTEX/MiKTeX/fonts/typ
e1/public/amsfonts/cm/cmmi8.pfb><C:/CTEX/MiKTeX/fonts/type1/public/amsfonts/cm/
cmr10.pfb><C:/CTEX/MiKTeX/fonts/type1/public/amsfonts/cm/cmr12.pfb><C:/CTEX/MiK
TeX/fonts/type1/public/amsfonts/cm/cmr6.pfb><C:/CTEX/MiKTeX/fonts/type1/public/
amsfonts/cm/cmr8.pfb><C:/CTEX/MiKTeX/fonts/type1/public/amsfonts/cm/cmsy10.pfb>
<C:/CTEX/MiKTeX/fonts/type1/public/amsfonts/cm/cmsy6.pfb><C:/CTEX/MiKTeX/fonts/
type1/public/amsfonts/cm/cmsy8.pfb><C:/CTEX/MiKTeX/fonts/type1/public/cm-super/
sfbx0800.pfb><C:/CTEX/MiKTeX/fonts/type1/public/cm-super/sfbx1095.pfb><C:/CTEX/
MiKTeX/fonts/type1/public/cm-super/sfbx1200.pfb><C:/CTEX/MiKTeX/fonts/type1/pub
lic/cm-super/sfbx1440.pfb><C:/CTEX/MiKTeX/fonts/type1/public/cm-super/sfbx1728.
pfb><C:/CTEX/MiKTeX/fonts/type1/public/cm-super/sfbx2074.pfb><C:/CTEX/MiKTeX/fo
nts/type1/public/cm-super/sfbx2488.pfb><C:/CTEX/MiKTeX/fonts/type1/public/cm-su
per/sfrm0800.pfb><C:/CTEX/MiKTeX/fonts/type1/public/cm-super/sfrm1000.pfb><C:/C
TEX/MiKTeX/fonts/type1/public/cm-super/sfrm1095.pfb><C:/CTEX/MiKTeX/fonts/type1
/public/cm-super/sfrm1200.pfb><C:/CTEX/MiKTeX/fonts/type1/public/cm-super/sfrm1
440.pfb><C:/CTEX/MiKTeX/fonts/type1/public/cm-super/sfrm2074.pfb><C:/CTEX/MiKTe
X/fonts/type1/public/cm-super/sfti1200.pfb>
Output written on ç›²å®¡è®ºæ–‡.pdf (64 pages, 1481672 bytes).
PDF statistics:
 861 PDF objects out of 1000 (max. 8388607)
 0 named destinations out of 1000 (max. 500000)
 413 words of extra memory for PDF output out of 10000 (max. 10000000)

